<?xml version="1.0" encoding="UTF-8"?>
<!-- Generated by org.testng.reporters.JUnitXMLReporter -->
<testsuite hostname="comp-Lenovo-V110-15ISK" name="blacklist" tests="29" failures="3" timestamp="30 Nov 2020 13:28:48 GMT" time="199.372" errors="0">
  <testcase name="DeleteBlacklistedNumberAtCompanyLevelAddedByAgencyAdmin" time="19.463" classname="blacklist.DeleteBlacklistedNumbers"/>
  <testcase name="DeleteBlacklistedNumberAtLocationLevelAddedByAgencyAdmin" time="14.048" classname="blacklist.DeleteBlacklistedNumbers"/>
  <testcase name="DeleteBlacklistedNumberAtLocationLevelAddedByCompanyAdmin" time="11.345" classname="blacklist.DeleteBlacklistedNumbers"/>
  <testcase name="DeleteBlacklistedNumberAgencyAdmin" time="12.591" classname="blacklist.DeleteBlacklistedNumbers"/>
  <testcase name="DeleteBlacklistedNumberForAlreadyDeletedNumber" time="17.256" classname="blacklist.DeleteBlacklistedNumbers"/>
  <testcase name="DeleteBlacklistedNumberForMultipleNumbers" time="16.007" classname="blacklist.DeleteBlacklistedNumbers"/>
  <testcase name="DeleteBlacklistedNumberForDuplicateNumbers" time="6.245" classname="blacklist.DeleteBlacklistedNumbers"/>
  <testcase name="DeleteBlacklistedNumberFor10DigitNumbers" time="3.428" classname="blacklist.DeleteBlacklistedNumbers">
    <failure type="java.lang.AssertionError" message="api did not retun success expected [true] but found [false]">
      <![CDATA[java.lang.AssertionError: api did not retun success expected [true] but found [false]
	at blacklist.DeleteBlacklistedNumbers.DeleteBlacklistedNumberFor10DigitNumbers(DeleteBlacklistedNumbers.java:458)
... Removed 27 stack frames]]>
    </failure>
  </testcase> <!-- DeleteBlacklistedNumberFor10DigitNumbers -->
  <testcase name="DeleteBlacklistedNumberForStatusCodeVerification" time="6.691" classname="blacklist.DeleteBlacklistedNumbers"/>
  <testcase name="DeleteBlacklistedNumberAtCompanyLevelAddedByLocationAdmin" time="3.517" classname="blacklist.DeleteBlacklistedNumbers"/>
  <testcase name="DeleteBlacklistedNumberAtAgencyLevelAddedByLocationAdmin" time="4.556" classname="blacklist.DeleteBlacklistedNumbers"/>
  <testcase name="DeleteBlacklistedNumberAtAgencyLevelAddedByCompanyAdmin" time="3.474" classname="blacklist.DeleteBlacklistedNumbers"/>
  <testcase name="DeleteBlacklistedNumberDBVerificationForAgencyAdmin" time="5.147" classname="blacklist.DeleteBlacklistedNumbers"/>
  <testcase name="DeleteBlacklistedNumberWithNumberBlank" time="2.783" classname="blacklist.DeleteBlacklistedNumbers"/>
  <testcase name="DeleteBlacklistedNumberWithMultipleNumbersContainingOneincorrectNumber" time="2.81" classname="blacklist.DeleteBlacklistedNumbers"/>
  <testcase name="DeleteBlacklistedNumberWithNumberLessThan10Digit" time="1.285" classname="blacklist.DeleteBlacklistedNumbers"/>
  <testcase name="DeleteBlacklistedNumberWithNumberStartingFrom0" time="1.302" classname="blacklist.DeleteBlacklistedNumbers"/>
  <testcase name="DeleteBlacklistedNumberWithNumberMoreThan10Digit" time="1.455" classname="blacklist.DeleteBlacklistedNumbers"/>
  <testcase name="DeleteBlacklistedNumberWithNumberHavingAplhabet" time="1.513" classname="blacklist.DeleteBlacklistedNumbers"/>
  <testcase name="DeleteBlacklistedNumberWithNumberNull" time="1.53" classname="blacklist.DeleteBlacklistedNumbers"/>
  <testcase name="DeleteBlacklistedNumberDBVerificationForCompanyAdmin" time="4.551" classname="blacklist.DeleteBlacklistedNumbers"/>
  <testcase name="DeleteBlacklistedNumberDBVerificationForLocationAdmin" time="4.6" classname="blacklist.DeleteBlacklistedNumbers"/>
  <testcase name="DeleteBlacklistedNumberWithIncorrectParameterName" time="2.621" classname="blacklist.DeleteBlacklistedNumbers"/>
  <testcase name="DeleteBlacklistedNumberByLocationAdminAddedByCompanyAdmin" time="11.762" classname="blacklist.DeleteBlacklistedNumbers">
    <failure type="java.lang.ClassCastException" message="java.lang.String cannot be cast to org.json.simple.JSONArray">
      <![CDATA[java.lang.ClassCastException: java.lang.String cannot be cast to org.json.simple.JSONArray
	at blacklist.DeleteBlacklistedNumbers.DeleteBlacklistedNumberByLocationAdminAddedByCompanyAdmin(DeleteBlacklistedNumbers.java:1263)
... Removed 24 stack frames]]>
    </failure>
  </testcase> <!-- DeleteBlacklistedNumberByLocationAdminAddedByCompanyAdmin -->
  <testcase name="DeleteBlacklistedNumberByLocationAdminAddedByAgencyAdmin" time="9.248" classname="blacklist.DeleteBlacklistedNumbers">
    <failure type="java.lang.ClassCastException" message="java.lang.String cannot be cast to org.json.simple.JSONArray">
      <![CDATA[java.lang.ClassCastException: java.lang.String cannot be cast to org.json.simple.JSONArray
	at blacklist.DeleteBlacklistedNumbers.DeleteBlacklistedNumberByLocationAdminAddedByAgencyAdmin(DeleteBlacklistedNumbers.java:1365)
... Removed 24 stack frames]]>
    </failure>
  </testcase> <!-- DeleteBlacklistedNumberByLocationAdminAddedByAgencyAdmin -->
  <testcase name="DeleteBlacklistedNumberWithoutPayload" time="5.538" classname="blacklist.DeleteBlacklistedNumbers"/>
  <testcase name="DeleteBlacklistedNumberIncorrectURL" time="5.471" classname="blacklist.DeleteBlacklistedNumbers"/>
  <testcase name="DeleteBlacklistedNumberByAgencyAdmin" time="8.23" classname="blacklist.DeleteBlacklistedNumbers"/>
  <testcase name="DeleteBlacklistedNumberByCompanyAdmin" time="8.109" classname="blacklist.DeleteBlacklistedNumbers"/>
</testsuite> <!-- blacklist -->
