<?xml version="1.0" encoding="UTF-8"?>
<!-- Generated by org.testng.reporters.JUnitXMLReporter -->
<testsuite hostname="comp-Lenovo-V110-15ISK" name="misc" tests="72" failures="59" timestamp="8 Dec 2020 11:25:29 GMT" time="134.338" errors="0">
  <testcase name="post_group_without_access_token" time="2.001" classname="group.PostGroup"/>
  <testcase name="post_group_with_invalid_access_token" time="1.278" classname="group.PostGroup"/>
  <testcase name="post_group_with_expired_access_token" time="1.723" classname="group.PostGroup"/>
  <testcase name="post_group_without_any_parameter" time="2.21" classname="group.PostGroup">
    <failure type="org.json.simple.parser.ParseException">
      <![CDATA[Unexpected character (<) at position 0.
	at org.json.simple.parser.Yylex.yylex(Yylex.java:610)
	at org.json.simple.parser.JSONParser.nextToken(JSONParser.java:269)
	at org.json.simple.parser.JSONParser.parse(JSONParser.java:118)
	at org.json.simple.parser.JSONParser.parse(JSONParser.java:81)
	at org.json.simple.parser.JSONParser.parse(JSONParser.java:75)
	at group.PostGroup.post_group_without_any_parameter(PostGroup.java:120)
... Removed 24 stack frames]]>
    </failure>
  </testcase> <!-- post_group_without_any_parameter -->
  <testcase name="post_group_with_valid_access_token" time="2.535" classname="group.PostGroup">
    <failure type="java.lang.ClassCastException" message="org.json.simple.JSONObject cannot be cast to org.json.simple.JSONArray">
      <![CDATA[java.lang.ClassCastException: org.json.simple.JSONObject cannot be cast to org.json.simple.JSONArray
	at group.PostGroup.post_group_with_valid_access_token(PostGroup.java:158)
... Removed 24 stack frames]]>
    </failure>
  </testcase> <!-- post_group_with_valid_access_token -->
  <testcase name="create_group_without_passing_group_id" time="2.038" classname="group.PostGroup">
    <failure type="java.lang.ClassCastException" message="org.json.simple.JSONObject cannot be cast to org.json.simple.JSONArray">
      <![CDATA[java.lang.ClassCastException: org.json.simple.JSONObject cannot be cast to org.json.simple.JSONArray
	at group.PostGroup.create_group_without_passing_group_id(PostGroup.java:197)
... Removed 24 stack frames]]>
    </failure>
  </testcase> <!-- create_group_without_passing_group_id -->
  <testcase name="create_group_without_passing_group_name" time="1.411" classname="group.PostGroup"/>
  <testcase name="create_group_with_blank_group_name" time="1.271" classname="group.PostGroup">
    <failure type="java.lang.ClassCastException" message="org.json.simple.JSONObject cannot be cast to org.json.simple.JSONArray">
      <![CDATA[java.lang.ClassCastException: org.json.simple.JSONObject cannot be cast to org.json.simple.JSONArray
	at group.PostGroup.create_group_with_blank_group_name(PostGroup.java:297)
... Removed 24 stack frames]]>
    </failure>
  </testcase> <!-- create_group_with_blank_group_name -->
  <testcase name="create_group_with_valid_group_name" time="1.85" classname="group.PostGroup">
    <failure type="java.lang.ClassCastException" message="org.json.simple.JSONObject cannot be cast to org.json.simple.JSONArray">
      <![CDATA[java.lang.ClassCastException: org.json.simple.JSONObject cannot be cast to org.json.simple.JSONArray
	at group.PostGroup.create_group_with_valid_group_name(PostGroup.java:330)
... Removed 24 stack frames]]>
    </failure>
  </testcase> <!-- create_group_with_valid_group_name -->
  <testcase name="create_group_with_long_group_name" time="1.969" classname="group.PostGroup">
    <failure type="java.lang.ClassCastException" message="org.json.simple.JSONObject cannot be cast to org.json.simple.JSONArray">
      <![CDATA[java.lang.ClassCastException: org.json.simple.JSONObject cannot be cast to org.json.simple.JSONArray
	at group.PostGroup.create_group_with_long_group_name(PostGroup.java:368)
... Removed 24 stack frames]]>
    </failure>
  </testcase> <!-- create_group_with_long_group_name -->
  <testcase name="create_group_without_group_ext_id" time="2.195" classname="group.PostGroup">
    <failure type="java.lang.ClassCastException" message="org.json.simple.JSONObject cannot be cast to org.json.simple.JSONArray">
      <![CDATA[java.lang.ClassCastException: org.json.simple.JSONObject cannot be cast to org.json.simple.JSONArray
	at group.PostGroup.create_group_without_group_ext_id(PostGroup.java:406)
... Removed 24 stack frames]]>
    </failure>
  </testcase> <!-- create_group_without_group_ext_id -->
  <testcase name="create_group_with_blank_group_ext_id" time="1.21" classname="group.PostGroup">
    <failure type="java.lang.ClassCastException" message="org.json.simple.JSONObject cannot be cast to org.json.simple.JSONArray">
      <![CDATA[java.lang.ClassCastException: org.json.simple.JSONObject cannot be cast to org.json.simple.JSONArray
	at group.PostGroup.create_group_with_blank_group_ext_id(PostGroup.java:445)
... Removed 24 stack frames]]>
    </failure>
  </testcase> <!-- create_group_with_blank_group_ext_id -->
  <testcase name="create_group_with_valid_group_ext_id" time="1.288" classname="group.PostGroup">
    <failure type="java.lang.ClassCastException" message="org.json.simple.JSONObject cannot be cast to org.json.simple.JSONArray">
      <![CDATA[java.lang.ClassCastException: org.json.simple.JSONObject cannot be cast to org.json.simple.JSONArray
	at group.PostGroup.create_group_with_valid_group_ext_id(PostGroup.java:487)
... Removed 24 stack frames]]>
    </failure>
  </testcase> <!-- create_group_with_valid_group_ext_id -->
  <testcase name="create_group_with_duplicate_group_ext_id" time="3.04" classname="group.PostGroup">
    <failure type="java.lang.ClassCastException" message="org.json.simple.JSONObject cannot be cast to org.json.simple.JSONArray">
      <![CDATA[java.lang.ClassCastException: org.json.simple.JSONObject cannot be cast to org.json.simple.JSONArray
	at group.PostGroup.create_group_with_duplicate_group_ext_id(PostGroup.java:526)
... Removed 24 stack frames]]>
    </failure>
  </testcase> <!-- create_group_with_duplicate_group_ext_id -->
  <testcase name="create_group_with_64_digits_group_ext_id" time="3.637" classname="group.PostGroup">
    <failure type="java.lang.ClassCastException" message="org.json.simple.JSONObject cannot be cast to org.json.simple.JSONArray">
      <![CDATA[java.lang.ClassCastException: org.json.simple.JSONObject cannot be cast to org.json.simple.JSONArray
	at group.PostGroup.create_group_with_64_digits_group_ext_id(PostGroup.java:568)
... Removed 24 stack frames]]>
    </failure>
  </testcase> <!-- create_group_with_64_digits_group_ext_id -->
  <testcase name="create_group_without_group_parent_id" time="2.427" classname="group.PostGroup">
    <failure type="java.lang.NullPointerException">
      <![CDATA[java.lang.NullPointerException
	at group.PostGroup.create_group_without_group_parent_id(PostGroup.java:609)
... Removed 24 stack frames]]>
    </failure>
  </testcase> <!-- create_group_without_group_parent_id -->
  <testcase name="create_group_with_blank_group_parent_id" time="2.172" classname="group.PostGroup"/>
  <testcase name="create_group_with_invalid_group_parent_id" time="12.788" classname="group.PostGroup"/>
  <testcase name="create_group_with_valid_group_parent_id" time="1.263" classname="group.PostGroup">
    <failure type="java.lang.ClassCastException" message="org.json.simple.JSONObject cannot be cast to org.json.simple.JSONArray">
      <![CDATA[java.lang.ClassCastException: org.json.simple.JSONObject cannot be cast to org.json.simple.JSONArray
	at group.PostGroup.create_group_with_valid_group_parent_id(PostGroup.java:827)
... Removed 24 stack frames]]>
    </failure>
  </testcase> <!-- create_group_with_valid_group_parent_id -->
  <testcase name="create_group_with_non_existing_group_parent_id" time="1.167" classname="group.PostGroup">
    <failure type="java.lang.AssertionError" message="Invalid status code is displayed. Returned Status: 200 OK &amp;lt;b style=&amp;apos;color:red&amp;apos;&amp;gt;Defect Reported: CT-17007&amp;lt;/b&amp;gt; expected [true] but found [false]">
      <![CDATA[java.lang.AssertionError: Invalid status code is displayed. Returned Status: 200 OK <b style='color:red'>Defect Reported: CT-17007</b> expected [true] but found [false]
	at group.PostGroup.create_group_with_non_existing_group_parent_id(PostGroup.java:864)
... Removed 27 stack frames]]>
    </failure>
  </testcase> <!-- create_group_with_non_existing_group_parent_id -->
  <testcase name="create_group_with_unauthorized_group_parent_id" time="0.998" classname="group.PostGroup">
    <failure type="java.lang.AssertionError" message="Invalid status code is displayed. Returned Status: 200 OK &amp;lt;b style=&amp;apos;color:red&amp;apos;&amp;gt;Defect Reported: CT-17007&amp;lt;/b&amp;gt; expected [true] but found [false]">
      <![CDATA[java.lang.AssertionError: Invalid status code is displayed. Returned Status: 200 OK <b style='color:red'>Defect Reported: CT-17007</b> expected [true] but found [false]
	at group.PostGroup.create_group_with_unauthorized_group_parent_id(PostGroup.java:907)
... Removed 27 stack frames]]>
    </failure>
  </testcase> <!-- create_group_with_unauthorized_group_parent_id -->
  <testcase name="create_group_with_location_group_parent_id" time="0.938" classname="group.PostGroup">
    <failure type="java.lang.ClassCastException" message="org.json.simple.JSONObject cannot be cast to org.json.simple.JSONArray">
      <![CDATA[java.lang.ClassCastException: org.json.simple.JSONObject cannot be cast to org.json.simple.JSONArray
	at group.PostGroup.create_group_with_location_group_parent_id(PostGroup.java:955)
... Removed 24 stack frames]]>
    </failure>
  </testcase> <!-- create_group_with_location_group_parent_id -->
  <testcase name="create_group_without_passing_group_status" time="1.062" classname="group.PostGroup">
    <failure type="java.lang.ClassCastException" message="org.json.simple.JSONObject cannot be cast to org.json.simple.JSONArray">
      <![CDATA[java.lang.ClassCastException: org.json.simple.JSONObject cannot be cast to org.json.simple.JSONArray
	at group.PostGroup.create_group_without_passing_group_status(PostGroup.java:996)
... Removed 24 stack frames]]>
    </failure>
  </testcase> <!-- create_group_without_passing_group_status -->
  <testcase name="create_group_with_blank_group_status" time="1.147" classname="group.PostGroup">
    <failure type="java.lang.NullPointerException">
      <![CDATA[java.lang.NullPointerException
	at group.PostGroup.create_group_with_blank_group_status(PostGroup.java:1039)
... Removed 24 stack frames]]>
    </failure>
  </testcase> <!-- create_group_with_blank_group_status -->
  <testcase name="create_group_with_invalid_group_status" time="1.039" classname="group.PostGroup">
    <failure type="java.lang.NullPointerException">
      <![CDATA[java.lang.NullPointerException
	at group.PostGroup.create_group_with_invalid_group_status(PostGroup.java:1105)
... Removed 24 stack frames]]>
    </failure>
  </testcase> <!-- create_group_with_invalid_group_status -->
  <testcase name="create_group_with_deleted_group_status" time="0.915" classname="group.PostGroup">
    <failure type="java.lang.NullPointerException">
      <![CDATA[java.lang.NullPointerException
	at group.PostGroup.create_group_with_deleted_group_status(PostGroup.java:1171)
... Removed 24 stack frames]]>
    </failure>
  </testcase> <!-- create_group_with_deleted_group_status -->
  <testcase name="create_group_with_valid_group_status" time="1.85" classname="group.PostGroup">
    <failure type="java.lang.ClassCastException" message="org.json.simple.JSONObject cannot be cast to org.json.simple.JSONArray">
      <![CDATA[java.lang.ClassCastException: org.json.simple.JSONObject cannot be cast to org.json.simple.JSONArray
	at group.PostGroup.create_group_with_valid_group_status(PostGroup.java:1235)
... Removed 24 stack frames]]>
    </failure>
  </testcase> <!-- create_group_with_valid_group_status -->
  <testcase name="create_group_without_passing_address" time="1.258" classname="group.PostGroup">
    <failure type="java.lang.ClassCastException" message="org.json.simple.JSONObject cannot be cast to org.json.simple.JSONArray">
      <![CDATA[java.lang.ClassCastException: org.json.simple.JSONObject cannot be cast to org.json.simple.JSONArray
	at group.PostGroup.create_group_without_passing_address(PostGroup.java:1277)
... Removed 24 stack frames]]>
    </failure>
  </testcase> <!-- create_group_without_passing_address -->
  <testcase name="create_group_with_blank_address" time="1.07" classname="group.PostGroup">
    <failure type="java.lang.ClassCastException" message="org.json.simple.JSONObject cannot be cast to org.json.simple.JSONArray">
      <![CDATA[java.lang.ClassCastException: org.json.simple.JSONObject cannot be cast to org.json.simple.JSONArray
	at group.PostGroup.create_group_with_blank_address(PostGroup.java:1319)
... Removed 24 stack frames]]>
    </failure>
  </testcase> <!-- create_group_with_blank_address -->
  <testcase name="create_group_with_valid_address" time="0.927" classname="group.PostGroup">
    <failure type="java.lang.ClassCastException" message="org.json.simple.JSONObject cannot be cast to org.json.simple.JSONArray">
      <![CDATA[java.lang.ClassCastException: org.json.simple.JSONObject cannot be cast to org.json.simple.JSONArray
	at group.PostGroup.create_group_with_valid_address(PostGroup.java:1364)
... Removed 24 stack frames]]>
    </failure>
  </testcase> <!-- create_group_with_valid_address -->
  <testcase name="create_group_without_passing_city" time="0.985" classname="group.PostGroup">
    <failure type="java.lang.ClassCastException" message="org.json.simple.JSONObject cannot be cast to org.json.simple.JSONArray">
      <![CDATA[java.lang.ClassCastException: org.json.simple.JSONObject cannot be cast to org.json.simple.JSONArray
	at group.PostGroup.create_group_without_passing_city(PostGroup.java:1406)
... Removed 24 stack frames]]>
    </failure>
  </testcase> <!-- create_group_without_passing_city -->
  <testcase name="create_group_with_blank_city" time="1.257" classname="group.PostGroup">
    <failure type="java.lang.ClassCastException" message="org.json.simple.JSONObject cannot be cast to org.json.simple.JSONArray">
      <![CDATA[java.lang.ClassCastException: org.json.simple.JSONObject cannot be cast to org.json.simple.JSONArray
	at group.PostGroup.create_group_with_blank_city(PostGroup.java:1448)
... Removed 24 stack frames]]>
    </failure>
  </testcase> <!-- create_group_with_blank_city -->
  <testcase name="create_group_with_valid_city" time="0.95" classname="group.PostGroup">
    <failure type="java.lang.ClassCastException" message="org.json.simple.JSONObject cannot be cast to org.json.simple.JSONArray">
      <![CDATA[java.lang.ClassCastException: org.json.simple.JSONObject cannot be cast to org.json.simple.JSONArray
	at group.PostGroup.create_group_with_valid_city(PostGroup.java:1493)
... Removed 24 stack frames]]>
    </failure>
  </testcase> <!-- create_group_with_valid_city -->
  <testcase name="create_group_without_passing_state" time="1.047" classname="group.PostGroup">
    <failure type="java.lang.ClassCastException" message="org.json.simple.JSONObject cannot be cast to org.json.simple.JSONArray">
      <![CDATA[java.lang.ClassCastException: org.json.simple.JSONObject cannot be cast to org.json.simple.JSONArray
	at group.PostGroup.create_group_without_passing_state(PostGroup.java:1535)
... Removed 24 stack frames]]>
    </failure>
  </testcase> <!-- create_group_without_passing_state -->
  <testcase name="create_group_with_blank_state" time="0.952" classname="group.PostGroup"/>
  <testcase name="create_group_with_3_or_more_char_state" time="2.006" classname="group.PostGroup"/>
  <testcase name="create_group_with_invalid_state" time="0.985" classname="group.PostGroup">
    <failure type="java.lang.ClassCastException" message="org.json.simple.JSONObject cannot be cast to org.json.simple.JSONArray">
      <![CDATA[java.lang.ClassCastException: org.json.simple.JSONObject cannot be cast to org.json.simple.JSONArray
	at group.PostGroup.create_group_with_invalid_state(PostGroup.java:1716)
... Removed 24 stack frames]]>
    </failure>
  </testcase> <!-- create_group_with_invalid_state -->
  <testcase name="create_group_with_valid_state" time="2.138" classname="group.PostGroup">
    <failure type="java.lang.ClassCastException" message="org.json.simple.JSONObject cannot be cast to org.json.simple.JSONArray">
      <![CDATA[java.lang.ClassCastException: org.json.simple.JSONObject cannot be cast to org.json.simple.JSONArray
	at group.PostGroup.create_group_with_valid_state(PostGroup.java:1759)
... Removed 24 stack frames]]>
    </failure>
  </testcase> <!-- create_group_with_valid_state -->
  <testcase name="create_group_without_zip" time="1.123" classname="group.PostGroup">
    <failure type="java.lang.ClassCastException" message="org.json.simple.JSONObject cannot be cast to org.json.simple.JSONArray">
      <![CDATA[java.lang.ClassCastException: org.json.simple.JSONObject cannot be cast to org.json.simple.JSONArray
	at group.PostGroup.create_group_without_zip(PostGroup.java:1800)
... Removed 24 stack frames]]>
    </failure>
  </testcase> <!-- create_group_without_zip -->
  <testcase name="create_group_with_blank_zip" time="1.488" classname="group.PostGroup">
    <failure type="java.lang.ClassCastException" message="org.json.simple.JSONObject cannot be cast to org.json.simple.JSONArray">
      <![CDATA[java.lang.ClassCastException: org.json.simple.JSONObject cannot be cast to org.json.simple.JSONArray
	at group.PostGroup.create_group_with_blank_zip(PostGroup.java:1842)
... Removed 24 stack frames]]>
    </failure>
  </testcase> <!-- create_group_with_blank_zip -->
  <testcase name="create_group_with_invalid_zip" time="1.494" classname="group.PostGroup">
    <failure type="java.lang.ClassCastException" message="org.json.simple.JSONObject cannot be cast to org.json.simple.JSONArray">
      <![CDATA[java.lang.ClassCastException: org.json.simple.JSONObject cannot be cast to org.json.simple.JSONArray
	at group.PostGroup.create_group_with_invalid_zip(PostGroup.java:1886)
... Removed 24 stack frames]]>
    </failure>
  </testcase> <!-- create_group_with_invalid_zip -->
  <testcase name="create_group_with_more_or_less_than_5_digits_zip" time="1.678" classname="group.PostGroup">
    <failure type="java.lang.ClassCastException" message="org.json.simple.JSONObject cannot be cast to org.json.simple.JSONArray">
      <![CDATA[java.lang.ClassCastException: org.json.simple.JSONObject cannot be cast to org.json.simple.JSONArray
	at group.PostGroup.create_group_with_more_or_less_than_5_digits_zip(PostGroup.java:1924)
... Removed 24 stack frames]]>
    </failure>
  </testcase> <!-- create_group_with_more_or_less_than_5_digits_zip -->
  <testcase name="create_group_with_valid_zip" time="2.84" classname="group.PostGroup">
    <failure type="java.lang.ClassCastException" message="org.json.simple.JSONObject cannot be cast to org.json.simple.JSONArray">
      <![CDATA[java.lang.ClassCastException: org.json.simple.JSONObject cannot be cast to org.json.simple.JSONArray
	at group.PostGroup.create_group_with_valid_zip(PostGroup.java:1962)
... Removed 24 stack frames]]>
    </failure>
  </testcase> <!-- create_group_with_valid_zip -->
  <testcase name="create_group_without_phone_number" time="1.763" classname="group.PostGroup">
    <failure type="java.lang.ClassCastException" message="org.json.simple.JSONObject cannot be cast to org.json.simple.JSONArray">
      <![CDATA[java.lang.ClassCastException: org.json.simple.JSONObject cannot be cast to org.json.simple.JSONArray
	at group.PostGroup.create_group_without_phone_number(PostGroup.java:2003)
... Removed 24 stack frames]]>
    </failure>
  </testcase> <!-- create_group_without_phone_number -->
  <testcase name="create_group_with_blank_phone_number" time="0.949" classname="group.PostGroup"/>
  <testcase name="create_group_with_invalid_phone_number" time="1.034" classname="group.PostGroup">
    <failure type="java.lang.ClassCastException" message="org.json.simple.JSONObject cannot be cast to org.json.simple.JSONArray">
      <![CDATA[java.lang.ClassCastException: org.json.simple.JSONObject cannot be cast to org.json.simple.JSONArray
	at group.PostGroup.create_group_with_invalid_phone_number(PostGroup.java:2114)
... Removed 24 stack frames]]>
    </failure>
  </testcase> <!-- create_group_with_invalid_phone_number -->
  <testcase name="create_group_with_less_or_more_10_dig_phone_number" time="3.237" classname="group.PostGroup"/>
  <testcase name="create_group_with_valid_phone_number" time="1.078" classname="group.PostGroup">
    <failure type="java.lang.ClassCastException" message="org.json.simple.JSONObject cannot be cast to org.json.simple.JSONArray">
      <![CDATA[java.lang.ClassCastException: org.json.simple.JSONObject cannot be cast to org.json.simple.JSONArray
	at group.PostGroup.create_group_with_valid_phone_number(PostGroup.java:2234)
... Removed 24 stack frames]]>
    </failure>
  </testcase> <!-- create_group_with_valid_phone_number -->
  <testcase name="create_group_without_industry_id" time="1.111" classname="group.PostGroup">
    <failure type="java.lang.ClassCastException" message="org.json.simple.JSONObject cannot be cast to org.json.simple.JSONArray">
      <![CDATA[java.lang.ClassCastException: org.json.simple.JSONObject cannot be cast to org.json.simple.JSONArray
	at group.PostGroup.create_group_without_industry_id(PostGroup.java:2275)
... Removed 24 stack frames]]>
    </failure>
  </testcase> <!-- create_group_without_industry_id -->
  <testcase name="create_group_with_blank_industry_id" time="0.952" classname="group.PostGroup"/>
  <testcase name="create_group_with_invalid_industry_id" time="5.085" classname="group.PostGroup"/>
  <testcase name="create_group_with_negative_industry_id" time="1.193" classname="group.PostGroup">
    <failure type="java.lang.ClassCastException" message="org.json.simple.JSONObject cannot be cast to org.json.simple.JSONArray">
      <![CDATA[java.lang.ClassCastException: org.json.simple.JSONObject cannot be cast to org.json.simple.JSONArray
	at group.PostGroup.create_group_with_negative_industry_id(PostGroup.java:2455)
... Removed 24 stack frames]]>
    </failure>
  </testcase> <!-- create_group_with_negative_industry_id -->
  <testcase name="create_group_with_non_existing_industry_id" time="1.068" classname="group.PostGroup">
    <failure type="java.lang.ClassCastException" message="org.json.simple.JSONObject cannot be cast to org.json.simple.JSONArray">
      <![CDATA[java.lang.ClassCastException: org.json.simple.JSONObject cannot be cast to org.json.simple.JSONArray
	at group.PostGroup.create_group_with_non_existing_industry_id(PostGroup.java:2498)
... Removed 24 stack frames]]>
    </failure>
  </testcase> <!-- create_group_with_non_existing_industry_id -->
  <testcase name="create_group_with_valid_industry_id" time="1.162" classname="group.PostGroup">
    <failure type="java.lang.ClassCastException" message="org.json.simple.JSONObject cannot be cast to org.json.simple.JSONArray">
      <![CDATA[java.lang.ClassCastException: org.json.simple.JSONObject cannot be cast to org.json.simple.JSONArray
	at group.PostGroup.create_group_with_valid_industry_id(PostGroup.java:2539)
... Removed 24 stack frames]]>
    </failure>
  </testcase> <!-- create_group_with_valid_industry_id -->
  <testcase name="create_group_without_industry_name" time="0.935" classname="group.PostGroup">
    <failure type="java.lang.ClassCastException" message="org.json.simple.JSONObject cannot be cast to org.json.simple.JSONArray">
      <![CDATA[java.lang.ClassCastException: org.json.simple.JSONObject cannot be cast to org.json.simple.JSONArray
	at group.PostGroup.create_group_without_industry_name(PostGroup.java:2581)
... Removed 24 stack frames]]>
    </failure>
  </testcase> <!-- create_group_without_industry_name -->
  <testcase name="create_group_with_blank_industry_name" time="1.03" classname="group.PostGroup">
    <failure type="java.lang.ClassCastException" message="org.json.simple.JSONObject cannot be cast to org.json.simple.JSONArray">
      <![CDATA[java.lang.ClassCastException: org.json.simple.JSONObject cannot be cast to org.json.simple.JSONArray
	at group.PostGroup.create_group_with_blank_industry_name(PostGroup.java:2624)
... Removed 24 stack frames]]>
    </failure>
  </testcase> <!-- create_group_with_blank_industry_name -->
  <testcase name="create_group_with_invalid_industry_name" time="1.032" classname="group.PostGroup">
    <failure type="java.lang.ClassCastException" message="org.json.simple.JSONObject cannot be cast to org.json.simple.JSONArray">
      <![CDATA[java.lang.ClassCastException: org.json.simple.JSONObject cannot be cast to org.json.simple.JSONArray
	at group.PostGroup.create_group_with_invalid_industry_name(PostGroup.java:2667)
... Removed 24 stack frames]]>
    </failure>
  </testcase> <!-- create_group_with_invalid_industry_name -->
  <testcase name="create_group_with_non_matching_industry_name" time="1.063" classname="group.PostGroup">
    <failure type="java.lang.ClassCastException" message="org.json.simple.JSONObject cannot be cast to org.json.simple.JSONArray">
      <![CDATA[java.lang.ClassCastException: org.json.simple.JSONObject cannot be cast to org.json.simple.JSONArray
	at group.PostGroup.create_group_with_non_matching_industry_name(PostGroup.java:2710)
... Removed 24 stack frames]]>
    </failure>
  </testcase> <!-- create_group_with_non_matching_industry_name -->
  <testcase name="create_group_with_valid_industry_name" time="0.949" classname="group.PostGroup">
    <failure type="java.lang.ClassCastException" message="org.json.simple.JSONObject cannot be cast to org.json.simple.JSONArray">
      <![CDATA[java.lang.ClassCastException: org.json.simple.JSONObject cannot be cast to org.json.simple.JSONArray
	at group.PostGroup.create_group_with_valid_industry_name(PostGroup.java:2753)
... Removed 24 stack frames]]>
    </failure>
  </testcase> <!-- create_group_with_valid_industry_name -->
  <testcase name="update_group_with_invalid_group_id" time="6.727" classname="group.PostGroup"/>
  <testcase name="update_group_with_negative_group_id" time="2.397" classname="group.PostGroup">
    <failure type="java.lang.ClassCastException" message="org.json.simple.JSONObject cannot be cast to org.json.simple.JSONArray">
      <![CDATA[java.lang.ClassCastException: org.json.simple.JSONObject cannot be cast to org.json.simple.JSONArray
	at group.PostGroup.update_group_with_negative_group_id(PostGroup.java:2865)
... Removed 24 stack frames]]>
    </failure>
  </testcase> <!-- update_group_with_negative_group_id -->
  <testcase name="update_group_with_deleted_group_id" time="2.429" classname="group.PostGroup">
    <failure type="java.lang.ClassCastException" message="org.json.simple.JSONObject cannot be cast to org.json.simple.JSONArray">
      <![CDATA[java.lang.ClassCastException: org.json.simple.JSONObject cannot be cast to org.json.simple.JSONArray
	at group.PostGroup.update_group_with_deleted_group_id(PostGroup.java:2907)
... Removed 24 stack frames]]>
    </failure>
  </testcase> <!-- update_group_with_deleted_group_id -->
  <testcase name="update_group_with_non_existing_group_id" time="1.294" classname="group.PostGroup">
    <failure type="java.lang.ClassCastException" message="org.json.simple.JSONObject cannot be cast to org.json.simple.JSONArray">
      <![CDATA[java.lang.ClassCastException: org.json.simple.JSONObject cannot be cast to org.json.simple.JSONArray
	at group.PostGroup.update_group_with_non_existing_group_id(PostGroup.java:2950)
... Removed 24 stack frames]]>
    </failure>
  </testcase> <!-- update_group_with_non_existing_group_id -->
  <testcase name="update_group_with_other_billing_group_id" time="1.288" classname="group.PostGroup">
    <failure type="java.lang.ClassCastException" message="org.json.simple.JSONObject cannot be cast to org.json.simple.JSONArray">
      <![CDATA[java.lang.ClassCastException: org.json.simple.JSONObject cannot be cast to org.json.simple.JSONArray
	at group.PostGroup.update_group_with_other_billing_group_id(PostGroup.java:2993)
... Removed 24 stack frames]]>
    </failure>
  </testcase> <!-- update_group_with_other_billing_group_id -->
  <testcase name="update_group_with_valid_group_id" time="1.317" classname="group.PostGroup">
    <failure type="java.lang.ClassCastException" message="org.json.simple.JSONObject cannot be cast to org.json.simple.JSONArray">
      <![CDATA[java.lang.ClassCastException: org.json.simple.JSONObject cannot be cast to org.json.simple.JSONArray
	at group.PostGroup.update_group_with_valid_group_id(PostGroup.java:3041)
... Removed 24 stack frames]]>
    </failure>
  </testcase> <!-- update_group_with_valid_group_id -->
  <testcase name="update_group_with_group_parent_id" time="1.004" classname="group.PostGroup">
    <failure type="java.lang.ClassCastException" message="org.json.simple.JSONObject cannot be cast to org.json.simple.JSONArray">
      <![CDATA[java.lang.ClassCastException: org.json.simple.JSONObject cannot be cast to org.json.simple.JSONArray
	at group.PostGroup.update_group_with_group_parent_id(PostGroup.java:3092)
... Removed 24 stack frames]]>
    </failure>
  </testcase> <!-- update_group_with_group_parent_id -->
  <testcase name="update_group_with_agency_admin_access_token" time="1.216" classname="group.PostGroup">
    <failure type="java.lang.ClassCastException" message="org.json.simple.JSONObject cannot be cast to org.json.simple.JSONArray">
      <![CDATA[java.lang.ClassCastException: org.json.simple.JSONObject cannot be cast to org.json.simple.JSONArray
	at group.PostGroup.update_group_with_agency_admin_access_token(PostGroup.java:3145)
... Removed 24 stack frames]]>
    </failure>
  </testcase> <!-- update_group_with_agency_admin_access_token -->
  <testcase name="update_group_with_company_admin_access_token" time="2.355" classname="group.PostGroup">
    <failure type="java.lang.ClassCastException" message="org.json.simple.JSONObject cannot be cast to org.json.simple.JSONArray">
      <![CDATA[java.lang.ClassCastException: org.json.simple.JSONObject cannot be cast to org.json.simple.JSONArray
	at group.PostGroup.update_group_with_company_admin_access_token(PostGroup.java:3200)
... Removed 24 stack frames]]>
    </failure>
  </testcase> <!-- update_group_with_company_admin_access_token -->
  <testcase name="update_group_with_location_admin_access_token" time="2.273" classname="group.PostGroup">
    <failure type="java.lang.ClassCastException" message="org.json.simple.JSONObject cannot be cast to org.json.simple.JSONArray">
      <![CDATA[java.lang.ClassCastException: org.json.simple.JSONObject cannot be cast to org.json.simple.JSONArray
	at group.PostGroup.update_group_with_location_admin_access_token(PostGroup.java:3254)
... Removed 24 stack frames]]>
    </failure>
  </testcase> <!-- update_group_with_location_admin_access_token -->
  <testcase name="create_group_with_agency_admin_access_token" time="1.783" classname="group.PostGroup">
    <failure type="java.lang.ClassCastException" message="org.json.simple.JSONObject cannot be cast to org.json.simple.JSONArray">
      <![CDATA[java.lang.ClassCastException: org.json.simple.JSONObject cannot be cast to org.json.simple.JSONArray
	at group.PostGroup.create_group_with_agency_admin_access_token(PostGroup.java:3307)
... Removed 24 stack frames]]>
    </failure>
  </testcase> <!-- create_group_with_agency_admin_access_token -->
  <testcase name="create_group_with_company_admin_access_token" time="1.503" classname="group.PostGroup">
    <failure type="java.lang.NullPointerException">
      <![CDATA[java.lang.NullPointerException
	at common.HelperClass.make_post_request(HelperClass.java:153)
	at group.PostGroup.create_group_with_company_admin_access_token(PostGroup.java:3358)
... Removed 24 stack frames]]>
    </failure>
  </testcase> <!-- create_group_with_company_admin_access_token -->
  <testcase name="create_group_with_location_admin_access_token" time="1.06" classname="group.PostGroup">
    <failure type="java.lang.NullPointerException">
      <![CDATA[java.lang.NullPointerException
	at common.HelperClass.make_post_request(HelperClass.java:153)
	at group.PostGroup.create_group_with_location_admin_access_token(PostGroup.java:3421)
... Removed 24 stack frames]]>
    </failure>
  </testcase> <!-- create_group_with_location_admin_access_token -->
</testsuite> <!-- misc -->
