<?xml version="1.0" encoding="UTF-8"?>
<!-- Generated by org.testng.reporters.JUnitXMLReporter -->
<testsuite hostname="comp-Lenovo-V110-15ISK" failures="3" tests="7" name="callflow" time="34.866" errors="0" timestamp="15 Mar 2021 14:34:46 GMT">
  <testcase classname="com.convirza.cfa_testdata.TestDataHelperClass" name="calls" time="0.042">
    <failure type="java.lang.NumberFormatException" message="null">
      <![CDATA[java.lang.NumberFormatException: null
	at java.base/java.lang.Integer.parseInt(Integer.java:614)
	at java.base/java.lang.Integer.parseInt(Integer.java:770)
	at com.convirza.cfa_testdata.TestDataHelperClass.calls(TestDataHelperClass.java:120)
... Removed 24 stack frames]]>
    </failure>
  </testcase> <!-- calls -->
  <testcase classname="com.convirza.cfa_testdata.TestDataHelperClass" name="campaigns" time="0.029">
    <failure type="java.lang.NumberFormatException" message="null">
      <![CDATA[java.lang.NumberFormatException: null
	at java.base/java.lang.Integer.parseInt(Integer.java:614)
	at java.base/java.lang.Integer.parseInt(Integer.java:770)
	at com.convirza.cfa_testdata.TestDataHelperClass.campaigns(TestDataHelperClass.java:94)
... Removed 24 stack frames]]>
    </failure>
  </testcase> <!-- campaigns -->
  <testcase classname="com.convirza.cfa_testdata.TestDataHelperClass" name="components" time="2.053"/>
  <testcase classname="com.convirza.cfa_testdata.TestDataHelperClass" name="groups" time="4.092"/>
  <testcase classname="com.convirza.cfa_testdata.TestDataHelperClass" name="numbers" time="10.525"/>
  <testcase classname="com.convirza.cfa_testdata.TestDataHelperClass" name="trackingNumbers" time="0.002">
    <failure type="java.lang.NumberFormatException" message="null">
      <![CDATA[java.lang.NumberFormatException: null
	at java.base/java.lang.Integer.parseInt(Integer.java:614)
	at java.base/java.lang.Integer.parseInt(Integer.java:770)
	at com.convirza.cfa_testdata.TestDataHelperClass.trackingNumbers(TestDataHelperClass.java:107)
... Removed 24 stack frames]]>
    </failure>
  </testcase> <!-- trackingNumbers -->
  <testcase classname="com.convirza.cfa_testdata.TestDataHelperClass" name="webhooks" time="4.666"/>
</testsuite> <!-- callflow -->
