<?xml version="1.0" encoding="UTF-8"?>
<!-- Generated by org.testng.reporters.JUnitXMLReporter -->
<testsuite hostname="comp-Lenovo-V110-15ISK" failures="0" tests="7" name="callflow" time="25.613" errors="0" timestamp="15 Mar 2021 20:13:39 GMT">
  <testcase classname="com.convirza.cfa_testdata.TestDataHelperClass" name="calls" time="0.025"/>
  <testcase classname="com.convirza.cfa_testdata.TestDataHelperClass" name="campaigns" time="0.112"/>
  <testcase classname="com.convirza.cfa_testdata.TestDataHelperClass" name="components" time="1.329"/>
  <testcase classname="com.convirza.cfa_testdata.TestDataHelperClass" name="groups" time="3.156"/>
  <testcase classname="com.convirza.cfa_testdata.TestDataHelperClass" name="numbers" time="6.619"/>
  <testcase classname="com.convirza.cfa_testdata.TestDataHelperClass" name="trackingNumbers" time="0.003"/>
  <testcase classname="com.convirza.cfa_testdata.TestDataHelperClass" name="webhooks" time="3.272"/>
</testsuite> <!-- callflow -->
