<?xml version="1.0" encoding="UTF-8"?>
<!-- Generated by org.testng.reporters.JUnitXMLReporter -->
<testsuite hostname="comp-Lenovo-V110-15ISK" name="callflow" tests="169" failures="0" timestamp="28 Aug 2020 15:26:31 GMT" time="15.166" errors="0">
  <testcase name="@BeforeClass setup_parameter" time="0.0" classname="callflow.CallflowNumber">
    <skipped/>
  </testcase> <!-- @BeforeClass setup_parameter -->
  <testcase name="@BeforeClass setup_parameter" time="0.0" classname="callflow.CallflowRecording">
    <skipped/>
  </testcase> <!-- @BeforeClass setup_parameter -->
  <testcase name="get_dniclass_without_access_token" time="0.0" classname="callflow.DNIClass">
    <skipped/>
  </testcase> <!-- get_dniclass_without_access_token -->
  <testcase name="get_dniclass_with_invalid_access_token" time="0.0" classname="callflow.DNIClass">
    <skipped/>
  </testcase> <!-- get_dniclass_with_invalid_access_token -->
  <testcase name="get_dniclass_with_expired_access_token" time="0.001" classname="callflow.DNIClass">
    <skipped/>
  </testcase> <!-- get_dniclass_with_expired_access_token -->
  <testcase name="get_dniclass_with_valid_access_token" time="0.0" classname="callflow.DNIClass">
    <skipped/>
  </testcase> <!-- get_dniclass_with_valid_access_token -->
  <testcase name="get_dniclass_api_without_id" time="0.0" classname="callflow.DNIClass">
    <skipped/>
  </testcase> <!-- get_dniclass_api_without_id -->
  <testcase name="get_dniclass_api_with_blank_id" time="0.0" classname="callflow.DNIClass">
    <skipped/>
  </testcase> <!-- get_dniclass_api_with_blank_id -->
  <testcase name="get_dniclass_api_with_invalid_id" time="0.001" classname="callflow.DNIClass">
    <skipped/>
  </testcase> <!-- get_dniclass_api_with_invalid_id -->
  <testcase name="get_dniclass_api_with_nonexisting_id_value" time="0.0" classname="callflow.DNIClass">
    <skipped/>
  </testcase> <!-- get_dniclass_api_with_nonexisting_id_value -->
  <testcase name="get_dniclass_api_with_0_id_value" time="0.0" classname="callflow.DNIClass">
    <skipped/>
  </testcase> <!-- get_dniclass_api_with_0_id_value -->
  <testcase name="get_dniclass_with_valid_id_value" time="0.0" classname="callflow.DNIClass">
    <skipped/>
  </testcase> <!-- get_dniclass_with_valid_id_value -->
  <testcase name="get_dniclass_with_agency_admin_access_token" time="0.0" classname="callflow.DNIClass">
    <skipped/>
  </testcase> <!-- get_dniclass_with_agency_admin_access_token -->
  <testcase name="get_dniclass_with_callflow_having_no_dni_setting" time="0.0" classname="callflow.DNIClass">
    <skipped/>
  </testcase> <!-- get_dniclass_with_callflow_having_no_dni_setting -->
  <testcase name="callflow_list_without_access_token" time="0.001" classname="callflow.CallFlowList">
    <skipped/>
  </testcase> <!-- callflow_list_without_access_token -->
  <testcase name="callflow_without_access_token" time="0.0" classname="callflow.CallFlow">
    <skipped/>
  </testcase> <!-- callflow_without_access_token -->
  <testcase name="callflow_with_blank_access_token" time="0.001" classname="callflow.CallFlow">
    <skipped/>
  </testcase> <!-- callflow_with_blank_access_token -->
  <testcase name="callflow_with_invalid_access_token" time="0.001" classname="callflow.CallFlow">
    <skipped/>
  </testcase> <!-- callflow_with_invalid_access_token -->
  <testcase name="callflow_with_expired_access_token" time="0.0" classname="callflow.CallFlow">
    <skipped/>
  </testcase> <!-- callflow_with_expired_access_token -->
  <testcase name="callflow_with_valid_access_token" time="0.0" classname="callflow.CallFlow">
    <skipped/>
  </testcase> <!-- callflow_with_valid_access_token -->
  <testcase name="callflow_without_passing_id_parameter" time="0.001" classname="callflow.CallFlow">
    <skipped/>
  </testcase> <!-- callflow_without_passing_id_parameter -->
  <testcase name="callflow_with_blank_id_parameter" time="0.0" classname="callflow.CallFlow">
    <skipped/>
  </testcase> <!-- callflow_with_blank_id_parameter -->
  <testcase name="callflow_with_invalid_id_parameter" time="0.0" classname="callflow.CallFlow">
    <skipped/>
  </testcase> <!-- callflow_with_invalid_id_parameter -->
  <testcase name="callflow_with_negative_id_parameter" time="0.0" classname="callflow.CallFlow">
    <skipped/>
  </testcase> <!-- callflow_with_negative_id_parameter -->
  <testcase name="callflow_with_valid_id_parameter" time="0.0" classname="callflow.CallFlow">
    <skipped/>
  </testcase> <!-- callflow_with_valid_id_parameter -->
  <testcase name="callflow_with_deleted_call_flow_id" time="0.0" classname="callflow.CallFlow">
    <skipped/>
  </testcase> <!-- callflow_with_deleted_call_flow_id -->
  <testcase name="callflow_with_tracking_num_based_id" time="0.0" classname="callflow.CallFlow">
    <skipped/>
  </testcase> <!-- callflow_with_tracking_num_based_id -->
  <testcase name="callflow_with_pool_based_id" time="0.0" classname="callflow.CallFlow">
    <skipped/>
  </testcase> <!-- callflow_with_pool_based_id -->
  <testcase name="callflow_with_simple_callflow_id" time="0.0" classname="callflow.CallFlow">
    <skipped/>
  </testcase> <!-- callflow_with_simple_callflow_id -->
  <testcase name="callflow_with_geo_callflow_id" time="0.001" classname="callflow.CallFlow">
    <skipped/>
  </testcase> <!-- callflow_with_geo_callflow_id -->
  <testcase name="callflow_with_ivr_callflow_id" time="0.001" classname="callflow.CallFlow">
    <skipped/>
  </testcase> <!-- callflow_with_ivr_callflow_id -->
  <testcase name="callflow_with_percentage_callflow_id" time="0.0" classname="callflow.CallFlow">
    <skipped/>
  </testcase> <!-- callflow_with_percentage_callflow_id -->
  <testcase name="callflow_with_agency_admin_access_token" time="0.0" classname="callflow.CallFlow">
    <skipped/>
  </testcase> <!-- callflow_with_agency_admin_access_token -->
  <testcase name="callflow_with_company_admin_access_token" time="0.001" classname="callflow.CallFlow">
    <skipped/>
  </testcase> <!-- callflow_with_company_admin_access_token -->
  <testcase name="callflow_with_location_admin_access_token" time="0.0" classname="callflow.CallFlow">
    <skipped/>
  </testcase> <!-- callflow_with_location_admin_access_token -->
  <testcase name="callflow_callflow_without_access_token" time="0.001" classname="callflow.CallflowCallflow">
    <skipped/>
  </testcase> <!-- callflow_callflow_without_access_token -->
  <testcase name="callflow_callflow_with_greater_or_less_filter_for_callflow_id" time="0.0" classname="callflow.CallflowCallflow">
    <skipped/>
  </testcase> <!-- callflow_callflow_with_greater_or_less_filter_for_callflow_id -->
  <testcase name="callflow_callflow_with_valid_filter_for_geo_route" time="0.0" classname="callflow.CallflowCallflow">
    <skipped/>
  </testcase> <!-- callflow_callflow_with_valid_filter_for_geo_route -->
  <testcase name="callflow_callflow_with_invalid_operator_for_geo_route" time="0.001" classname="callflow.CallflowCallflow">
    <skipped/>
  </testcase> <!-- callflow_callflow_with_invalid_operator_for_geo_route -->
  <testcase name="callflow_callflow_with_invalid_operator_for_percentage_route" time="0.001" classname="callflow.CallflowCallflow">
    <skipped/>
  </testcase> <!-- callflow_callflow_with_invalid_operator_for_percentage_route -->
  <testcase name="callflow_number_without_access_token" time="0.001" classname="callflow.CallflowNumber">
    <skipped/>
  </testcase> <!-- callflow_number_without_access_token -->
  <testcase name="callflow_number_with_blank_access_token" time="0.001" classname="callflow.CallflowNumber">
    <skipped/>
  </testcase> <!-- callflow_number_with_blank_access_token -->
  <testcase name="callflow_number_with_invalid_access_token" time="0.001" classname="callflow.CallflowNumber">
    <skipped/>
  </testcase> <!-- callflow_number_with_invalid_access_token -->
  <testcase name="callflow_number_with_expired_access_token" time="0.0" classname="callflow.CallflowNumber">
    <skipped/>
  </testcase> <!-- callflow_number_with_expired_access_token -->
  <testcase name="callflow_number_with_valid_access_token" time="0.001" classname="callflow.CallflowNumber">
    <skipped/>
  </testcase> <!-- callflow_number_with_valid_access_token -->
  <testcase name="callflow_number_with_blank_limit" time="0.001" classname="callflow.CallflowNumber">
    <skipped/>
  </testcase> <!-- callflow_number_with_blank_limit -->
  <testcase name="callflow_number_with_invalid_limit" time="0.001" classname="callflow.CallflowNumber">
    <skipped/>
  </testcase> <!-- callflow_number_with_invalid_limit -->
  <testcase name="callflow_number_with_negative_limit" time="0.001" classname="callflow.CallflowNumber">
    <skipped/>
  </testcase> <!-- callflow_number_with_negative_limit -->
  <testcase name="callflow_number_with_zero_limit" time="0.001" classname="callflow.CallflowNumber">
    <skipped/>
  </testcase> <!-- callflow_number_with_zero_limit -->
  <testcase name="callflow_number_with_valid_limit" time="0.001" classname="callflow.CallflowNumber">
    <skipped/>
  </testcase> <!-- callflow_number_with_valid_limit -->
  <testcase name="callflow_number_with_1000_limit" time="0.0" classname="callflow.CallflowNumber">
    <skipped/>
  </testcase> <!-- callflow_number_with_1000_limit -->
  <testcase name="callflow_number_with_more_than_2000_limit" time="0.001" classname="callflow.CallflowNumber">
    <skipped/>
  </testcase> <!-- callflow_number_with_more_than_2000_limit -->
  <testcase name="callflow_number_with_blank_offset" time="0.001" classname="callflow.CallflowNumber">
    <skipped/>
  </testcase> <!-- callflow_number_with_blank_offset -->
  <testcase name="callflow_number_with_invalid_offset" time="0.0" classname="callflow.CallflowNumber">
    <skipped/>
  </testcase> <!-- callflow_number_with_invalid_offset -->
  <testcase name="callflow_number_with_negative_offset" time="0.0" classname="callflow.CallflowNumber">
    <skipped/>
  </testcase> <!-- callflow_number_with_negative_offset -->
  <testcase name="callflow_number_with_zero_offset" time="0.0" classname="callflow.CallflowNumber">
    <skipped/>
  </testcase> <!-- callflow_number_with_zero_offset -->
  <testcase name="callflow_number_with_valid_offset" time="0.0" classname="callflow.CallflowNumber">
    <skipped/>
  </testcase> <!-- callflow_number_with_valid_offset -->
  <testcase name="callflow_number_with_blank_filter" time="0.0" classname="callflow.CallflowNumber">
    <skipped/>
  </testcase> <!-- callflow_number_with_blank_filter -->
  <testcase name="callflow_number_with_valid_filter_for_call_flow_id" time="0.001" classname="callflow.CallflowNumber">
    <skipped/>
  </testcase> <!-- callflow_number_with_valid_filter_for_call_flow_id -->
  <testcase name="callflow_number_with_greater_or_less_filter_for_callflow_id" time="0.0" classname="callflow.CallflowNumber">
    <skipped/>
  </testcase> <!-- callflow_number_with_greater_or_less_filter_for_callflow_id -->
  <testcase name="callflow_number_with_invalid_filter_operator_for_callflow_id" time="0.001" classname="callflow.CallflowNumber">
    <skipped/>
  </testcase> <!-- callflow_number_with_invalid_filter_operator_for_callflow_id -->
  <testcase name="callflow_number_with_filter_for_nonexist_or_other_billing_callflow_id" time="0.0" classname="callflow.CallflowNumber">
    <skipped/>
  </testcase> <!-- callflow_number_with_filter_for_nonexist_or_other_billing_callflow_id -->
  <testcase name="callflow_number_with_filter_for_blank_call_flow_id" time="0.001" classname="callflow.CallflowNumber">
    <skipped/>
  </testcase> <!-- callflow_number_with_filter_for_blank_call_flow_id -->
  <testcase name="callflow_number_with_valid_filter_for_call_flow_name" time="0.001" classname="callflow.CallflowNumber">
    <skipped/>
  </testcase> <!-- callflow_number_with_valid_filter_for_call_flow_name -->
  <testcase name="callflow_number_with_invalid_filter_operator_for_call_flow_name" time="0.001" classname="callflow.CallflowNumber">
    <skipped/>
  </testcase> <!-- callflow_number_with_invalid_filter_operator_for_call_flow_name -->
  <testcase name="callflow_number_with_filter_for_nonexist_or_other_billing_call_flow_name" time="0.0" classname="callflow.CallflowNumber">
    <skipped/>
  </testcase> <!-- callflow_number_with_filter_for_nonexist_or_other_billing_call_flow_name -->
  <testcase name="callflow_number_with_filter_for_blank_call_flow_name" time="0.0" classname="callflow.CallflowNumber">
    <skipped/>
  </testcase> <!-- callflow_number_with_filter_for_blank_call_flow_name -->
  <testcase name="callflow_number_with_valid_filter_for_group_id" time="0.001" classname="callflow.CallflowNumber">
    <skipped/>
  </testcase> <!-- callflow_number_with_valid_filter_for_group_id -->
  <testcase name="callflow_number_with_greater_or_less_filter_for_group_id" time="0.0" classname="callflow.CallflowNumber">
    <skipped/>
  </testcase> <!-- callflow_number_with_greater_or_less_filter_for_group_id -->
  <testcase name="callflow_number_with_invalid_filter_operator_for_group_id" time="0.0" classname="callflow.CallflowNumber">
    <skipped/>
  </testcase> <!-- callflow_number_with_invalid_filter_operator_for_group_id -->
  <testcase name="callflow_number_with_filter_for_nonexist_or_other_billing_group_id" time="0.0" classname="callflow.CallflowNumber">
    <skipped/>
  </testcase> <!-- callflow_number_with_filter_for_nonexist_or_other_billing_group_id -->
  <testcase name="callflow_number_with_filter_for_blank_group_id" time="0.0" classname="callflow.CallflowNumber">
    <skipped/>
  </testcase> <!-- callflow_number_with_filter_for_blank_group_id -->
  <testcase name="callflow_number_with_valid_filter_for_channel_id" time="0.0" classname="callflow.CallflowNumber">
    <skipped/>
  </testcase> <!-- callflow_number_with_valid_filter_for_channel_id -->
  <testcase name="callflow_number_with_greater_or_less_filter_for_channel_id" time="0.0" classname="callflow.CallflowNumber">
    <skipped/>
  </testcase> <!-- callflow_number_with_greater_or_less_filter_for_channel_id -->
  <testcase name="callflow_number_with_invalid_filter_operator_for_channel_id" time="0.001" classname="callflow.CallflowNumber">
    <skipped/>
  </testcase> <!-- callflow_number_with_invalid_filter_operator_for_channel_id -->
  <testcase name="callflow_number_with_filter_for_nonexisting_channel_id" time="0.0" classname="callflow.CallflowNumber">
    <skipped/>
  </testcase> <!-- callflow_number_with_filter_for_nonexisting_channel_id -->
  <testcase name="callflow_number_with_filter_for_blank_channel_id" time="0.0" classname="callflow.CallflowNumber">
    <skipped/>
  </testcase> <!-- callflow_number_with_filter_for_blank_channel_id -->
  <testcase name="callflow_number_with_valid_filter_for_call_flow_status" time="0.0" classname="callflow.CallflowNumber">
    <skipped/>
  </testcase> <!-- callflow_number_with_valid_filter_for_call_flow_status -->
  <testcase name="callflow_number_with_invalid_filter_operator_for_call_flow_status" time="0.001" classname="callflow.CallflowNumber">
    <skipped/>
  </testcase> <!-- callflow_number_with_invalid_filter_operator_for_call_flow_status -->
  <testcase name="callflow_number_with_filter_for_blank_call_flow_status" time="0.0" classname="callflow.CallflowNumber">
    <skipped/>
  </testcase> <!-- callflow_number_with_filter_for_blank_call_flow_status -->
  <testcase name="callflow_number_with_valid_filter_for_vm_enabled" time="0.001" classname="callflow.CallflowNumber">
    <skipped/>
  </testcase> <!-- callflow_number_with_valid_filter_for_vm_enabled -->
  <testcase name="callflow_number_with_invalid_filter_operator_for_vm_enabled" time="0.0" classname="callflow.CallflowNumber">
    <skipped/>
  </testcase> <!-- callflow_number_with_invalid_filter_operator_for_vm_enabled -->
  <testcase name="callflow_number_with_filter_for_blank_vm_enabled" time="0.001" classname="callflow.CallflowNumber">
    <skipped/>
  </testcase> <!-- callflow_number_with_filter_for_blank_vm_enabled -->
  <testcase name="callflow_number_with_invalid_filter_operator_for_ring_delay" time="0.001" classname="callflow.CallflowNumber">
    <skipped/>
  </testcase> <!-- callflow_number_with_invalid_filter_operator_for_ring_delay -->
  <testcase name="callflow_number_with_filter_for_blank_ring_delay" time="0.001" classname="callflow.CallflowNumber">
    <skipped/>
  </testcase> <!-- callflow_number_with_filter_for_blank_ring_delay -->
  <testcase name="callflow_number_with_valid_filter_for_default_ringto" time="0.001" classname="callflow.CallflowNumber">
    <skipped/>
  </testcase> <!-- callflow_number_with_valid_filter_for_default_ringto -->
  <testcase name="callflow_number_with_invalid_filter_operator_for_default_ringto" time="0.0" classname="callflow.CallflowNumber">
    <skipped/>
  </testcase> <!-- callflow_number_with_invalid_filter_operator_for_default_ringto -->
  <testcase name="callflow_number_with_filter_for_nonexisting_default_ringto" time="0.0" classname="callflow.CallflowNumber">
    <skipped/>
  </testcase> <!-- callflow_number_with_filter_for_nonexisting_default_ringto -->
  <testcase name="callflow_number_with_filter_for_non_10_digits_default_ringto" time="0.0" classname="callflow.CallflowNumber">
    <skipped/>
  </testcase> <!-- callflow_number_with_filter_for_non_10_digits_default_ringto -->
  <testcase name="callflow_number_with_filter_for_invalid_default_ringto" time="0.0" classname="callflow.CallflowNumber">
    <skipped/>
  </testcase> <!-- callflow_number_with_filter_for_invalid_default_ringto -->
  <testcase name="callflow_number_with_filter_for_blank_default_ringto" time="0.001" classname="callflow.CallflowNumber">
    <skipped/>
  </testcase> <!-- callflow_number_with_filter_for_blank_default_ringto -->
  <testcase name="callflow_number_with_valid_filter_for_whisper_enabled" time="0.0" classname="callflow.CallflowNumber">
    <skipped/>
  </testcase> <!-- callflow_number_with_valid_filter_for_whisper_enabled -->
  <testcase name="callflow_number_with_invalid_filter_operator_for_whisper_enabled" time="0.0" classname="callflow.CallflowNumber">
    <skipped/>
  </testcase> <!-- callflow_number_with_invalid_filter_operator_for_whisper_enabled -->
  <testcase name="callflow_number_with_filter_for_blank_whisper_enabled" time="0.0" classname="callflow.CallflowNumber">
    <skipped/>
  </testcase> <!-- callflow_number_with_filter_for_blank_whisper_enabled -->
  <testcase name="callflow_number_with_valid_filter_for_play_disclaimer" time="0.0" classname="callflow.CallflowNumber">
    <skipped/>
  </testcase> <!-- callflow_number_with_valid_filter_for_play_disclaimer -->
  <testcase name="callflow_number_with_invalid_filter_operator_for_play_disclaimer" time="0.0" classname="callflow.CallflowNumber">
    <skipped/>
  </testcase> <!-- callflow_number_with_invalid_filter_operator_for_play_disclaimer -->
  <testcase name="callflow_number_with_filter_for_invalid_play_disclaimer" time="0.0" classname="callflow.CallflowNumber">
    <skipped/>
  </testcase> <!-- callflow_number_with_filter_for_invalid_play_disclaimer -->
  <testcase name="callflow_number_with_filter_for_blank_play_disclaimer" time="0.001" classname="callflow.CallflowNumber">
    <skipped/>
  </testcase> <!-- callflow_number_with_filter_for_blank_play_disclaimer -->
  <testcase name="callflow_number_with_valid_filter_for_whisper_message" time="0.0" classname="callflow.CallflowNumber">
    <skipped/>
  </testcase> <!-- callflow_number_with_valid_filter_for_whisper_message -->
  <testcase name="callflow_number_with_invalid_filter_operator_for_whisper_message" time="0.0" classname="callflow.CallflowNumber">
    <skipped/>
  </testcase> <!-- callflow_number_with_invalid_filter_operator_for_whisper_message -->
  <testcase name="callflow_number_with_filter_for_invalid_whisper_message" time="0.0" classname="callflow.CallflowNumber">
    <skipped/>
  </testcase> <!-- callflow_number_with_filter_for_invalid_whisper_message -->
  <testcase name="callflow_number_with_filter_for_blank_whisper_message" time="0.0" classname="callflow.CallflowNumber">
    <skipped/>
  </testcase> <!-- callflow_number_with_filter_for_blank_whisper_message -->
  <testcase name="callflow_number_with_valid_filter_for_postcall_ivr_enabled" time="0.001" classname="callflow.CallflowNumber">
    <skipped/>
  </testcase> <!-- callflow_number_with_valid_filter_for_postcall_ivr_enabled -->
  <testcase name="callflow_number_with_invalid_filter_operator_for_postcall_ivr_enabled" time="0.001" classname="callflow.CallflowNumber">
    <skipped/>
  </testcase> <!-- callflow_number_with_invalid_filter_operator_for_postcall_ivr_enabled -->
  <testcase name="callflow_number_with_filter_for_blank_postcall_ivr_enabled" time="0.0" classname="callflow.CallflowNumber">
    <skipped/>
  </testcase> <!-- callflow_number_with_filter_for_blank_postcall_ivr_enabled -->
  <testcase name="callflow_number_with_valid_filter_for_repeat_interval" time="0.0" classname="callflow.CallflowNumber">
    <skipped/>
  </testcase> <!-- callflow_number_with_valid_filter_for_repeat_interval -->
  <testcase name="callflow_number_with_greater_or_less_filter_for_repeat_interval" time="0.0" classname="callflow.CallflowNumber">
    <skipped/>
  </testcase> <!-- callflow_number_with_greater_or_less_filter_for_repeat_interval -->
  <testcase name="callflow_number_with_invalid_filter_operator_for_repeat_interval" time="0.0" classname="callflow.CallflowNumber">
    <skipped/>
  </testcase> <!-- callflow_number_with_invalid_filter_operator_for_repeat_interval -->
  <testcase name="callflow_number_with_filter_for_blank_repeat_interval" time="0.001" classname="callflow.CallflowNumber">
    <skipped/>
  </testcase> <!-- callflow_number_with_filter_for_blank_repeat_interval -->
  <testcase name="callflow_number_with_valid_filter_for_routable_type" time="0.001" classname="callflow.CallflowNumber">
    <skipped/>
  </testcase> <!-- callflow_number_with_valid_filter_for_routable_type -->
  <testcase name="callflow_number_with_invalid_filter_operator_for_routable_type" time="0.001" classname="callflow.CallflowNumber">
    <skipped/>
  </testcase> <!-- callflow_number_with_invalid_filter_operator_for_routable_type -->
  <testcase name="callflow_number_with_filter_for_invalid_routable_type" time="0.001" classname="callflow.CallflowNumber">
    <skipped/>
  </testcase> <!-- callflow_number_with_filter_for_invalid_routable_type -->
  <testcase name="callflow_number_with_filter_for_blank_routable_type" time="0.0" classname="callflow.CallflowNumber">
    <skipped/>
  </testcase> <!-- callflow_number_with_filter_for_blank_routable_type -->
  <testcase name="callflow_number_with_valid_filter_for_dnis" time="0.0" classname="callflow.CallflowNumber">
    <skipped/>
  </testcase> <!-- callflow_number_with_valid_filter_for_dnis -->
  <testcase name="callflow_number_with_invalid_filter_operator_for_dnis" time="0.0" classname="callflow.CallflowNumber">
    <skipped/>
  </testcase> <!-- callflow_number_with_invalid_filter_operator_for_dnis -->
  <testcase name="callflow_number_with_filter_for_invalid_dnis" time="0.001" classname="callflow.CallflowNumber">
    <skipped/>
  </testcase> <!-- callflow_number_with_filter_for_invalid_dnis -->
  <testcase name="callflow_number_with_filter_for_blank_dnis" time="0.001" classname="callflow.CallflowNumber">
    <skipped/>
  </testcase> <!-- callflow_number_with_filter_for_blank_dnis -->
  <testcase name="callflow_number_with_valid_filter_for_message_enabled" time="0.0" classname="callflow.CallflowNumber">
    <skipped/>
  </testcase> <!-- callflow_number_with_valid_filter_for_message_enabled -->
  <testcase name="callflow_number_with_invalid_filter_operator_for_message_enabled" time="0.001" classname="callflow.CallflowNumber">
    <skipped/>
  </testcase> <!-- callflow_number_with_invalid_filter_operator_for_message_enabled -->
  <testcase name="callflow_number_with_filter_for_blank_message_enabled" time="0.0" classname="callflow.CallflowNumber">
    <skipped/>
  </testcase> <!-- callflow_number_with_filter_for_blank_message_enabled -->
  <testcase name="callflow_number_with_filter_for_postcall_ivr_id_with_null" time="0.0" classname="callflow.CallflowNumber">
    <skipped/>
  </testcase> <!-- callflow_number_with_filter_for_postcall_ivr_id_with_null -->
  <testcase name="callflow_number_with_valid_filter_for_message" time="0.0" classname="callflow.CallflowNumber">
    <skipped/>
  </testcase> <!-- callflow_number_with_valid_filter_for_message -->
  <testcase name="callflow_number_with_invalid_filter_operator_for_message" time="0.001" classname="callflow.CallflowNumber">
    <skipped/>
  </testcase> <!-- callflow_number_with_invalid_filter_operator_for_message -->
  <testcase name="callflow_number_with_filter_for_invalid_message" time="0.001" classname="callflow.CallflowNumber">
    <skipped/>
  </testcase> <!-- callflow_number_with_filter_for_invalid_message -->
  <testcase name="callflow_number_with_filter_for_blank_message" time="0.0" classname="callflow.CallflowNumber">
    <skipped/>
  </testcase> <!-- callflow_number_with_filter_for_blank_message -->
  <testcase name="callflow_number_with_valid_filter_for_call_value" time="0.001" classname="callflow.CallflowNumber">
    <skipped/>
  </testcase> <!-- callflow_number_with_valid_filter_for_call_value -->
  <testcase name="callflow_number_with_greater_or_less_filter_for_call_value" time="0.0" classname="callflow.CallflowNumber">
    <skipped/>
  </testcase> <!-- callflow_number_with_greater_or_less_filter_for_call_value -->
  <testcase name="callflow_number_with_invalid_filter_operator_for_call_value" time="0.0" classname="callflow.CallflowNumber">
    <skipped/>
  </testcase> <!-- callflow_number_with_invalid_filter_operator_for_call_value -->
  <testcase name="callflow_number_with_filter_for_negative_call_value" time="0.0" classname="callflow.CallflowNumber">
    <skipped/>
  </testcase> <!-- callflow_number_with_filter_for_negative_call_value -->
  <testcase name="callflow_number_with_filter_for_blank_call_value" time="0.0" classname="callflow.CallflowNumber">
    <skipped/>
  </testcase> <!-- callflow_number_with_filter_for_blank_call_value -->
  <testcase name="callflow_number_with_valid_filter_for_record_until" time="0.0" classname="callflow.CallflowNumber">
    <skipped/>
  </testcase> <!-- callflow_number_with_valid_filter_for_record_until -->
  <testcase name="callflow_number_with_invalid_filter_operator_for_record_until" time="0.0" classname="callflow.CallflowNumber">
    <skipped/>
  </testcase> <!-- callflow_number_with_invalid_filter_operator_for_record_until -->
  <testcase name="callflow_number_with_filter_for_blank_record_until" time="0.0" classname="callflow.CallflowNumber">
    <skipped/>
  </testcase> <!-- callflow_number_with_filter_for_blank_record_until -->
  <testcase name="callflow_number_with_filter_for_unsupported_formatted_record_until" time="0.0" classname="callflow.CallflowNumber">
    <skipped/>
  </testcase> <!-- callflow_number_with_filter_for_unsupported_formatted_record_until -->
  <testcase name="callflow_number_with_filter_for_supported_formatted_record_until" time="0.0" classname="callflow.CallflowNumber">
    <skipped/>
  </testcase> <!-- callflow_number_with_filter_for_supported_formatted_record_until -->
  <testcase name="callflow_number_with_filter_for_incorrect_record_until" time="0.0" classname="callflow.CallflowNumber">
    <skipped/>
  </testcase> <!-- callflow_number_with_filter_for_incorrect_record_until -->
  <testcase name="callflow_number_with_filter_for_nonexisting_record_until" time="0.001" classname="callflow.CallflowNumber">
    <skipped/>
  </testcase> <!-- callflow_number_with_filter_for_nonexisting_record_until -->
  <testcase name="callflow_number_with_valid_filter_for_created_at" time="0.0" classname="callflow.CallflowNumber">
    <skipped/>
  </testcase> <!-- callflow_number_with_valid_filter_for_created_at -->
  <testcase name="callflow_number_with_greater_or_less_filter_for_created_at" time="0.0" classname="callflow.CallflowNumber">
    <skipped/>
  </testcase> <!-- callflow_number_with_greater_or_less_filter_for_created_at -->
  <testcase name="callflow_number_with_invalid_filter_operator_for_created_at" time="0.0" classname="callflow.CallflowNumber">
    <skipped/>
  </testcase> <!-- callflow_number_with_invalid_filter_operator_for_created_at -->
  <testcase name="callflow_number_with_filter_for_invalid_created_at" time="0.0" classname="callflow.CallflowNumber">
    <skipped/>
  </testcase> <!-- callflow_number_with_filter_for_invalid_created_at -->
  <testcase name="callflow_number_with_filter_for_blank_created_at" time="0.0" classname="callflow.CallflowNumber">
    <skipped/>
  </testcase> <!-- callflow_number_with_filter_for_blank_created_at -->
  <testcase name="callflow_number_with_filter_for_unsupported_formatted_created_at" time="0.0" classname="callflow.CallflowNumber">
    <skipped/>
  </testcase> <!-- callflow_number_with_filter_for_unsupported_formatted_created_at -->
  <testcase name="callflow_number_with_filter_for_supported_formatted_created_at" time="0.0" classname="callflow.CallflowNumber">
    <skipped/>
  </testcase> <!-- callflow_number_with_filter_for_supported_formatted_created_at -->
  <testcase name="callflow_number_with_filter_for_incorrect_created_at" time="0.0" classname="callflow.CallflowNumber">
    <skipped/>
  </testcase> <!-- callflow_number_with_filter_for_incorrect_created_at -->
  <testcase name="callflow_number_with_filter_for_nonexisting_created_at" time="0.0" classname="callflow.CallflowNumber">
    <skipped/>
  </testcase> <!-- callflow_number_with_filter_for_nonexisting_created_at -->
  <testcase name="callflow_number_with_valid_filter_for_updated_at" time="0.0" classname="callflow.CallflowNumber">
    <skipped/>
  </testcase> <!-- callflow_number_with_valid_filter_for_updated_at -->
  <testcase name="callflow_number_with_invalid_filter_operator_for_updated_at" time="0.0" classname="callflow.CallflowNumber">
    <skipped/>
  </testcase> <!-- callflow_number_with_invalid_filter_operator_for_updated_at -->
  <testcase name="callflow_number_with_filter_for_invalid_updated_at" time="0.0" classname="callflow.CallflowNumber">
    <skipped/>
  </testcase> <!-- callflow_number_with_filter_for_invalid_updated_at -->
  <testcase name="callflow_number_with_filter_for_blank_updated_at" time="0.001" classname="callflow.CallflowNumber">
    <skipped/>
  </testcase> <!-- callflow_number_with_filter_for_blank_updated_at -->
  <testcase name="callflow_number_with_filter_for_unsupported_formatted_updated_at" time="0.0" classname="callflow.CallflowNumber">
    <skipped/>
  </testcase> <!-- callflow_number_with_filter_for_unsupported_formatted_updated_at -->
  <testcase name="callflow_number_with_filter_for_supported_formatted_updated_at" time="0.0" classname="callflow.CallflowNumber">
    <skipped/>
  </testcase> <!-- callflow_number_with_filter_for_supported_formatted_updated_at -->
  <testcase name="callflow_number_with_filter_for_incorrect_updated_at" time="0.0" classname="callflow.CallflowNumber">
    <skipped/>
  </testcase> <!-- callflow_number_with_filter_for_incorrect_updated_at -->
  <testcase name="callflow_number_with_filter_for_nonexisting_updated_at" time="0.001" classname="callflow.CallflowNumber">
    <skipped/>
  </testcase> <!-- callflow_number_with_filter_for_nonexisting_updated_at -->
  <testcase name="callflow_number_with_valid_filter_for_email_to_notify" time="0.001" classname="callflow.CallflowNumber">
    <skipped/>
  </testcase> <!-- callflow_number_with_valid_filter_for_email_to_notify -->
  <testcase name="callflow_number_with_invalid_filter_operator_for_email_to_notify" time="0.0" classname="callflow.CallflowNumber">
    <skipped/>
  </testcase> <!-- callflow_number_with_invalid_filter_operator_for_email_to_notify -->
  <testcase name="callflow_number_with_filter_for_invalid_email_to_notify" time="0.001" classname="callflow.CallflowNumber">
    <skipped/>
  </testcase> <!-- callflow_number_with_filter_for_invalid_email_to_notify -->
  <testcase name="callflow_number_with_filter_for_blank_email_to_notify" time="0.0" classname="callflow.CallflowNumber">
    <skipped/>
  </testcase> <!-- callflow_number_with_filter_for_blank_email_to_notify -->
  <testcase name="callflow_number_with_filter_for_non_exist_email_to_notify" time="0.001" classname="callflow.CallflowNumber">
    <skipped/>
  </testcase> <!-- callflow_number_with_filter_for_non_exist_email_to_notify -->
  <testcase name="callflow_number_with_valid_filter_for_webhook_enabled" time="0.0" classname="callflow.CallflowNumber">
    <skipped/>
  </testcase> <!-- callflow_number_with_valid_filter_for_webhook_enabled -->
  <testcase name="callflow_number_with_invalid_filter_operator_for_webhook_enabled" time="0.0" classname="callflow.CallflowNumber">
    <skipped/>
  </testcase> <!-- callflow_number_with_invalid_filter_operator_for_webhook_enabled -->
  <testcase name="callflow_number_with_greater_less_filter_operator_for_webhook_enabled" time="0.0" classname="callflow.CallflowNumber">
    <skipped/>
  </testcase> <!-- callflow_number_with_greater_less_filter_operator_for_webhook_enabled -->
  <testcase name="callflow_number_with_filter_for_blank_webhook_enabled" time="0.0" classname="callflow.CallflowNumber">
    <skipped/>
  </testcase> <!-- callflow_number_with_filter_for_blank_webhook_enabled -->
  <testcase name="callflow_number_with_agency_admin_access_token" time="0.001" classname="callflow.CallflowNumber">
    <skipped/>
  </testcase> <!-- callflow_number_with_agency_admin_access_token -->
  <testcase name="callflow_number_with_company_admin_access_token" time="0.001" classname="callflow.CallflowNumber">
    <skipped/>
  </testcase> <!-- callflow_number_with_company_admin_access_token -->
  <testcase name="callflow_number_with_valid_filter_for_number_fields" time="0.0" classname="callflow.CallflowNumber">
    <skipped/>
  </testcase> <!-- callflow_number_with_valid_filter_for_number_fields -->
  <testcase name="callflow_number_with_invalid_filter_operator_for_number_fields" time="0.0" classname="callflow.CallflowNumber">
    <skipped/>
  </testcase> <!-- callflow_number_with_invalid_filter_operator_for_number_fields -->
  <testcase name="callflow_number_with_blank_filter_for_number_fields" time="0.0" classname="callflow.CallflowNumber">
    <skipped/>
  </testcase> <!-- callflow_number_with_blank_filter_for_number_fields -->
  <testcase name="callflow_number_with_invalid_filter_operator_for_phone_number_fields" time="0.001" classname="callflow.CallflowNumber">
    <skipped/>
  </testcase> <!-- callflow_number_with_invalid_filter_operator_for_phone_number_fields -->
  <testcase name="callflow_number_with_greater_or_less_filter_for_updated_at" time="0.0" classname="callflow.CallflowNumber">
    <skipped/>
  </testcase> <!-- callflow_number_with_greater_or_less_filter_for_updated_at -->
  <testcase name="callflow_recording_with_filter_for_supported_formatted_created_at" time="0.001" classname="callflow.CallflowRecording">
    <skipped/>
  </testcase> <!-- callflow_recording_with_filter_for_supported_formatted_created_at -->
</testsuite> <!-- callflow -->
