<?xml version="1.0" encoding="UTF-8"?>
<!-- Generated by org.testng.reporters.JUnitXMLReporter -->
<testsuite hostname="comp-Lenovo-V110-15ISK" name="campaign" tests="201" failures="0" timestamp="28 Aug 2020 15:26:02 GMT" time="14.817" errors="0">
  <testcase name="@BeforeClass campaign_user_parameter_setup" time="0.0" classname="campaign.CampaignCallFlow">
    <skipped/>
  </testcase> <!-- @BeforeClass campaign_user_parameter_setup -->
  <testcase name="@BeforeClass campaign_list_parameter_setup" time="0.0" classname="campaign.CampaignList">
    <skipped/>
  </testcase> <!-- @BeforeClass campaign_list_parameter_setup -->
  <testcase name="@BeforeClass campaign_user_parameter_setup" time="0.0" classname="campaign.CampaignUser">
    <skipped/>
  </testcase> <!-- @BeforeClass campaign_user_parameter_setup -->
  <testcase name="campaign_with_blank_id" time="0.002" classname="campaign.Campaign">
    <skipped/>
  </testcase> <!-- campaign_with_blank_id -->
  <testcase name="campaign_callflow_with_invalid_access_token" time="0.002" classname="campaign.CampaignCallFlow">
    <skipped/>
  </testcase> <!-- campaign_callflow_with_invalid_access_token -->
  <testcase name="campaign_callflow_with_expired_access_token" time="0.002" classname="campaign.CampaignCallFlow">
    <skipped/>
  </testcase> <!-- campaign_callflow_with_expired_access_token -->
  <testcase name="campaign_callflow_with_valid_access_token" time="0.001" classname="campaign.CampaignCallFlow">
    <skipped/>
  </testcase> <!-- campaign_callflow_with_valid_access_token -->
  <testcase name="campaign_callflow_with_blank_limit" time="0.007" classname="campaign.CampaignCallFlow">
    <skipped/>
  </testcase> <!-- campaign_callflow_with_blank_limit -->
  <testcase name="campaign_callflow_with_invalid_limit" time="0.001" classname="campaign.CampaignCallFlow">
    <skipped/>
  </testcase> <!-- campaign_callflow_with_invalid_limit -->
  <testcase name="campaign_callflow_with_negative_limit" time="0.001" classname="campaign.CampaignCallFlow">
    <skipped/>
  </testcase> <!-- campaign_callflow_with_negative_limit -->
  <testcase name="campaign_callflow_with_0_limit" time="0.001" classname="campaign.CampaignCallFlow">
    <skipped/>
  </testcase> <!-- campaign_callflow_with_0_limit -->
  <testcase name="campaign_callflow_with_valid_limit" time="0.002" classname="campaign.CampaignCallFlow">
    <skipped/>
  </testcase> <!-- campaign_callflow_with_valid_limit -->
  <testcase name="campaign_callflow_with_gt_1000_limit" time="0.002" classname="campaign.CampaignCallFlow">
    <skipped/>
  </testcase> <!-- campaign_callflow_with_gt_1000_limit -->
  <testcase name="campaign_callflow_with_1000_limit" time="0.001" classname="campaign.CampaignCallFlow">
    <skipped/>
  </testcase> <!-- campaign_callflow_with_1000_limit -->
  <testcase name="campaign_callflow_with_blank_offset" time="0.001" classname="campaign.CampaignCallFlow">
    <skipped/>
  </testcase> <!-- campaign_callflow_with_blank_offset -->
  <testcase name="campaign_callflow_with_blank_limit_and_offset" time="0.002" classname="campaign.CampaignCallFlow">
    <skipped/>
  </testcase> <!-- campaign_callflow_with_blank_limit_and_offset -->
  <testcase name="campaign_callflow_with_invalid_offset" time="0.003" classname="campaign.CampaignCallFlow">
    <skipped/>
  </testcase> <!-- campaign_callflow_with_invalid_offset -->
  <testcase name="campaign_callflow_with_negative_offset" time="0.001" classname="campaign.CampaignCallFlow">
    <skipped/>
  </testcase> <!-- campaign_callflow_with_negative_offset -->
  <testcase name="campaign_callflow_with_0_offset" time="0.004" classname="campaign.CampaignCallFlow">
    <skipped/>
  </testcase> <!-- campaign_callflow_with_0_offset -->
  <testcase name="campaign_callflow_with_valid_limit_and_offset" time="0.001" classname="campaign.CampaignCallFlow">
    <skipped/>
  </testcase> <!-- campaign_callflow_with_valid_limit_and_offset -->
  <testcase name="campaign_callflow_with_blank_filter" time="0.001" classname="campaign.CampaignCallFlow">
    <skipped/>
  </testcase> <!-- campaign_callflow_with_blank_filter -->
  <testcase name="campaign_callflow_with_valid_filter_for_campaign_id" time="0.0" classname="campaign.CampaignCallFlow">
    <skipped/>
  </testcase> <!-- campaign_callflow_with_valid_filter_for_campaign_id -->
  <testcase name="campaign_callflow_with_invalid_filter_operator_for_campaign_id" time="0.0" classname="campaign.CampaignCallFlow">
    <skipped/>
  </testcase> <!-- campaign_callflow_with_invalid_filter_operator_for_campaign_id -->
  <testcase name="campaign_callflow_with_filter_for_nonexisting_camp_id" time="0.0" classname="campaign.CampaignCallFlow">
    <skipped/>
  </testcase> <!-- campaign_callflow_with_filter_for_nonexisting_camp_id -->
  <testcase name="campaign_callflow_with_valid_filter_for_camp_ext_id" time="0.001" classname="campaign.CampaignCallFlow">
    <skipped/>
  </testcase> <!-- campaign_callflow_with_valid_filter_for_camp_ext_id -->
  <testcase name="campaign_callflow_with_invalid_filter_operetor_for_camp_ext_id" time="0.001" classname="campaign.CampaignCallFlow">
    <skipped/>
  </testcase> <!-- campaign_callflow_with_invalid_filter_operetor_for_camp_ext_id -->
  <testcase name="campaign_callflow_with_filter_for_nonexisting_camp_ext_id" time="0.001" classname="campaign.CampaignCallFlow">
    <skipped/>
  </testcase> <!-- campaign_callflow_with_filter_for_nonexisting_camp_ext_id -->
  <testcase name="campaign_callflow_with_valid_filter_for_camp_name" time="0.001" classname="campaign.CampaignCallFlow">
    <skipped/>
  </testcase> <!-- campaign_callflow_with_valid_filter_for_camp_name -->
  <testcase name="campaign_callflow_with_invalid_filter_operetor_for_camp_name" time="0.001" classname="campaign.CampaignCallFlow">
    <skipped/>
  </testcase> <!-- campaign_callflow_with_invalid_filter_operetor_for_camp_name -->
  <testcase name="campaign_callflow_with_filter_for_non_existing_camp_name" time="0.001" classname="campaign.CampaignCallFlow">
    <skipped/>
  </testcase> <!-- campaign_callflow_with_filter_for_non_existing_camp_name -->
  <testcase name="campaign_callflow_with_valid_filter_for_camp_status" time="0.002" classname="campaign.CampaignCallFlow">
    <skipped/>
  </testcase> <!-- campaign_callflow_with_valid_filter_for_camp_status -->
  <testcase name="campaign_callflow_with_invalid_filter_operetor_for_camp_status" time="0.001" classname="campaign.CampaignCallFlow">
    <skipped/>
  </testcase> <!-- campaign_callflow_with_invalid_filter_operetor_for_camp_status -->
  <testcase name="campaign_callflow_with_filter_for_deleted_camp_status" time="0.002" classname="campaign.CampaignCallFlow">
    <skipped/>
  </testcase> <!-- campaign_callflow_with_filter_for_deleted_camp_status -->
  <testcase name="campaign_callflow_with_valid_filter_for_camp_created" time="0.001" classname="campaign.CampaignCallFlow">
    <skipped/>
  </testcase> <!-- campaign_callflow_with_valid_filter_for_camp_created -->
  <testcase name="campaign_callflow_with_invalid_filter_operetor_for_camp_created" time="0.001" classname="campaign.CampaignCallFlow">
    <skipped/>
  </testcase> <!-- campaign_callflow_with_invalid_filter_operetor_for_camp_created -->
  <testcase name="campaign_callflow_with_filter_for_nonexisting_camp_created" time="0.002" classname="campaign.CampaignCallFlow">
    <skipped/>
  </testcase> <!-- campaign_callflow_with_filter_for_nonexisting_camp_created -->
  <testcase name="campaign_callflow_with_valid_filter_for_camp_modified" time="0.001" classname="campaign.CampaignCallFlow">
    <skipped/>
  </testcase> <!-- campaign_callflow_with_valid_filter_for_camp_modified -->
  <testcase name="campaign_callflow_with_invalid_filter_operetor_for_camp_modified" time="0.0" classname="campaign.CampaignCallFlow">
    <skipped/>
  </testcase> <!-- campaign_callflow_with_invalid_filter_operetor_for_camp_modified -->
  <testcase name="campaign_callflow_with_filter_for_nonexisting_camp_modified" time="0.001" classname="campaign.CampaignCallFlow">
    <skipped/>
  </testcase> <!-- campaign_callflow_with_filter_for_nonexisting_camp_modified -->
  <testcase name="campaign_callflow_with_valid_filter_for_camp_start_date" time="0.001" classname="campaign.CampaignCallFlow">
    <skipped/>
  </testcase> <!-- campaign_callflow_with_valid_filter_for_camp_start_date -->
  <testcase name="campaign_callflow_with_invalid_filter_operetor_for_camp_start_date" time="0.0" classname="campaign.CampaignCallFlow">
    <skipped/>
  </testcase> <!-- campaign_callflow_with_invalid_filter_operetor_for_camp_start_date -->
  <testcase name="campaign_callflow_with_filter_for_nonexisting_camp_start_date" time="0.001" classname="campaign.CampaignCallFlow">
    <skipped/>
  </testcase> <!-- campaign_callflow_with_filter_for_nonexisting_camp_start_date -->
  <testcase name="campaign_callflow_with_valid_filter_for_camp_end_date" time="0.0" classname="campaign.CampaignCallFlow">
    <skipped/>
  </testcase> <!-- campaign_callflow_with_valid_filter_for_camp_end_date -->
  <testcase name="campaign_callflow_with_invalid_filter_operator_for_camp_end_date" time="0.001" classname="campaign.CampaignCallFlow">
    <skipped/>
  </testcase> <!-- campaign_callflow_with_invalid_filter_operator_for_camp_end_date -->
  <testcase name="campaign_callflow_with_filter_for_nonexisting_camp_end_date" time="0.001" classname="campaign.CampaignCallFlow">
    <skipped/>
  </testcase> <!-- campaign_callflow_with_filter_for_nonexisting_camp_end_date -->
  <testcase name="campaign_callflow_with_valid_filter_for_group_id" time="0.0" classname="campaign.CampaignCallFlow">
    <skipped/>
  </testcase> <!-- campaign_callflow_with_valid_filter_for_group_id -->
  <testcase name="campaign_callflow_with_invalid_filter_operator_for_group_id" time="0.001" classname="campaign.CampaignCallFlow">
    <skipped/>
  </testcase> <!-- campaign_callflow_with_invalid_filter_operator_for_group_id -->
  <testcase name="campaign_callflow_with_filter_for_nonexisting_group_id" time="0.001" classname="campaign.CampaignCallFlow">
    <skipped/>
  </testcase> <!-- campaign_callflow_with_filter_for_nonexisting_group_id -->
  <testcase name="campaign_callflow_with_valid_filter_for_camp_owner_id" time="0.006" classname="campaign.CampaignCallFlow">
    <skipped/>
  </testcase> <!-- campaign_callflow_with_valid_filter_for_camp_owner_id -->
  <testcase name="campaign_callflow_with_invalid_filter_operator_for_camp_owner_id" time="0.0" classname="campaign.CampaignCallFlow">
    <skipped/>
  </testcase> <!-- campaign_callflow_with_invalid_filter_operator_for_camp_owner_id -->
  <testcase name="campaign_callflow_with_filter_for_nonexisting_camp_owner_id" time="0.001" classname="campaign.CampaignCallFlow">
    <skipped/>
  </testcase> <!-- campaign_callflow_with_filter_for_nonexisting_camp_owner_id -->
  <testcase name="campaign_callflow_with_valid_filter_for_callflow_id" time="0.001" classname="campaign.CampaignCallFlow">
    <skipped/>
  </testcase> <!-- campaign_callflow_with_valid_filter_for_callflow_id -->
  <testcase name="campaign_callflow_with_invalid_filter_operator_for_call_flow_id" time="0.002" classname="campaign.CampaignCallFlow">
    <skipped/>
  </testcase> <!-- campaign_callflow_with_invalid_filter_operator_for_call_flow_id -->
  <testcase name="campaign_callflow_with_filter_for_nonexisting_call_flow_id" time="0.001" classname="campaign.CampaignCallFlow">
    <skipped/>
  </testcase> <!-- campaign_callflow_with_filter_for_nonexisting_call_flow_id -->
  <testcase name="campaign_callflow_with_valid_filter_for_route_type" time="0.001" classname="campaign.CampaignCallFlow">
    <skipped/>
  </testcase> <!-- campaign_callflow_with_valid_filter_for_route_type -->
  <testcase name="campaign_callflow_with_invalid_filter_operator_for_route_type" time="0.0" classname="campaign.CampaignCallFlow">
    <skipped/>
  </testcase> <!-- campaign_callflow_with_invalid_filter_operator_for_route_type -->
  <testcase name="campaign_callflow_with_filter_for_invalid_route_type" time="0.001" classname="campaign.CampaignCallFlow">
    <skipped/>
  </testcase> <!-- campaign_callflow_with_filter_for_invalid_route_type -->
  <testcase name="campaign_callflow_with_filter_for_nonexisting_route_type" time="0.001" classname="campaign.CampaignCallFlow">
    <skipped/>
  </testcase> <!-- campaign_callflow_with_filter_for_nonexisting_route_type -->
  <testcase name="campaign_callflow_with_invalid_filter_operator_for_call_flow_name" time="0.0" classname="campaign.CampaignCallFlow">
    <skipped/>
  </testcase> <!-- campaign_callflow_with_invalid_filter_operator_for_call_flow_name -->
  <testcase name="campaign_callflow_with_filter_for_nonexisting_call_flow_name" time="0.0" classname="campaign.CampaignCallFlow">
    <skipped/>
  </testcase> <!-- campaign_callflow_with_filter_for_nonexisting_call_flow_name -->
  <testcase name="campaign_callflow_with_valid_filter_for_call_flow_created" time="0.001" classname="campaign.CampaignCallFlow">
    <skipped/>
  </testcase> <!-- campaign_callflow_with_valid_filter_for_call_flow_created -->
  <testcase name="campaign_callflow_with_invalid_filter_operator_for_call_flow_created" time="0.001" classname="campaign.CampaignCallFlow">
    <skipped/>
  </testcase> <!-- campaign_callflow_with_invalid_filter_operator_for_call_flow_created -->
  <testcase name="campaign_callflow_with_filter_for_nonexisting_call_flow_created" time="0.001" classname="campaign.CampaignCallFlow">
    <skipped/>
  </testcase> <!-- campaign_callflow_with_filter_for_nonexisting_call_flow_created -->
  <testcase name="campaign_callflow_with_valid_filter_for_call_flow_modified" time="0.001" classname="campaign.CampaignCallFlow">
    <skipped/>
  </testcase> <!-- campaign_callflow_with_valid_filter_for_call_flow_modified -->
  <testcase name="campaign_callflow_with_invalid_filter_operator_for_call_flow_modified" time="0.0" classname="campaign.CampaignCallFlow">
    <skipped/>
  </testcase> <!-- campaign_callflow_with_invalid_filter_operator_for_call_flow_modified -->
  <testcase name="campaign_callflow_with_filter_for_nonexisting_call_flow_modified" time="0.0" classname="campaign.CampaignCallFlow">
    <skipped/>
  </testcase> <!-- campaign_callflow_with_filter_for_nonexisting_call_flow_modified -->
  <testcase name="campaign_callflow_with_valid_filter_for_call_flow_status" time="0.001" classname="campaign.CampaignCallFlow">
    <skipped/>
  </testcase> <!-- campaign_callflow_with_valid_filter_for_call_flow_status -->
  <testcase name="campaign_callflow_with_invalid_filter_operator_for_call_flow_status" time="0.001" classname="campaign.CampaignCallFlow">
    <skipped/>
  </testcase> <!-- campaign_callflow_with_invalid_filter_operator_for_call_flow_status -->
  <testcase name="campaign_callflow_with_valid_filter_for_repeat_interval" time="0.0" classname="campaign.CampaignCallFlow">
    <skipped/>
  </testcase> <!-- campaign_callflow_with_valid_filter_for_repeat_interval -->
  <testcase name="campaign_callflow_with_invalid_filter_operator_for_repeat_interval" time="0.001" classname="campaign.CampaignCallFlow">
    <skipped/>
  </testcase> <!-- campaign_callflow_with_invalid_filter_operator_for_repeat_interval -->
  <testcase name="campaign_callflow_with_valid_filter_for_call_value" time="0.0" classname="campaign.CampaignCallFlow">
    <skipped/>
  </testcase> <!-- campaign_callflow_with_valid_filter_for_call_value -->
  <testcase name="campaign_callflow_with_invalid_filter_operator_for_call_value" time="0.0" classname="campaign.CampaignCallFlow">
    <skipped/>
  </testcase> <!-- campaign_callflow_with_invalid_filter_operator_for_call_value -->
  <testcase name="campaign_callflow_with_filter_for_non_existing_call_value" time="0.001" classname="campaign.CampaignCallFlow">
    <skipped/>
  </testcase> <!-- campaign_callflow_with_filter_for_non_existing_call_value -->
  <testcase name="campaign_callflow_with_agency_admin_access_token" time="0.001" classname="campaign.CampaignCallFlow">
    <skipped/>
  </testcase> <!-- campaign_callflow_with_agency_admin_access_token -->
  <testcase name="campaign_list_with_valid_access_token" time="0.001" classname="campaign.CampaignList">
    <skipped/>
  </testcase> <!-- campaign_list_with_valid_access_token -->
  <testcase name="campaign_list_without_access_token" time="0.0" classname="campaign.CampaignList">
    <skipped/>
  </testcase> <!-- campaign_list_without_access_token -->
  <testcase name="campaign_list_with_blank_access_token" time="0.001" classname="campaign.CampaignList">
    <skipped/>
  </testcase> <!-- campaign_list_with_blank_access_token -->
  <testcase name="campaign_list_with_invalid_access_token" time="0.001" classname="campaign.CampaignList">
    <skipped/>
  </testcase> <!-- campaign_list_with_invalid_access_token -->
  <testcase name="campaign_list_with_expired_access_token" time="0.0" classname="campaign.CampaignList">
    <skipped/>
  </testcase> <!-- campaign_list_with_expired_access_token -->
  <testcase name="campaign_list_with_blank_limit" time="0.0" classname="campaign.CampaignList">
    <skipped/>
  </testcase> <!-- campaign_list_with_blank_limit -->
  <testcase name="campaign_list_with_invalid_limit" time="0.0" classname="campaign.CampaignList">
    <skipped/>
  </testcase> <!-- campaign_list_with_invalid_limit -->
  <testcase name="campaign_list_with_negative_limit" time="0.001" classname="campaign.CampaignList">
    <skipped/>
  </testcase> <!-- campaign_list_with_negative_limit -->
  <testcase name="campaign_list_with_valid_limit" time="0.001" classname="campaign.CampaignList">
    <skipped/>
  </testcase> <!-- campaign_list_with_valid_limit -->
  <testcase name="campaign_list_with_gt_2000_limit" time="0.0" classname="campaign.CampaignList">
    <skipped/>
  </testcase> <!-- campaign_list_with_gt_2000_limit -->
  <testcase name="campaign_list_with_1000_limit" time="0.001" classname="campaign.CampaignList">
    <skipped/>
  </testcase> <!-- campaign_list_with_1000_limit -->
  <testcase name="campaign_list_with_blank_offset" time="0.0" classname="campaign.CampaignList">
    <skipped/>
  </testcase> <!-- campaign_list_with_blank_offset -->
  <testcase name="campaign_list_with_blank_limit_and_offset" time="0.0" classname="campaign.CampaignList">
    <skipped/>
  </testcase> <!-- campaign_list_with_blank_limit_and_offset -->
  <testcase name="campaign_list_with_invalid_offset" time="0.001" classname="campaign.CampaignList">
    <skipped/>
  </testcase> <!-- campaign_list_with_invalid_offset -->
  <testcase name="campaign_list_with_negative_offset" time="0.0" classname="campaign.CampaignList">
    <skipped/>
  </testcase> <!-- campaign_list_with_negative_offset -->
  <testcase name="campaign_list_with_valid_offset" time="0.001" classname="campaign.CampaignList">
    <skipped/>
  </testcase> <!-- campaign_list_with_valid_offset -->
  <testcase name="campaign_list_with_valid_limit_and_offset" time="0.0" classname="campaign.CampaignList">
    <skipped/>
  </testcase> <!-- campaign_list_with_valid_limit_and_offset -->
  <testcase name="campaign_list_with_blank_filter" time="0.0" classname="campaign.CampaignList">
    <skipped/>
  </testcase> <!-- campaign_list_with_blank_filter -->
  <testcase name="campaign_list_with_valid_filter_for_camp_id" time="0.0" classname="campaign.CampaignList">
    <skipped/>
  </testcase> <!-- campaign_list_with_valid_filter_for_camp_id -->
  <testcase name="campaign_list_with_gtq_filter_for_camp_id" time="0.001" classname="campaign.CampaignList">
    <skipped/>
  </testcase> <!-- campaign_list_with_gtq_filter_for_camp_id -->
  <testcase name="campaign_list_with_ltq_filter_for_camp_id" time="0.0" classname="campaign.CampaignList">
    <skipped/>
  </testcase> <!-- campaign_list_with_ltq_filter_for_camp_id -->
  <testcase name="campaign_list_with_invalid_filter_operetor_for_camp_id" time="0.001" classname="campaign.CampaignList">
    <skipped/>
  </testcase> <!-- campaign_list_with_invalid_filter_operetor_for_camp_id -->
  <testcase name="campaign_list_with_filter_for_nonexisting_camp_id" time="0.0" classname="campaign.CampaignList">
    <skipped/>
  </testcase> <!-- campaign_list_with_filter_for_nonexisting_camp_id -->
  <testcase name="campaign_list_with_filter_for_agency_camp_id" time="0.001" classname="campaign.CampaignList">
    <skipped/>
  </testcase> <!-- campaign_list_with_filter_for_agency_camp_id -->
  <testcase name="campaign_list_with_filter_for_company_camp_id" time="0.0" classname="campaign.CampaignList">
    <skipped/>
  </testcase> <!-- campaign_list_with_filter_for_company_camp_id -->
  <testcase name="campaign_list_with_filter_for_location_camp_id" time="0.0" classname="campaign.CampaignList">
    <skipped/>
  </testcase> <!-- campaign_list_with_filter_for_location_camp_id -->
  <testcase name="campaign_list_with_valid_filter_for_camp_ext_id" time="0.001" classname="campaign.CampaignList">
    <skipped/>
  </testcase> <!-- campaign_list_with_valid_filter_for_camp_ext_id -->
  <testcase name="campaign_list_with_invalid_filter_operetor_for_camp_ext_id" time="0.0" classname="campaign.CampaignList">
    <skipped/>
  </testcase> <!-- campaign_list_with_invalid_filter_operetor_for_camp_ext_id -->
  <testcase name="campaign_list_with_filter_for_nonexisting_camp_ext_id" time="0.0" classname="campaign.CampaignList">
    <skipped/>
  </testcase> <!-- campaign_list_with_filter_for_nonexisting_camp_ext_id -->
  <testcase name="campaign_list_with_invalid_filter_operetor_for_camp_name" time="0.0" classname="campaign.CampaignList">
    <skipped/>
  </testcase> <!-- campaign_list_with_invalid_filter_operetor_for_camp_name -->
  <testcase name="campaign_list_with_filter_for_non_existing_camp_name" time="0.0" classname="campaign.CampaignList">
    <skipped/>
  </testcase> <!-- campaign_list_with_filter_for_non_existing_camp_name -->
  <testcase name="campaign_list_with_valid_filter_for_camp_status" time="0.0" classname="campaign.CampaignList">
    <skipped/>
  </testcase> <!-- campaign_list_with_valid_filter_for_camp_status -->
  <testcase name="campaign_list_with_invalid_filter_operetor_for_camp_status" time="0.0" classname="campaign.CampaignList">
    <skipped/>
  </testcase> <!-- campaign_list_with_invalid_filter_operetor_for_camp_status -->
  <testcase name="campaign_list_with_filter_for_deleted_camp_status" time="0.001" classname="campaign.CampaignList">
    <skipped/>
  </testcase> <!-- campaign_list_with_filter_for_deleted_camp_status -->
  <testcase name="campaign_list_with_valid_filter_for_camp_created" time="0.001" classname="campaign.CampaignList">
    <skipped/>
  </testcase> <!-- campaign_list_with_valid_filter_for_camp_created -->
  <testcase name="campaign_list_with_invalid_filter_operetor_for_camp_created" time="0.0" classname="campaign.CampaignList">
    <skipped/>
  </testcase> <!-- campaign_list_with_invalid_filter_operetor_for_camp_created -->
  <testcase name="campaign_list_with_filter_for_nonexisting_camp_created" time="0.001" classname="campaign.CampaignList">
    <skipped/>
  </testcase> <!-- campaign_list_with_filter_for_nonexisting_camp_created -->
  <testcase name="campaign_list_with_valid_filter_for_camp_modified" time="0.001" classname="campaign.CampaignList">
    <skipped/>
  </testcase> <!-- campaign_list_with_valid_filter_for_camp_modified -->
  <testcase name="campaign_list_with_invalid_filter_operetor_for_camp_modified" time="0.001" classname="campaign.CampaignList">
    <skipped/>
  </testcase> <!-- campaign_list_with_invalid_filter_operetor_for_camp_modified -->
  <testcase name="campaign_list_with_filter_for_nonexisting_camp_modified" time="0.0" classname="campaign.CampaignList">
    <skipped/>
  </testcase> <!-- campaign_list_with_filter_for_nonexisting_camp_modified -->
  <testcase name="campaign_list_with_valid_filter_for_camp_start_date" time="0.001" classname="campaign.CampaignList">
    <skipped/>
  </testcase> <!-- campaign_list_with_valid_filter_for_camp_start_date -->
  <testcase name="campaign_list_with_invalid_filter_operetor_for_camp_start_date" time="0.0" classname="campaign.CampaignList">
    <skipped/>
  </testcase> <!-- campaign_list_with_invalid_filter_operetor_for_camp_start_date -->
  <testcase name="campaign_list_with_filter_for_nonexisting_camp_start_date" time="0.0" classname="campaign.CampaignList">
    <skipped/>
  </testcase> <!-- campaign_list_with_filter_for_nonexisting_camp_start_date -->
  <testcase name="campaign_list_with_valid_filter_for_camp_end_date" time="0.0" classname="campaign.CampaignList">
    <skipped/>
  </testcase> <!-- campaign_list_with_valid_filter_for_camp_end_date -->
  <testcase name="campaign_list_with_invalid_filter_operator_for_camp_end_date" time="0.0" classname="campaign.CampaignList">
    <skipped/>
  </testcase> <!-- campaign_list_with_invalid_filter_operator_for_camp_end_date -->
  <testcase name="campaign_list_with_filter_for_nonexisting_camp_end_date" time="0.0" classname="campaign.CampaignList">
    <skipped/>
  </testcase> <!-- campaign_list_with_filter_for_nonexisting_camp_end_date -->
  <testcase name="campaign_list_with_valid_filter_for_camp_owner_id" time="0.0" classname="campaign.CampaignList">
    <skipped/>
  </testcase> <!-- campaign_list_with_valid_filter_for_camp_owner_id -->
  <testcase name="campaign_list_with_invalid_filter_operator_for_camp_owner_id" time="0.0" classname="campaign.CampaignList">
    <skipped/>
  </testcase> <!-- campaign_list_with_invalid_filter_operator_for_camp_owner_id -->
  <testcase name="campaign_list_with_filter_for_nonexisting_camp_owner_id" time="0.001" classname="campaign.CampaignList">
    <skipped/>
  </testcase> <!-- campaign_list_with_filter_for_nonexisting_camp_owner_id -->
  <testcase name="campaign_list_with_valid_filter_for_group_id" time="0.001" classname="campaign.CampaignList">
    <skipped/>
  </testcase> <!-- campaign_list_with_valid_filter_for_group_id -->
  <testcase name="campaign_list_with_invalid_filter_operator_for_group_id" time="0.001" classname="campaign.CampaignList">
    <skipped/>
  </testcase> <!-- campaign_list_with_invalid_filter_operator_for_group_id -->
  <testcase name="campaign_list_with_filter_for_nonexisting_group_id" time="0.001" classname="campaign.CampaignList">
    <skipped/>
  </testcase> <!-- campaign_list_with_filter_for_nonexisting_group_id -->
  <testcase name="campaign_list_with_valid_filter_for_owner_fname" time="0.001" classname="campaign.CampaignList">
    <skipped/>
  </testcase> <!-- campaign_list_with_valid_filter_for_owner_fname -->
  <testcase name="campaign_list_with_invalid_filter_operator_for_owner_fname" time="0.0" classname="campaign.CampaignList">
    <skipped/>
  </testcase> <!-- campaign_list_with_invalid_filter_operator_for_owner_fname -->
  <testcase name="campaign_list_with_filter_for_nonexisting_owner_fname" time="0.0" classname="campaign.CampaignList">
    <skipped/>
  </testcase> <!-- campaign_list_with_filter_for_nonexisting_owner_fname -->
  <testcase name="campaign_list_with_valid_filter_for_owner_lname" time="0.001" classname="campaign.CampaignList">
    <skipped/>
  </testcase> <!-- campaign_list_with_valid_filter_for_owner_lname -->
  <testcase name="campaign_list_with_invalid_filter_operator_for_owner_lname" time="0.0" classname="campaign.CampaignList">
    <skipped/>
  </testcase> <!-- campaign_list_with_invalid_filter_operator_for_owner_lname -->
  <testcase name="campaign_list_with_filter_for_nonexisting_owner_lname" time="0.001" classname="campaign.CampaignList">
    <skipped/>
  </testcase> <!-- campaign_list_with_filter_for_nonexisting_owner_lname -->
  <testcase name="campaign_list_with_agency_admin_access_token" time="0.0" classname="campaign.CampaignList">
    <skipped/>
  </testcase> <!-- campaign_list_with_agency_admin_access_token -->
  <testcase name="campaign_user_with_invalid_access_token" time="0.001" classname="campaign.CampaignUser">
    <skipped/>
  </testcase> <!-- campaign_user_with_invalid_access_token -->
  <testcase name="campaign_user_with_expired_access_token" time="0.001" classname="campaign.CampaignUser">
    <skipped/>
  </testcase> <!-- campaign_user_with_expired_access_token -->
  <testcase name="campaign_user_with_valid_access_token" time="0.0" classname="campaign.CampaignUser">
    <skipped/>
  </testcase> <!-- campaign_user_with_valid_access_token -->
  <testcase name="campaign_user_with_blank_limit" time="0.0" classname="campaign.CampaignUser">
    <skipped/>
  </testcase> <!-- campaign_user_with_blank_limit -->
  <testcase name="campaign_user_with_invalid_limit" time="0.0" classname="campaign.CampaignUser">
    <skipped/>
  </testcase> <!-- campaign_user_with_invalid_limit -->
  <testcase name="campaign_user_with_negative_limit" time="0.0" classname="campaign.CampaignUser">
    <skipped/>
  </testcase> <!-- campaign_user_with_negative_limit -->
  <testcase name="campaign_user_with_0_limit" time="0.0" classname="campaign.CampaignUser">
    <skipped/>
  </testcase> <!-- campaign_user_with_0_limit -->
  <testcase name="campaign_user_with_valid_limit" time="0.0" classname="campaign.CampaignUser">
    <skipped/>
  </testcase> <!-- campaign_user_with_valid_limit -->
  <testcase name="campaign_user_with_gt_2000_limit" time="0.0" classname="campaign.CampaignUser">
    <skipped/>
  </testcase> <!-- campaign_user_with_gt_2000_limit -->
  <testcase name="campaign_user_with_2000_limit" time="0.0" classname="campaign.CampaignUser">
    <skipped/>
  </testcase> <!-- campaign_user_with_2000_limit -->
  <testcase name="campaign_user_with_blank_offset" time="0.0" classname="campaign.CampaignUser">
    <skipped/>
  </testcase> <!-- campaign_user_with_blank_offset -->
  <testcase name="campaign_user_with_blank_limit_and_offset" time="0.001" classname="campaign.CampaignUser">
    <skipped/>
  </testcase> <!-- campaign_user_with_blank_limit_and_offset -->
  <testcase name="campaign_user_with_invalid_offset" time="0.0" classname="campaign.CampaignUser">
    <skipped/>
  </testcase> <!-- campaign_user_with_invalid_offset -->
  <testcase name="campaign_user_with_negative_offset" time="0.0" classname="campaign.CampaignUser">
    <skipped/>
  </testcase> <!-- campaign_user_with_negative_offset -->
  <testcase name="campaign_user_with_0_offset" time="0.0" classname="campaign.CampaignUser">
    <skipped/>
  </testcase> <!-- campaign_user_with_0_offset -->
  <testcase name="campaign_user_with_valid_limit_and_offset" time="0.001" classname="campaign.CampaignUser">
    <skipped/>
  </testcase> <!-- campaign_user_with_valid_limit_and_offset -->
  <testcase name="campaign_user_with_blank_filter" time="0.0" classname="campaign.CampaignUser">
    <skipped/>
  </testcase> <!-- campaign_user_with_blank_filter -->
  <testcase name="campaign_user_with_valid_filter_for_campaign_id" time="0.001" classname="campaign.CampaignUser">
    <skipped/>
  </testcase> <!-- campaign_user_with_valid_filter_for_campaign_id -->
  <testcase name="campaign_user_with_invalid_filter_operator_for_campaign_id" time="0.0" classname="campaign.CampaignUser">
    <skipped/>
  </testcase> <!-- campaign_user_with_invalid_filter_operator_for_campaign_id -->
  <testcase name="campaign_user_with_filter_for_nonexisting_camp_id" time="0.0" classname="campaign.CampaignUser">
    <skipped/>
  </testcase> <!-- campaign_user_with_filter_for_nonexisting_camp_id -->
  <testcase name="campaign_user_with_valid_filter_for_camp_ext_id" time="0.0" classname="campaign.CampaignUser">
    <skipped/>
  </testcase> <!-- campaign_user_with_valid_filter_for_camp_ext_id -->
  <testcase name="campaign_user_with_invalid_filter_operator_for_camp_ext_id" time="0.001" classname="campaign.CampaignUser">
    <skipped/>
  </testcase> <!-- campaign_user_with_invalid_filter_operator_for_camp_ext_id -->
  <testcase name="campaign_user_with_filter_for_nonexisting_camp_ext_id" time="0.0" classname="campaign.CampaignUser">
    <skipped/>
  </testcase> <!-- campaign_user_with_filter_for_nonexisting_camp_ext_id -->
  <testcase name="campaign_user_with_valid_filter_for_camp_name" time="0.001" classname="campaign.CampaignUser">
    <skipped/>
  </testcase> <!-- campaign_user_with_valid_filter_for_camp_name -->
  <testcase name="campaign_user_with_invalid_filter_operetor_for_camp_name" time="0.0" classname="campaign.CampaignUser">
    <skipped/>
  </testcase> <!-- campaign_user_with_invalid_filter_operetor_for_camp_name -->
  <testcase name="campaign_user_with_filter_for_non_existing_camp_name" time="0.001" classname="campaign.CampaignUser">
    <skipped/>
  </testcase> <!-- campaign_user_with_filter_for_non_existing_camp_name -->
  <testcase name="campaign_user_with_valid_filter_for_camp_status" time="0.001" classname="campaign.CampaignUser">
    <skipped/>
  </testcase> <!-- campaign_user_with_valid_filter_for_camp_status -->
  <testcase name="campaign_user_with_invalid_filter_operetor_for_camp_status" time="0.0" classname="campaign.CampaignUser">
    <skipped/>
  </testcase> <!-- campaign_user_with_invalid_filter_operetor_for_camp_status -->
  <testcase name="campaign_user_with_filter_for_deleted_camp_status" time="0.001" classname="campaign.CampaignUser">
    <skipped/>
  </testcase> <!-- campaign_user_with_filter_for_deleted_camp_status -->
  <testcase name="campaign_user_with_valid_filter_for_camp_created" time="0.001" classname="campaign.CampaignUser">
    <skipped/>
  </testcase> <!-- campaign_user_with_valid_filter_for_camp_created -->
  <testcase name="campaign_user_with_invalid_filter_operetor_for_camp_created" time="0.0" classname="campaign.CampaignUser">
    <skipped/>
  </testcase> <!-- campaign_user_with_invalid_filter_operetor_for_camp_created -->
  <testcase name="campaign_user_with_filter_for_nonexisting_camp_created" time="0.0" classname="campaign.CampaignUser">
    <skipped/>
  </testcase> <!-- campaign_user_with_filter_for_nonexisting_camp_created -->
  <testcase name="campaign_user_with_valid_filter_for_camp_modified" time="0.001" classname="campaign.CampaignUser">
    <skipped/>
  </testcase> <!-- campaign_user_with_valid_filter_for_camp_modified -->
  <testcase name="campaign_user_with_invalid_filter_operetor_for_camp_modified" time="0.0" classname="campaign.CampaignUser">
    <skipped/>
  </testcase> <!-- campaign_user_with_invalid_filter_operetor_for_camp_modified -->
  <testcase name="campaign_user_with_filter_for_nonexisting_camp_modified" time="0.0" classname="campaign.CampaignUser">
    <skipped/>
  </testcase> <!-- campaign_user_with_filter_for_nonexisting_camp_modified -->
  <testcase name="campaign_user_with_valid_filter_for_camp_start_date" time="0.0" classname="campaign.CampaignUser">
    <skipped/>
  </testcase> <!-- campaign_user_with_valid_filter_for_camp_start_date -->
  <testcase name="campaign_user_with_invalid_filter_operetor_for_camp_start_date" time="0.0" classname="campaign.CampaignUser">
    <skipped/>
  </testcase> <!-- campaign_user_with_invalid_filter_operetor_for_camp_start_date -->
  <testcase name="campaign_user_with_filter_for_nonexisting_camp_start_date" time="0.0" classname="campaign.CampaignUser">
    <skipped/>
  </testcase> <!-- campaign_user_with_filter_for_nonexisting_camp_start_date -->
  <testcase name="campaign_user_with_valid_filter_for_camp_end_date" time="0.0" classname="campaign.CampaignUser">
    <skipped/>
  </testcase> <!-- campaign_user_with_valid_filter_for_camp_end_date -->
  <testcase name="campaign_user_with_invalid_filter_operator_for_camp_end_date" time="0.0" classname="campaign.CampaignUser">
    <skipped/>
  </testcase> <!-- campaign_user_with_invalid_filter_operator_for_camp_end_date -->
  <testcase name="campaign_user_with_filter_for_nonexisting_camp_end_date" time="0.0" classname="campaign.CampaignUser">
    <skipped/>
  </testcase> <!-- campaign_user_with_filter_for_nonexisting_camp_end_date -->
  <testcase name="campaign_user_with_valid_filter_for_group_id" time="0.0" classname="campaign.CampaignUser">
    <skipped/>
  </testcase> <!-- campaign_user_with_valid_filter_for_group_id -->
  <testcase name="campaign_user_with_invalid_filter_operator_for_group_id" time="0.001" classname="campaign.CampaignUser">
    <skipped/>
  </testcase> <!-- campaign_user_with_invalid_filter_operator_for_group_id -->
  <testcase name="campaign_user_with_filter_for_nonexisting_group_id" time="0.0" classname="campaign.CampaignUser">
    <skipped/>
  </testcase> <!-- campaign_user_with_filter_for_nonexisting_group_id -->
  <testcase name="campaign_user_with_valid_filter_for_camp_owner_id" time="0.0" classname="campaign.CampaignUser">
    <skipped/>
  </testcase> <!-- campaign_user_with_valid_filter_for_camp_owner_id -->
  <testcase name="campaign_user_with_invalid_filter_operator_for_camp_owner_id" time="0.0" classname="campaign.CampaignUser">
    <skipped/>
  </testcase> <!-- campaign_user_with_invalid_filter_operator_for_camp_owner_id -->
  <testcase name="campaign_user_with_filter_for_nonexisting_camp_owner_id" time="0.0" classname="campaign.CampaignUser">
    <skipped/>
  </testcase> <!-- campaign_user_with_filter_for_nonexisting_camp_owner_id -->
  <testcase name="campaign_user_with_valid_filter_for_ct_user_id" time="0.0" classname="campaign.CampaignUser">
    <skipped/>
  </testcase> <!-- campaign_user_with_valid_filter_for_ct_user_id -->
  <testcase name="campaign_user_with_invalid_filter_operator_for_ct_user_id" time="0.001" classname="campaign.CampaignUser">
    <skipped/>
  </testcase> <!-- campaign_user_with_invalid_filter_operator_for_ct_user_id -->
  <testcase name="campaign_user_with_filter_for_nonexisting_ct_user_id" time="0.0" classname="campaign.CampaignUser">
    <skipped/>
  </testcase> <!-- campaign_user_with_filter_for_nonexisting_ct_user_id -->
  <testcase name="campaign_user_with_valid_filter_for_user_ext_id" time="0.0" classname="campaign.CampaignUser">
    <skipped/>
  </testcase> <!-- campaign_user_with_valid_filter_for_user_ext_id -->
  <testcase name="campaign_user_with_invalid_filter_operator_for_user_ext_id" time="0.001" classname="campaign.CampaignUser">
    <skipped/>
  </testcase> <!-- campaign_user_with_invalid_filter_operator_for_user_ext_id -->
  <testcase name="campaign_user_with_filter_for_nonexisting_user_ext_id" time="0.001" classname="campaign.CampaignUser">
    <skipped/>
  </testcase> <!-- campaign_user_with_filter_for_nonexisting_user_ext_id -->
  <testcase name="campaign_user_with_valid_filter_for_first_name" time="0.0" classname="campaign.CampaignUser">
    <skipped/>
  </testcase> <!-- campaign_user_with_valid_filter_for_first_name -->
  <testcase name="campaign_user_with_invalid_filter_operator_for_first_name" time="0.001" classname="campaign.CampaignUser">
    <skipped/>
  </testcase> <!-- campaign_user_with_invalid_filter_operator_for_first_name -->
  <testcase name="campaign_user_with_filter_for_nonexisting_first_name" time="0.001" classname="campaign.CampaignUser">
    <skipped/>
  </testcase> <!-- campaign_user_with_filter_for_nonexisting_first_name -->
  <testcase name="campaign_user_with_valid_filter_for_last_name" time="0.0" classname="campaign.CampaignUser">
    <skipped/>
  </testcase> <!-- campaign_user_with_valid_filter_for_last_name -->
  <testcase name="campaign_user_with_invalid_filter_operator_for_last_name" time="0.001" classname="campaign.CampaignUser">
    <skipped/>
  </testcase> <!-- campaign_user_with_invalid_filter_operator_for_last_name -->
  <testcase name="campaign_user_with_filter_for_nonexisting_last_name" time="0.001" classname="campaign.CampaignUser">
    <skipped/>
  </testcase> <!-- campaign_user_with_filter_for_nonexisting_last_name -->
  <testcase name="campaign_user_with_invalid_filter_operator_for_user_title" time="0.0" classname="campaign.CampaignUser">
    <skipped/>
  </testcase> <!-- campaign_user_with_invalid_filter_operator_for_user_title -->
  <testcase name="campaign_user_with_filter_for_nonexisting_user_title" time="0.001" classname="campaign.CampaignUser">
    <skipped/>
  </testcase> <!-- campaign_user_with_filter_for_nonexisting_user_title -->
  <testcase name="campaign_user_with_valid_filter_for_user_status" time="0.001" classname="campaign.CampaignUser">
    <skipped/>
  </testcase> <!-- campaign_user_with_valid_filter_for_user_status -->
  <testcase name="campaign_user_with_invalid_filter_operator_for_user_status" time="0.0" classname="campaign.CampaignUser">
    <skipped/>
  </testcase> <!-- campaign_user_with_invalid_filter_operator_for_user_status -->
  <testcase name="campaign_user_with_valid_filter_for_role_id" time="0.0" classname="campaign.CampaignUser">
    <skipped/>
  </testcase> <!-- campaign_user_with_valid_filter_for_role_id -->
  <testcase name="campaign_user_with_invalid_filter_operator_for_role_id" time="0.001" classname="campaign.CampaignUser">
    <skipped/>
  </testcase> <!-- campaign_user_with_invalid_filter_operator_for_role_id -->
  <testcase name="campaign_user_with_filter_for_nonexisting_role_id" time="0.0" classname="campaign.CampaignUser">
    <skipped/>
  </testcase> <!-- campaign_user_with_filter_for_nonexisting_role_id -->
  <testcase name="campaign_user_with_valid_filter_for_user_email" time="0.001" classname="campaign.CampaignUser">
    <skipped/>
  </testcase> <!-- campaign_user_with_valid_filter_for_user_email -->
  <testcase name="campaign_user_with_invalid_filter_operator_for_user_email" time="0.0" classname="campaign.CampaignUser">
    <skipped/>
  </testcase> <!-- campaign_user_with_invalid_filter_operator_for_user_email -->
  <testcase name="campaign_user_with_filter_for_nonexisting_user_email" time="0.001" classname="campaign.CampaignUser">
    <skipped/>
  </testcase> <!-- campaign_user_with_filter_for_nonexisting_user_email -->
  <testcase name="campaign_user_with_filter_for_invalid_user_email" time="0.0" classname="campaign.CampaignUser">
    <skipped/>
  </testcase> <!-- campaign_user_with_filter_for_invalid_user_email -->
  <testcase name="campaign_user_with_agency_admin_access_token" time="0.001" classname="campaign.CampaignUser">
    <skipped/>
  </testcase> <!-- campaign_user_with_agency_admin_access_token -->
</testsuite> <!-- campaign -->
