<?xml version="1.0" encoding="UTF-8"?>
<!-- Generated by org.testng.reporters.JUnitXMLReporter -->
<testsuite hostname="comp-Lenovo-V110-15ISK" name="customsource" tests="112" failures="0" timestamp="28 Aug 2020 15:26:43 GMT" time="11.802" errors="0">
  <testcase name="get_custom_source_without_access_token" time="0.0" classname="customsource.GetCustomSource">
    <skipped/>
  </testcase> <!-- get_custom_source_without_access_token -->
  <testcase name="get_custom_source_with_invalid_access_token" time="0.0" classname="customsource.GetCustomSource">
    <skipped/>
  </testcase> <!-- get_custom_source_with_invalid_access_token -->
  <testcase name="get_custom_source_with_expired_access_token" time="0.0" classname="customsource.GetCustomSource">
    <skipped/>
  </testcase> <!-- get_custom_source_with_expired_access_token -->
  <testcase name="get_custom_source_with_valid_access_token" time="0.0" classname="customsource.GetCustomSource">
    <skipped/>
  </testcase> <!-- get_custom_source_with_valid_access_token -->
  <testcase name="get_custom_source_with_blank_limit" time="0.0" classname="customsource.GetCustomSource">
    <skipped/>
  </testcase> <!-- get_custom_source_with_blank_limit -->
  <testcase name="get_custom_source_with_invalid_limit" time="0.001" classname="customsource.GetCustomSource">
    <skipped/>
  </testcase> <!-- get_custom_source_with_invalid_limit -->
  <testcase name="get_custom_source_with_negative_limit" time="0.001" classname="customsource.GetCustomSource">
    <skipped/>
  </testcase> <!-- get_custom_source_with_negative_limit -->
  <testcase name="get_custom_source_with_valid_limit" time="0.0" classname="customsource.GetCustomSource">
    <skipped/>
  </testcase> <!-- get_custom_source_with_valid_limit -->
  <testcase name="get_custom_source_with_blank_offset" time="0.001" classname="customsource.GetCustomSource">
    <skipped/>
  </testcase> <!-- get_custom_source_with_blank_offset -->
  <testcase name="get_custom_source_with_invalid_offset" time="0.0" classname="customsource.GetCustomSource">
    <skipped/>
  </testcase> <!-- get_custom_source_with_invalid_offset -->
  <testcase name="get_custom_source_with_negative_offset" time="0.001" classname="customsource.GetCustomSource">
    <skipped/>
  </testcase> <!-- get_custom_source_with_negative_offset -->
  <testcase name="get_custom_source_with_valid_offset" time="0.0" classname="customsource.GetCustomSource">
    <skipped/>
  </testcase> <!-- get_custom_source_with_valid_offset -->
  <testcase name="get_custom_source_with_blank_filter" time="0.0" classname="customsource.GetCustomSource">
    <skipped/>
  </testcase> <!-- get_custom_source_with_blank_filter -->
  <testcase name="get_custom_source_with_invalid_filter" time="0.001" classname="customsource.GetCustomSource">
    <skipped/>
  </testcase> <!-- get_custom_source_with_invalid_filter -->
  <testcase name="get_custom_source_with_filter_for_custom_source_id_without_value" time="0.0" classname="customsource.GetCustomSource">
    <skipped/>
  </testcase> <!-- get_custom_source_with_filter_for_custom_source_id_without_value -->
  <testcase name="get_custom_source_with_filter_for_custom_source_id_with_blank_value" time="0.0" classname="customsource.GetCustomSource">
    <skipped/>
  </testcase> <!-- get_custom_source_with_filter_for_custom_source_id_with_blank_value -->
  <testcase name="get_custom_source_with_filter_for_custom_source_id_with_invalid_value" time="0.0" classname="customsource.GetCustomSource">
    <skipped/>
  </testcase> <!-- get_custom_source_with_filter_for_custom_source_id_with_invalid_value -->
  <testcase name="get_custom_source_with_filter_for_custom_source_id_with_invalid_operator" time="0.001" classname="customsource.GetCustomSource">
    <skipped/>
  </testcase> <!-- get_custom_source_with_filter_for_custom_source_id_with_invalid_operator -->
  <testcase name="get_custom_source_with_filter_for_custom_source_id_with_non_existing_value" time="0.0" classname="customsource.GetCustomSource">
    <skipped/>
  </testcase> <!-- get_custom_source_with_filter_for_custom_source_id_with_non_existing_value -->
  <testcase name="get_custom_source_with_filter_for_custom_source_id" time="0.0" classname="customsource.GetCustomSource">
    <skipped/>
  </testcase> <!-- get_custom_source_with_filter_for_custom_source_id -->
  <testcase name="get_custom_source_with_filter_for_custom_source_name_without_value" time="0.0" classname="customsource.GetCustomSource">
    <skipped/>
  </testcase> <!-- get_custom_source_with_filter_for_custom_source_name_without_value -->
  <testcase name="get_custom_source_with_filter_for_custom_source_name_with_blank_value" time="0.0" classname="customsource.GetCustomSource">
    <skipped/>
  </testcase> <!-- get_custom_source_with_filter_for_custom_source_name_with_blank_value -->
  <testcase name="get_custom_source_with_filter_for_custom_source_name_with_non_existing_value" time="0.001" classname="customsource.GetCustomSource">
    <skipped/>
  </testcase> <!-- get_custom_source_with_filter_for_custom_source_name_with_non_existing_value -->
  <testcase name="get_custom_source_with_filter_for_custom_source_name_with_invalid_operator" time="0.0" classname="customsource.GetCustomSource">
    <skipped/>
  </testcase> <!-- get_custom_source_with_filter_for_custom_source_name_with_invalid_operator -->
  <testcase name="get_custom_source_with_filter_for_custom_source_name" time="0.0" classname="customsource.GetCustomSource">
    <skipped/>
  </testcase> <!-- get_custom_source_with_filter_for_custom_source_name -->
  <testcase name="get_custom_source_with_filter_for_org_unit_id_without_value" time="0.0" classname="customsource.GetCustomSource">
    <skipped/>
  </testcase> <!-- get_custom_source_with_filter_for_org_unit_id_without_value -->
  <testcase name="get_custom_source_with_filter_for_org_unit_id_with_blank_value" time="0.001" classname="customsource.GetCustomSource">
    <skipped/>
  </testcase> <!-- get_custom_source_with_filter_for_org_unit_id_with_blank_value -->
  <testcase name="get_custom_source_with_filter_for_org_unit_id_with_invalgroupId" time="0.0" classname="customsource.GetCustomSource">
    <skipped/>
  </testcase> <!-- get_custom_source_with_filter_for_org_unit_id_with_invalgroupId -->
  <testcase name="get_custom_source_with_filter_for_org_unit_id_with_invalid_operator" time="0.0" classname="customsource.GetCustomSource">
    <skipped/>
  </testcase> <!-- get_custom_source_with_filter_for_org_unit_id_with_invalid_operator -->
  <testcase name="get_custom_source_with_filter_for_org_unit_id_with_non_existing_value" time="0.0" classname="customsource.GetCustomSource">
    <skipped/>
  </testcase> <!-- get_custom_source_with_filter_for_org_unit_id_with_non_existing_value -->
  <testcase name="get_custom_source_with_filter_for_org_unit_id" time="0.001" classname="customsource.GetCustomSource">
    <skipped/>
  </testcase> <!-- get_custom_source_with_filter_for_org_unit_id -->
  <testcase name="get_custom_source_with_group_id_which_have_no_cs" time="0.0" classname="customsource.GetCustomSource">
    <skipped/>
  </testcase> <!-- get_custom_source_with_group_id_which_have_no_cs -->
  <testcase name="get_custom_source_with_agency_admin_access_token" time="0.0" classname="customsource.GetCustomSource">
    <skipped/>
  </testcase> <!-- get_custom_source_with_agency_admin_access_token -->
  <testcase name="delete_callflow_customsource_without_access_token" time="0.0" classname="customsource.DeleteCallflowCustomSource">
    <skipped/>
  </testcase> <!-- delete_callflow_customsource_without_access_token -->
  <testcase name="delete_callflow_customsource_with_invalid_access_token" time="0.0" classname="customsource.DeleteCallflowCustomSource">
    <skipped/>
  </testcase> <!-- delete_callflow_customsource_with_invalid_access_token -->
  <testcase name="delete_callflow_customsource_with_expired_access_token" time="0.0" classname="customsource.DeleteCallflowCustomSource">
    <skipped/>
  </testcase> <!-- delete_callflow_customsource_with_expired_access_token -->
  <testcase name="delete_callflow_customsource_with_valid_access_token" time="0.0" classname="customsource.DeleteCallflowCustomSource">
    <skipped/>
  </testcase> <!-- delete_callflow_customsource_with_valid_access_token -->
  <testcase name="delete_callflow_customsource_with_blank_array" time="0.0" classname="customsource.DeleteCallflowCustomSource">
    <skipped/>
  </testcase> <!-- delete_callflow_customsource_with_blank_array -->
  <testcase name="delete_callflow_customsource_without_any_params" time="0.001" classname="customsource.DeleteCallflowCustomSource">
    <skipped/>
  </testcase> <!-- delete_callflow_customsource_without_any_params -->
  <testcase name="delete_callflow_customsource_without_passing_call_flow_id" time="0.0" classname="customsource.DeleteCallflowCustomSource">
    <skipped/>
  </testcase> <!-- delete_callflow_customsource_without_passing_call_flow_id -->
  <testcase name="delete_callflow_customsource_with_blank_call_flow_id" time="0.0" classname="customsource.DeleteCallflowCustomSource">
    <skipped/>
  </testcase> <!-- delete_callflow_customsource_with_blank_call_flow_id -->
  <testcase name="delete_callflow_customsource_with_nonexisting_call_flow_id" time="0.001" classname="customsource.DeleteCallflowCustomSource">
    <skipped/>
  </testcase> <!-- delete_callflow_customsource_with_nonexisting_call_flow_id -->
  <testcase name="delete_callflow_customsource_with_other_billing_call_flow_id" time="0.0" classname="customsource.DeleteCallflowCustomSource">
    <skipped/>
  </testcase> <!-- delete_callflow_customsource_with_other_billing_call_flow_id -->
  <testcase name="delete_callflow_customsource_with_invalid_call_flow_id" time="0.0" classname="customsource.DeleteCallflowCustomSource">
    <skipped/>
  </testcase> <!-- delete_callflow_customsource_with_invalid_call_flow_id -->
  <testcase name="delete_callflow_customsource_with_valid_call_flow_id" time="0.0" classname="customsource.DeleteCallflowCustomSource">
    <skipped/>
  </testcase> <!-- delete_callflow_customsource_with_valid_call_flow_id -->
  <testcase name="delete_callflow_customsource_without_passing_type" time="0.001" classname="customsource.DeleteCallflowCustomSource">
    <skipped/>
  </testcase> <!-- delete_callflow_customsource_without_passing_type -->
  <testcase name="delete_callflow_customsource_with_blank_type" time="0.001" classname="customsource.DeleteCallflowCustomSource">
    <skipped/>
  </testcase> <!-- delete_callflow_customsource_with_blank_type -->
  <testcase name="delete_callflow_customsource_with_invalid_type" time="0.0" classname="customsource.DeleteCallflowCustomSource">
    <skipped/>
  </testcase> <!-- delete_callflow_customsource_with_invalid_type -->
  <testcase name="delete_callflow_customsource_with_non_existing_type" time="0.0" classname="customsource.DeleteCallflowCustomSource">
    <skipped/>
  </testcase> <!-- delete_callflow_customsource_with_non_existing_type -->
  <testcase name="delete_callflow_customsource_with_valid_type" time="0.001" classname="customsource.DeleteCallflowCustomSource">
    <skipped/>
  </testcase> <!-- delete_callflow_customsource_with_valid_type -->
  <testcase name="delete_callflow_customsource_with_all_types" time="0.001" classname="customsource.DeleteCallflowCustomSource">
    <skipped/>
  </testcase> <!-- delete_callflow_customsource_with_all_types -->
  <testcase name="delete_callflow_customsource_with_some_types_value" time="0.001" classname="customsource.DeleteCallflowCustomSource">
    <skipped/>
  </testcase> <!-- delete_callflow_customsource_with_some_types_value -->
  <testcase name="delete_callflow_customsource_with_type_where_cs_is_not_added" time="0.001" classname="customsource.DeleteCallflowCustomSource">
    <skipped/>
  </testcase> <!-- delete_callflow_customsource_with_type_where_cs_is_not_added -->
  <testcase name="delete_callflow_customsource_with_agency_admin_access_token" time="0.0" classname="customsource.DeleteCallflowCustomSource">
    <skipped/>
  </testcase> <!-- delete_callflow_customsource_with_agency_admin_access_token -->
  <testcase name="delete_callflow_customsource_from_multiple_callflow" time="0.001" classname="customsource.DeleteCallflowCustomSource">
    <skipped/>
  </testcase> <!-- delete_callflow_customsource_from_multiple_callflow -->
  <testcase name="delete_custom_source_without_access_token" time="0.0" classname="customsource.DeleteCustomSource">
    <skipped/>
  </testcase> <!-- delete_custom_source_without_access_token -->
  <testcase name="delete_custom_source_with_invalid_access_token" time="0.0" classname="customsource.DeleteCustomSource">
    <skipped/>
  </testcase> <!-- delete_custom_source_with_invalid_access_token -->
  <testcase name="delete_custom_source_with_expired_access_token" time="0.0" classname="customsource.DeleteCustomSource">
    <skipped/>
  </testcase> <!-- delete_custom_source_with_expired_access_token -->
  <testcase name="delete_custom_source_with_valid_access_token" time="0.0" classname="customsource.DeleteCustomSource">
    <skipped/>
  </testcase> <!-- delete_custom_source_with_valid_access_token -->
  <testcase name="delete_custom_source_with_blank_json" time="0.001" classname="customsource.DeleteCustomSource">
    <skipped/>
  </testcase> <!-- delete_custom_source_with_blank_json -->
  <testcase name="delete_custom_source_with_blank_custom_source" time="0.001" classname="customsource.DeleteCustomSource">
    <skipped/>
  </testcase> <!-- delete_custom_source_with_blank_custom_source -->
  <testcase name="delete_custom_source_with_negative_custom_source" time="0.0" classname="customsource.DeleteCustomSource">
    <skipped/>
  </testcase> <!-- delete_custom_source_with_negative_custom_source -->
  <testcase name="delete_custom_source_with_deleted_custom_source_id" time="0.0" classname="customsource.DeleteCustomSource">
    <skipped/>
  </testcase> <!-- delete_custom_source_with_deleted_custom_source_id -->
  <testcase name="delete_custom_source_with_valid_custom_source_id" time="0.0" classname="customsource.DeleteCustomSource">
    <skipped/>
  </testcase> <!-- delete_custom_source_with_valid_custom_source_id -->
  <testcase name="post_callflow_customsource_without_access_token" time="0.0" classname="customsource.PostCallflowCustomSource">
    <skipped/>
  </testcase> <!-- post_callflow_customsource_without_access_token -->
  <testcase name="post_callflow_customsource_with_invalid_access_token" time="0.0" classname="customsource.PostCallflowCustomSource">
    <skipped/>
  </testcase> <!-- post_callflow_customsource_with_invalid_access_token -->
  <testcase name="post_callflow_customsource_with_expired_access_token" time="0.0" classname="customsource.PostCallflowCustomSource">
    <skipped/>
  </testcase> <!-- post_callflow_customsource_with_expired_access_token -->
  <testcase name="post_callflow_customsource_with_valid_access_token" time="0.001" classname="customsource.PostCallflowCustomSource">
    <skipped/>
  </testcase> <!-- post_callflow_customsource_with_valid_access_token -->
  <testcase name="post_custom_source_with_blank_array" time="0.001" classname="customsource.PostCallflowCustomSource">
    <skipped/>
  </testcase> <!-- post_custom_source_with_blank_array -->
  <testcase name="post_callflow_customsource_without_any_params" time="0.0" classname="customsource.PostCallflowCustomSource">
    <skipped/>
  </testcase> <!-- post_callflow_customsource_without_any_params -->
  <testcase name="post_callflow_customsource_without_call_flow_id" time="0.0" classname="customsource.PostCallflowCustomSource">
    <skipped/>
  </testcase> <!-- post_callflow_customsource_without_call_flow_id -->
  <testcase name="post_callflow_customsource_with_blank_call_flow_id" time="0.0" classname="customsource.PostCallflowCustomSource">
    <skipped/>
  </testcase> <!-- post_callflow_customsource_with_blank_call_flow_id -->
  <testcase name="post_callflow_customsource_with_invalid_call_flow_id" time="0.001" classname="customsource.PostCallflowCustomSource">
    <skipped/>
  </testcase> <!-- post_callflow_customsource_with_invalid_call_flow_id -->
  <testcase name="post_callflow_customsource_with_negative_call_flow_id" time="0.0" classname="customsource.PostCallflowCustomSource">
    <skipped/>
  </testcase> <!-- post_callflow_customsource_with_negative_call_flow_id -->
  <testcase name="post_callflow_customsource_with_non_existing_call_flow_id" time="0.0" classname="customsource.PostCallflowCustomSource">
    <skipped/>
  </testcase> <!-- post_callflow_customsource_with_non_existing_call_flow_id -->
  <testcase name="post_callflow_customsource_with_deleted_call_flow_id" time="0.0" classname="customsource.PostCallflowCustomSource">
    <skipped/>
  </testcase> <!-- post_callflow_customsource_with_deleted_call_flow_id -->
  <testcase name="post_callflow_customsource_with_other_billing_call_flow_id" time="0.0" classname="customsource.PostCallflowCustomSource">
    <skipped/>
  </testcase> <!-- post_callflow_customsource_with_other_billing_call_flow_id -->
  <testcase name="post_callflow_customsource_with_valid_call_flow_id" time="0.0" classname="customsource.PostCallflowCustomSource">
    <skipped/>
  </testcase> <!-- post_callflow_customsource_with_valid_call_flow_id -->
  <testcase name="post_callflow_customsource_without_any_custom_source" time="0.001" classname="customsource.PostCallflowCustomSource">
    <skipped/>
  </testcase> <!-- post_callflow_customsource_without_any_custom_source -->
  <testcase name="post_callflow_customsource_with_blank_custom_source" time="0.001" classname="customsource.PostCallflowCustomSource">
    <skipped/>
  </testcase> <!-- post_callflow_customsource_with_blank_custom_source -->
  <testcase name="post_callflow_customsource_with_invalid_custom_source_id" time="0.0" classname="customsource.PostCallflowCustomSource">
    <skipped/>
  </testcase> <!-- post_callflow_customsource_with_invalid_custom_source_id -->
  <testcase name="post_callflow_customsource_on_all_custom_source_type" time="0.0" classname="customsource.PostCallflowCustomSource">
    <skipped/>
  </testcase> <!-- post_callflow_customsource_on_all_custom_source_type -->
  <testcase name="post_callflow_customsource_on_some_custom_source_type" time="0.0" classname="customsource.PostCallflowCustomSource">
    <skipped/>
  </testcase> <!-- post_callflow_customsource_on_some_custom_source_type -->
  <testcase name="post_callflow_customsource_to_callflow_which_already_have_cs" time="0.0" classname="customsource.PostCallflowCustomSource">
    <skipped/>
  </testcase> <!-- post_callflow_customsource_to_callflow_which_already_have_cs -->
  <testcase name="post_callflow_customsource_with_negative_custom_source_id" time="0.0" classname="customsource.PostCallflowCustomSource">
    <skipped/>
  </testcase> <!-- post_callflow_customsource_with_negative_custom_source_id -->
  <testcase name="post_callflow_customsource_with_other_billing_custom_source_id" time="0.001" classname="customsource.PostCallflowCustomSource">
    <skipped/>
  </testcase> <!-- post_callflow_customsource_with_other_billing_custom_source_id -->
  <testcase name="post_callflow_customsource_with_deleted_custom_source_id" time="0.0" classname="customsource.PostCallflowCustomSource">
    <skipped/>
  </testcase> <!-- post_callflow_customsource_with_deleted_custom_source_id -->
  <testcase name="post_callflow_customsource_non_existing_custom_source_id" time="0.0" classname="customsource.PostCallflowCustomSource">
    <skipped/>
  </testcase> <!-- post_callflow_customsource_non_existing_custom_source_id -->
  <testcase name="post_callflow_customsource_with_valid_and_invalid_cs_id" time="0.001" classname="customsource.PostCallflowCustomSource">
    <skipped/>
  </testcase> <!-- post_callflow_customsource_with_valid_and_invalid_cs_id -->
  <testcase name="post_callflow_customsource_with_non_existing_custom_source_type" time="0.001" classname="customsource.PostCallflowCustomSource">
    <skipped/>
  </testcase> <!-- post_callflow_customsource_with_non_existing_custom_source_type -->
  <testcase name="post_callflow_customsource_with_more_than_5_custom_source_type" time="0.0" classname="customsource.PostCallflowCustomSource">
    <skipped/>
  </testcase> <!-- post_callflow_customsource_with_more_than_5_custom_source_type -->
  <testcase name="post_callflow_customsource_with_agency_admin_access_token" time="0.0" classname="customsource.PostCallflowCustomSource">
    <skipped/>
  </testcase> <!-- post_callflow_customsource_with_agency_admin_access_token -->
  <testcase name="post_custom_source_without_access_token" time="0.0" classname="customsource.PostCustomSource">
    <skipped/>
  </testcase> <!-- post_custom_source_without_access_token -->
  <testcase name="post_custom_source_with_invalid_access_token" time="0.0" classname="customsource.PostCustomSource">
    <skipped/>
  </testcase> <!-- post_custom_source_with_invalid_access_token -->
  <testcase name="post_custom_source_with_expired_access_token" time="0.001" classname="customsource.PostCustomSource">
    <skipped/>
  </testcase> <!-- post_custom_source_with_expired_access_token -->
  <testcase name="post_custom_source_with_valid_access_token" time="0.0" classname="customsource.PostCustomSource">
    <skipped/>
  </testcase> <!-- post_custom_source_with_valid_access_token -->
  <testcase name="post_custom_source_with_blank_array" time="0.0" classname="customsource.PostCustomSource">
    <skipped/>
  </testcase> <!-- post_custom_source_with_blank_array -->
  <testcase name="post_custom_source_with_no_params" time="0.0" classname="customsource.PostCustomSource">
    <skipped/>
  </testcase> <!-- post_custom_source_with_no_params -->
  <testcase name="post_custom_source_without_custom_source_name" time="0.0" classname="customsource.PostCustomSource">
    <skipped/>
  </testcase> <!-- post_custom_source_without_custom_source_name -->
  <testcase name="post_custom_source_with_blank_custom_source_name" time="0.0" classname="customsource.PostCustomSource">
    <skipped/>
  </testcase> <!-- post_custom_source_with_blank_custom_source_name -->
  <testcase name="post_custom_source_with_empty_custom_source_name" time="0.0" classname="customsource.PostCustomSource">
    <skipped/>
  </testcase> <!-- post_custom_source_with_empty_custom_source_name -->
  <testcase name="post_custom_source_with_valid_custom_source_name" time="0.0" classname="customsource.PostCustomSource">
    <skipped/>
  </testcase> <!-- post_custom_source_with_valid_custom_source_name -->
  <testcase name="post_custom_source_with_duplicate_custom_source_name" time="0.001" classname="customsource.PostCustomSource">
    <skipped/>
  </testcase> <!-- post_custom_source_with_duplicate_custom_source_name -->
  <testcase name="post_custom_source_with_deleted_custom_source_name" time="0.001" classname="customsource.PostCustomSource">
    <skipped/>
  </testcase> <!-- post_custom_source_with_deleted_custom_source_name -->
  <testcase name="post_custom_source_without_org_unit_id" time="0.0" classname="customsource.PostCustomSource">
    <skipped/>
  </testcase> <!-- post_custom_source_without_org_unit_id -->
  <testcase name="post_custom_source_with_blank_org_unit_id" time="0.001" classname="customsource.PostCustomSource">
    <skipped/>
  </testcase> <!-- post_custom_source_with_blank_org_unit_id -->
  <testcase name="post_custom_source_with_non_existing_org_unit_id" time="0.0" classname="customsource.PostCustomSource">
    <skipped/>
  </testcase> <!-- post_custom_source_with_non_existing_org_unit_id -->
  <testcase name="post_custom_source_with_other_billing_org_unit_id" time="0.001" classname="customsource.PostCustomSource">
    <skipped/>
  </testcase> <!-- post_custom_source_with_other_billing_org_unit_id -->
  <testcase name="post_custom_source_with_invalid_org_unit_id" time="0.0" classname="customsource.PostCustomSource">
    <skipped/>
  </testcase> <!-- post_custom_source_with_invalid_org_unit_id -->
  <testcase name="post_custom_source_with_multiple_cs_using_same_name" time="0.0" classname="customsource.PostCustomSource">
    <skipped/>
  </testcase> <!-- post_custom_source_with_multiple_cs_using_same_name -->
  <testcase name="post_custom_source_with_multiple_cs" time="0.001" classname="customsource.PostCustomSource">
    <skipped/>
  </testcase> <!-- post_custom_source_with_multiple_cs -->
  <testcase name="post_custom_source_with_agency_admin_access_token" time="0.0" classname="customsource.PostCustomSource">
    <skipped/>
  </testcase> <!-- post_custom_source_with_agency_admin_access_token -->
</testsuite> <!-- customsource -->
