<?xml version="1.0" encoding="UTF-8"?>
<!-- Generated by org.testng.reporters.JUnitReportReporter -->
<testsuite hostname="comp-Lenovo-V110-15ISK" name="callupload.PostCallUpload" tests="80" failures="80" timestamp="24 Sep 2020 10:32:57 GMT" time="4.226" errors="0">
  <testcase name="uploadCallWithoutAddressParameter" time="0.047" classname="callupload.PostCallUpload">
    <failure type="java.lang.AssertionError" message="API is returning error while creating customsource. API response: {&quot;result&quot;:&quot;error&quot;,&quot;err&quot;:&quot;error&quot;,&quot;data&quot;:[{&quot;name&quot;:&quot;error&quot;,&quot;length&quot;:142,&quot;severity&quot;:&quot;ERROR&quot;,&quot;code&quot;:&quot;55000&quot;,&quot;file&quot;:&quot;sequence.c&quot;,&quot;line&quot;:&quot;793&quot;,&quot;routine&quot;:&quot;currval_oid&quot;}]} expected [success] but found [error]">
      <![CDATA[java.lang.AssertionError: API is returning error while creating customsource. API response: {"result":"error","err":"error","data":[{"name":"error","length":142,"severity":"ERROR","code":"55000","file":"sequence.c","line":"793","routine":"currval_oid"}]} expected [success] but found [error]
	at org.testng.Assert.fail(Assert.java:94)
	at org.testng.Assert.failNotEquals(Assert.java:494)
	at org.testng.Assert.assertEquals(Assert.java:123)
	at org.testng.Assert.assertEquals(Assert.java:176)
	at com.convirza.tests.base.TestDataPreparation.createCustomSource(TestDataPreparation.java:358)
	at com.convirza.tests.base.TestDataPreparation.createTestData(TestDataPreparation.java:155)
	at common.BaseClass.setup(BaseClass.java:45)
	at sun.reflect.NativeMethodAccessorImpl.invoke0(Native Method)
	at sun.reflect.NativeMethodAccessorImpl.invoke(NativeMethodAccessorImpl.java:62)
	at sun.reflect.DelegatingMethodAccessorImpl.invoke(DelegatingMethodAccessorImpl.java:43)
	at java.lang.reflect.Method.invoke(Method.java:498)
	at org.testng.internal.MethodInvocationHelper.invokeMethod(MethodInvocationHelper.java:80)
	at org.testng.internal.Invoker.invokeConfigurationMethod(Invoker.java:564)
	at org.testng.internal.Invoker.invokeConfigurations(Invoker.java:213)
	at org.testng.internal.Invoker.invokeConfigurations(Invoker.java:138)
	at org.testng.SuiteRunner.privateRun(SuiteRunner.java:277)
	at org.testng.SuiteRunner.run(SuiteRunner.java:240)
	at org.testng.SuiteRunnerWorker.runSuite(SuiteRunnerWorker.java:52)
	at org.testng.SuiteRunnerWorker.run(SuiteRunnerWorker.java:86)
	at org.testng.TestNG.runSuitesSequentially(TestNG.java:1198)
	at org.testng.TestNG.runSuitesLocally(TestNG.java:1123)
	at org.testng.TestNG.run(TestNG.java:1031)
	at org.testng.remote.AbstractRemoteTestNG.run(AbstractRemoteTestNG.java:115)
	at org.testng.remote.RemoteTestNG.initAndRun(RemoteTestNG.java:251)
	at org.testng.remote.RemoteTestNG.main(RemoteTestNG.java:77)
]]>
    </failure>
  </testcase> <!-- uploadCallWithoutAddressParameter -->
  <testcase name="uploadCallWithoutTrackingNumberParameter" time="0.028" classname="callupload.PostCallUpload">
    <failure type="java.lang.AssertionError" message="API is returning error while creating customsource. API response: {&quot;result&quot;:&quot;error&quot;,&quot;err&quot;:&quot;error&quot;,&quot;data&quot;:[{&quot;name&quot;:&quot;error&quot;,&quot;length&quot;:142,&quot;severity&quot;:&quot;ERROR&quot;,&quot;code&quot;:&quot;55000&quot;,&quot;file&quot;:&quot;sequence.c&quot;,&quot;line&quot;:&quot;793&quot;,&quot;routine&quot;:&quot;currval_oid&quot;}]} expected [success] but found [error]">
      <![CDATA[java.lang.AssertionError: API is returning error while creating customsource. API response: {"result":"error","err":"error","data":[{"name":"error","length":142,"severity":"ERROR","code":"55000","file":"sequence.c","line":"793","routine":"currval_oid"}]} expected [success] but found [error]
	at org.testng.Assert.fail(Assert.java:94)
	at org.testng.Assert.failNotEquals(Assert.java:494)
	at org.testng.Assert.assertEquals(Assert.java:123)
	at org.testng.Assert.assertEquals(Assert.java:176)
	at com.convirza.tests.base.TestDataPreparation.createCustomSource(TestDataPreparation.java:358)
	at com.convirza.tests.base.TestDataPreparation.createTestData(TestDataPreparation.java:155)
	at common.BaseClass.setup(BaseClass.java:45)
	at sun.reflect.NativeMethodAccessorImpl.invoke0(Native Method)
	at sun.reflect.NativeMethodAccessorImpl.invoke(NativeMethodAccessorImpl.java:62)
	at sun.reflect.DelegatingMethodAccessorImpl.invoke(DelegatingMethodAccessorImpl.java:43)
	at java.lang.reflect.Method.invoke(Method.java:498)
	at org.testng.internal.MethodInvocationHelper.invokeMethod(MethodInvocationHelper.java:80)
	at org.testng.internal.Invoker.invokeConfigurationMethod(Invoker.java:564)
	at org.testng.internal.Invoker.invokeConfigurations(Invoker.java:213)
	at org.testng.internal.Invoker.invokeConfigurations(Invoker.java:138)
	at org.testng.SuiteRunner.privateRun(SuiteRunner.java:277)
	at org.testng.SuiteRunner.run(SuiteRunner.java:240)
	at org.testng.SuiteRunnerWorker.runSuite(SuiteRunnerWorker.java:52)
	at org.testng.SuiteRunnerWorker.run(SuiteRunnerWorker.java:86)
	at org.testng.TestNG.runSuitesSequentially(TestNG.java:1198)
	at org.testng.TestNG.runSuitesLocally(TestNG.java:1123)
	at org.testng.TestNG.run(TestNG.java:1031)
	at org.testng.remote.AbstractRemoteTestNG.run(AbstractRemoteTestNG.java:115)
	at org.testng.remote.RemoteTestNG.initAndRun(RemoteTestNG.java:251)
	at org.testng.remote.RemoteTestNG.main(RemoteTestNG.java:77)
]]>
    </failure>
  </testcase> <!-- uploadCallWithoutTrackingNumberParameter -->
  <testcase name="uploadCallWithoutGroupIDField" time="0.029" classname="callupload.PostCallUpload">
    <failure type="java.lang.AssertionError" message="API is returning error while creating customsource. API response: {&quot;result&quot;:&quot;error&quot;,&quot;err&quot;:&quot;error&quot;,&quot;data&quot;:[{&quot;name&quot;:&quot;error&quot;,&quot;length&quot;:142,&quot;severity&quot;:&quot;ERROR&quot;,&quot;code&quot;:&quot;55000&quot;,&quot;file&quot;:&quot;sequence.c&quot;,&quot;line&quot;:&quot;793&quot;,&quot;routine&quot;:&quot;currval_oid&quot;}]} expected [success] but found [error]">
      <![CDATA[java.lang.AssertionError: API is returning error while creating customsource. API response: {"result":"error","err":"error","data":[{"name":"error","length":142,"severity":"ERROR","code":"55000","file":"sequence.c","line":"793","routine":"currval_oid"}]} expected [success] but found [error]
	at org.testng.Assert.fail(Assert.java:94)
	at org.testng.Assert.failNotEquals(Assert.java:494)
	at org.testng.Assert.assertEquals(Assert.java:123)
	at org.testng.Assert.assertEquals(Assert.java:176)
	at com.convirza.tests.base.TestDataPreparation.createCustomSource(TestDataPreparation.java:358)
	at com.convirza.tests.base.TestDataPreparation.createTestData(TestDataPreparation.java:155)
	at common.BaseClass.setup(BaseClass.java:45)
	at sun.reflect.NativeMethodAccessorImpl.invoke0(Native Method)
	at sun.reflect.NativeMethodAccessorImpl.invoke(NativeMethodAccessorImpl.java:62)
	at sun.reflect.DelegatingMethodAccessorImpl.invoke(DelegatingMethodAccessorImpl.java:43)
	at java.lang.reflect.Method.invoke(Method.java:498)
	at org.testng.internal.MethodInvocationHelper.invokeMethod(MethodInvocationHelper.java:80)
	at org.testng.internal.Invoker.invokeConfigurationMethod(Invoker.java:564)
	at org.testng.internal.Invoker.invokeConfigurations(Invoker.java:213)
	at org.testng.internal.Invoker.invokeConfigurations(Invoker.java:138)
	at org.testng.SuiteRunner.privateRun(SuiteRunner.java:277)
	at org.testng.SuiteRunner.run(SuiteRunner.java:240)
	at org.testng.SuiteRunnerWorker.runSuite(SuiteRunnerWorker.java:52)
	at org.testng.SuiteRunnerWorker.run(SuiteRunnerWorker.java:86)
	at org.testng.TestNG.runSuitesSequentially(TestNG.java:1198)
	at org.testng.TestNG.runSuitesLocally(TestNG.java:1123)
	at org.testng.TestNG.run(TestNG.java:1031)
	at org.testng.remote.AbstractRemoteTestNG.run(AbstractRemoteTestNG.java:115)
	at org.testng.remote.RemoteTestNG.initAndRun(RemoteTestNG.java:251)
	at org.testng.remote.RemoteTestNG.main(RemoteTestNG.java:77)
]]>
    </failure>
  </testcase> <!-- uploadCallWithoutGroupIDField -->
  <testcase name="uploadCallWithExistingCustomSource" time="0.040" classname="callupload.PostCallUpload">
    <failure type="java.lang.AssertionError" message="API is returning error while creating customsource. API response: {&quot;result&quot;:&quot;error&quot;,&quot;err&quot;:&quot;error&quot;,&quot;data&quot;:[{&quot;name&quot;:&quot;error&quot;,&quot;length&quot;:142,&quot;severity&quot;:&quot;ERROR&quot;,&quot;code&quot;:&quot;55000&quot;,&quot;file&quot;:&quot;sequence.c&quot;,&quot;line&quot;:&quot;793&quot;,&quot;routine&quot;:&quot;currval_oid&quot;}]} expected [success] but found [error]">
      <![CDATA[java.lang.AssertionError: API is returning error while creating customsource. API response: {"result":"error","err":"error","data":[{"name":"error","length":142,"severity":"ERROR","code":"55000","file":"sequence.c","line":"793","routine":"currval_oid"}]} expected [success] but found [error]
	at org.testng.Assert.fail(Assert.java:94)
	at org.testng.Assert.failNotEquals(Assert.java:494)
	at org.testng.Assert.assertEquals(Assert.java:123)
	at org.testng.Assert.assertEquals(Assert.java:176)
	at com.convirza.tests.base.TestDataPreparation.createCustomSource(TestDataPreparation.java:358)
	at com.convirza.tests.base.TestDataPreparation.createTestData(TestDataPreparation.java:155)
	at common.BaseClass.setup(BaseClass.java:45)
	at sun.reflect.NativeMethodAccessorImpl.invoke0(Native Method)
	at sun.reflect.NativeMethodAccessorImpl.invoke(NativeMethodAccessorImpl.java:62)
	at sun.reflect.DelegatingMethodAccessorImpl.invoke(DelegatingMethodAccessorImpl.java:43)
	at java.lang.reflect.Method.invoke(Method.java:498)
	at org.testng.internal.MethodInvocationHelper.invokeMethod(MethodInvocationHelper.java:80)
	at org.testng.internal.Invoker.invokeConfigurationMethod(Invoker.java:564)
	at org.testng.internal.Invoker.invokeConfigurations(Invoker.java:213)
	at org.testng.internal.Invoker.invokeConfigurations(Invoker.java:138)
	at org.testng.SuiteRunner.privateRun(SuiteRunner.java:277)
	at org.testng.SuiteRunner.run(SuiteRunner.java:240)
	at org.testng.SuiteRunnerWorker.runSuite(SuiteRunnerWorker.java:52)
	at org.testng.SuiteRunnerWorker.run(SuiteRunnerWorker.java:86)
	at org.testng.TestNG.runSuitesSequentially(TestNG.java:1198)
	at org.testng.TestNG.runSuitesLocally(TestNG.java:1123)
	at org.testng.TestNG.run(TestNG.java:1031)
	at org.testng.remote.AbstractRemoteTestNG.run(AbstractRemoteTestNG.java:115)
	at org.testng.remote.RemoteTestNG.initAndRun(RemoteTestNG.java:251)
	at org.testng.remote.RemoteTestNG.main(RemoteTestNG.java:77)
]]>
    </failure>
  </testcase> <!-- uploadCallWithExistingCustomSource -->
  <testcase name="uploadCallWithGroupIDFromAnotherBilling" time="0.036" classname="callupload.PostCallUpload">
    <failure type="java.lang.AssertionError" message="API is returning error while creating customsource. API response: {&quot;result&quot;:&quot;error&quot;,&quot;err&quot;:&quot;error&quot;,&quot;data&quot;:[{&quot;name&quot;:&quot;error&quot;,&quot;length&quot;:142,&quot;severity&quot;:&quot;ERROR&quot;,&quot;code&quot;:&quot;55000&quot;,&quot;file&quot;:&quot;sequence.c&quot;,&quot;line&quot;:&quot;793&quot;,&quot;routine&quot;:&quot;currval_oid&quot;}]} expected [success] but found [error]">
      <![CDATA[java.lang.AssertionError: API is returning error while creating customsource. API response: {"result":"error","err":"error","data":[{"name":"error","length":142,"severity":"ERROR","code":"55000","file":"sequence.c","line":"793","routine":"currval_oid"}]} expected [success] but found [error]
	at org.testng.Assert.fail(Assert.java:94)
	at org.testng.Assert.failNotEquals(Assert.java:494)
	at org.testng.Assert.assertEquals(Assert.java:123)
	at org.testng.Assert.assertEquals(Assert.java:176)
	at com.convirza.tests.base.TestDataPreparation.createCustomSource(TestDataPreparation.java:358)
	at com.convirza.tests.base.TestDataPreparation.createTestData(TestDataPreparation.java:155)
	at common.BaseClass.setup(BaseClass.java:45)
	at sun.reflect.NativeMethodAccessorImpl.invoke0(Native Method)
	at sun.reflect.NativeMethodAccessorImpl.invoke(NativeMethodAccessorImpl.java:62)
	at sun.reflect.DelegatingMethodAccessorImpl.invoke(DelegatingMethodAccessorImpl.java:43)
	at java.lang.reflect.Method.invoke(Method.java:498)
	at org.testng.internal.MethodInvocationHelper.invokeMethod(MethodInvocationHelper.java:80)
	at org.testng.internal.Invoker.invokeConfigurationMethod(Invoker.java:564)
	at org.testng.internal.Invoker.invokeConfigurations(Invoker.java:213)
	at org.testng.internal.Invoker.invokeConfigurations(Invoker.java:138)
	at org.testng.SuiteRunner.privateRun(SuiteRunner.java:277)
	at org.testng.SuiteRunner.run(SuiteRunner.java:240)
	at org.testng.SuiteRunnerWorker.runSuite(SuiteRunnerWorker.java:52)
	at org.testng.SuiteRunnerWorker.run(SuiteRunnerWorker.java:86)
	at org.testng.TestNG.runSuitesSequentially(TestNG.java:1198)
	at org.testng.TestNG.runSuitesLocally(TestNG.java:1123)
	at org.testng.TestNG.run(TestNG.java:1031)
	at org.testng.remote.AbstractRemoteTestNG.run(AbstractRemoteTestNG.java:115)
	at org.testng.remote.RemoteTestNG.initAndRun(RemoteTestNG.java:251)
	at org.testng.remote.RemoteTestNG.main(RemoteTestNG.java:77)
]]>
    </failure>
  </testcase> <!-- uploadCallWithGroupIDFromAnotherBilling -->
  <testcase name="uploadCallWith5MBMP3File" time="0.034" classname="callupload.PostCallUpload">
    <failure type="java.lang.AssertionError" message="API is returning error while creating customsource. API response: {&quot;result&quot;:&quot;error&quot;,&quot;err&quot;:&quot;error&quot;,&quot;data&quot;:[{&quot;name&quot;:&quot;error&quot;,&quot;length&quot;:142,&quot;severity&quot;:&quot;ERROR&quot;,&quot;code&quot;:&quot;55000&quot;,&quot;file&quot;:&quot;sequence.c&quot;,&quot;line&quot;:&quot;793&quot;,&quot;routine&quot;:&quot;currval_oid&quot;}]} expected [success] but found [error]">
      <![CDATA[java.lang.AssertionError: API is returning error while creating customsource. API response: {"result":"error","err":"error","data":[{"name":"error","length":142,"severity":"ERROR","code":"55000","file":"sequence.c","line":"793","routine":"currval_oid"}]} expected [success] but found [error]
	at org.testng.Assert.fail(Assert.java:94)
	at org.testng.Assert.failNotEquals(Assert.java:494)
	at org.testng.Assert.assertEquals(Assert.java:123)
	at org.testng.Assert.assertEquals(Assert.java:176)
	at com.convirza.tests.base.TestDataPreparation.createCustomSource(TestDataPreparation.java:358)
	at com.convirza.tests.base.TestDataPreparation.createTestData(TestDataPreparation.java:155)
	at common.BaseClass.setup(BaseClass.java:45)
	at sun.reflect.NativeMethodAccessorImpl.invoke0(Native Method)
	at sun.reflect.NativeMethodAccessorImpl.invoke(NativeMethodAccessorImpl.java:62)
	at sun.reflect.DelegatingMethodAccessorImpl.invoke(DelegatingMethodAccessorImpl.java:43)
	at java.lang.reflect.Method.invoke(Method.java:498)
	at org.testng.internal.MethodInvocationHelper.invokeMethod(MethodInvocationHelper.java:80)
	at org.testng.internal.Invoker.invokeConfigurationMethod(Invoker.java:564)
	at org.testng.internal.Invoker.invokeConfigurations(Invoker.java:213)
	at org.testng.internal.Invoker.invokeConfigurations(Invoker.java:138)
	at org.testng.SuiteRunner.privateRun(SuiteRunner.java:277)
	at org.testng.SuiteRunner.run(SuiteRunner.java:240)
	at org.testng.SuiteRunnerWorker.runSuite(SuiteRunnerWorker.java:52)
	at org.testng.SuiteRunnerWorker.run(SuiteRunnerWorker.java:86)
	at org.testng.TestNG.runSuitesSequentially(TestNG.java:1198)
	at org.testng.TestNG.runSuitesLocally(TestNG.java:1123)
	at org.testng.TestNG.run(TestNG.java:1031)
	at org.testng.remote.AbstractRemoteTestNG.run(AbstractRemoteTestNG.java:115)
	at org.testng.remote.RemoteTestNG.initAndRun(RemoteTestNG.java:251)
	at org.testng.remote.RemoteTestNG.main(RemoteTestNG.java:77)
]]>
    </failure>
  </testcase> <!-- uploadCallWith5MBMP3File -->
  <testcase name="uploadCallWithoutOutBoubound" time="0.023" classname="callupload.PostCallUpload">
    <failure type="java.lang.AssertionError" message="API is returning error while creating customsource. API response: {&quot;result&quot;:&quot;error&quot;,&quot;err&quot;:&quot;error&quot;,&quot;data&quot;:[{&quot;name&quot;:&quot;error&quot;,&quot;length&quot;:142,&quot;severity&quot;:&quot;ERROR&quot;,&quot;code&quot;:&quot;55000&quot;,&quot;file&quot;:&quot;sequence.c&quot;,&quot;line&quot;:&quot;793&quot;,&quot;routine&quot;:&quot;currval_oid&quot;}]} expected [success] but found [error]">
      <![CDATA[java.lang.AssertionError: API is returning error while creating customsource. API response: {"result":"error","err":"error","data":[{"name":"error","length":142,"severity":"ERROR","code":"55000","file":"sequence.c","line":"793","routine":"currval_oid"}]} expected [success] but found [error]
	at org.testng.Assert.fail(Assert.java:94)
	at org.testng.Assert.failNotEquals(Assert.java:494)
	at org.testng.Assert.assertEquals(Assert.java:123)
	at org.testng.Assert.assertEquals(Assert.java:176)
	at com.convirza.tests.base.TestDataPreparation.createCustomSource(TestDataPreparation.java:358)
	at com.convirza.tests.base.TestDataPreparation.createTestData(TestDataPreparation.java:155)
	at common.BaseClass.setup(BaseClass.java:45)
	at sun.reflect.NativeMethodAccessorImpl.invoke0(Native Method)
	at sun.reflect.NativeMethodAccessorImpl.invoke(NativeMethodAccessorImpl.java:62)
	at sun.reflect.DelegatingMethodAccessorImpl.invoke(DelegatingMethodAccessorImpl.java:43)
	at java.lang.reflect.Method.invoke(Method.java:498)
	at org.testng.internal.MethodInvocationHelper.invokeMethod(MethodInvocationHelper.java:80)
	at org.testng.internal.Invoker.invokeConfigurationMethod(Invoker.java:564)
	at org.testng.internal.Invoker.invokeConfigurations(Invoker.java:213)
	at org.testng.internal.Invoker.invokeConfigurations(Invoker.java:138)
	at org.testng.SuiteRunner.privateRun(SuiteRunner.java:277)
	at org.testng.SuiteRunner.run(SuiteRunner.java:240)
	at org.testng.SuiteRunnerWorker.runSuite(SuiteRunnerWorker.java:52)
	at org.testng.SuiteRunnerWorker.run(SuiteRunnerWorker.java:86)
	at org.testng.TestNG.runSuitesSequentially(TestNG.java:1198)
	at org.testng.TestNG.runSuitesLocally(TestNG.java:1123)
	at org.testng.TestNG.run(TestNG.java:1031)
	at org.testng.remote.AbstractRemoteTestNG.run(AbstractRemoteTestNG.java:115)
	at org.testng.remote.RemoteTestNG.initAndRun(RemoteTestNG.java:251)
	at org.testng.remote.RemoteTestNG.main(RemoteTestNG.java:77)
]]>
    </failure>
  </testcase> <!-- uploadCallWithoutOutBoubound -->
  <testcase name="uploadCallWithValidCity" time="0.047" classname="callupload.PostCallUpload">
    <failure type="java.lang.AssertionError" message="API is returning error while creating customsource. API response: {&quot;result&quot;:&quot;error&quot;,&quot;err&quot;:&quot;error&quot;,&quot;data&quot;:[{&quot;name&quot;:&quot;error&quot;,&quot;length&quot;:142,&quot;severity&quot;:&quot;ERROR&quot;,&quot;code&quot;:&quot;55000&quot;,&quot;file&quot;:&quot;sequence.c&quot;,&quot;line&quot;:&quot;793&quot;,&quot;routine&quot;:&quot;currval_oid&quot;}]} expected [success] but found [error]">
      <![CDATA[java.lang.AssertionError: API is returning error while creating customsource. API response: {"result":"error","err":"error","data":[{"name":"error","length":142,"severity":"ERROR","code":"55000","file":"sequence.c","line":"793","routine":"currval_oid"}]} expected [success] but found [error]
	at org.testng.Assert.fail(Assert.java:94)
	at org.testng.Assert.failNotEquals(Assert.java:494)
	at org.testng.Assert.assertEquals(Assert.java:123)
	at org.testng.Assert.assertEquals(Assert.java:176)
	at com.convirza.tests.base.TestDataPreparation.createCustomSource(TestDataPreparation.java:358)
	at com.convirza.tests.base.TestDataPreparation.createTestData(TestDataPreparation.java:155)
	at common.BaseClass.setup(BaseClass.java:45)
	at sun.reflect.NativeMethodAccessorImpl.invoke0(Native Method)
	at sun.reflect.NativeMethodAccessorImpl.invoke(NativeMethodAccessorImpl.java:62)
	at sun.reflect.DelegatingMethodAccessorImpl.invoke(DelegatingMethodAccessorImpl.java:43)
	at java.lang.reflect.Method.invoke(Method.java:498)
	at org.testng.internal.MethodInvocationHelper.invokeMethod(MethodInvocationHelper.java:80)
	at org.testng.internal.Invoker.invokeConfigurationMethod(Invoker.java:564)
	at org.testng.internal.Invoker.invokeConfigurations(Invoker.java:213)
	at org.testng.internal.Invoker.invokeConfigurations(Invoker.java:138)
	at org.testng.SuiteRunner.privateRun(SuiteRunner.java:277)
	at org.testng.SuiteRunner.run(SuiteRunner.java:240)
	at org.testng.SuiteRunnerWorker.runSuite(SuiteRunnerWorker.java:52)
	at org.testng.SuiteRunnerWorker.run(SuiteRunnerWorker.java:86)
	at org.testng.TestNG.runSuitesSequentially(TestNG.java:1198)
	at org.testng.TestNG.runSuitesLocally(TestNG.java:1123)
	at org.testng.TestNG.run(TestNG.java:1031)
	at org.testng.remote.AbstractRemoteTestNG.run(AbstractRemoteTestNG.java:115)
	at org.testng.remote.RemoteTestNG.initAndRun(RemoteTestNG.java:251)
	at org.testng.remote.RemoteTestNG.main(RemoteTestNG.java:77)
]]>
    </failure>
  </testcase> <!-- uploadCallWithValidCity -->
  <testcase name="uploadCallWithoutCity" time="0.046" classname="callupload.PostCallUpload">
    <failure type="java.lang.AssertionError" message="API is returning error while creating customsource. API response: {&quot;result&quot;:&quot;error&quot;,&quot;err&quot;:&quot;error&quot;,&quot;data&quot;:[{&quot;name&quot;:&quot;error&quot;,&quot;length&quot;:142,&quot;severity&quot;:&quot;ERROR&quot;,&quot;code&quot;:&quot;55000&quot;,&quot;file&quot;:&quot;sequence.c&quot;,&quot;line&quot;:&quot;793&quot;,&quot;routine&quot;:&quot;currval_oid&quot;}]} expected [success] but found [error]">
      <![CDATA[java.lang.AssertionError: API is returning error while creating customsource. API response: {"result":"error","err":"error","data":[{"name":"error","length":142,"severity":"ERROR","code":"55000","file":"sequence.c","line":"793","routine":"currval_oid"}]} expected [success] but found [error]
	at org.testng.Assert.fail(Assert.java:94)
	at org.testng.Assert.failNotEquals(Assert.java:494)
	at org.testng.Assert.assertEquals(Assert.java:123)
	at org.testng.Assert.assertEquals(Assert.java:176)
	at com.convirza.tests.base.TestDataPreparation.createCustomSource(TestDataPreparation.java:358)
	at com.convirza.tests.base.TestDataPreparation.createTestData(TestDataPreparation.java:155)
	at common.BaseClass.setup(BaseClass.java:45)
	at sun.reflect.NativeMethodAccessorImpl.invoke0(Native Method)
	at sun.reflect.NativeMethodAccessorImpl.invoke(NativeMethodAccessorImpl.java:62)
	at sun.reflect.DelegatingMethodAccessorImpl.invoke(DelegatingMethodAccessorImpl.java:43)
	at java.lang.reflect.Method.invoke(Method.java:498)
	at org.testng.internal.MethodInvocationHelper.invokeMethod(MethodInvocationHelper.java:80)
	at org.testng.internal.Invoker.invokeConfigurationMethod(Invoker.java:564)
	at org.testng.internal.Invoker.invokeConfigurations(Invoker.java:213)
	at org.testng.internal.Invoker.invokeConfigurations(Invoker.java:138)
	at org.testng.SuiteRunner.privateRun(SuiteRunner.java:277)
	at org.testng.SuiteRunner.run(SuiteRunner.java:240)
	at org.testng.SuiteRunnerWorker.runSuite(SuiteRunnerWorker.java:52)
	at org.testng.SuiteRunnerWorker.run(SuiteRunnerWorker.java:86)
	at org.testng.TestNG.runSuitesSequentially(TestNG.java:1198)
	at org.testng.TestNG.runSuitesLocally(TestNG.java:1123)
	at org.testng.TestNG.run(TestNG.java:1031)
	at org.testng.remote.AbstractRemoteTestNG.run(AbstractRemoteTestNG.java:115)
	at org.testng.remote.RemoteTestNG.initAndRun(RemoteTestNG.java:251)
	at org.testng.remote.RemoteTestNG.main(RemoteTestNG.java:77)
]]>
    </failure>
  </testcase> <!-- uploadCallWithoutCity -->
  <testcase name="uploadCallWithInvalidcampaignID" time="0.027" classname="callupload.PostCallUpload">
    <failure type="java.lang.AssertionError" message="API is returning error while creating customsource. API response: {&quot;result&quot;:&quot;error&quot;,&quot;err&quot;:&quot;error&quot;,&quot;data&quot;:[{&quot;name&quot;:&quot;error&quot;,&quot;length&quot;:142,&quot;severity&quot;:&quot;ERROR&quot;,&quot;code&quot;:&quot;55000&quot;,&quot;file&quot;:&quot;sequence.c&quot;,&quot;line&quot;:&quot;793&quot;,&quot;routine&quot;:&quot;currval_oid&quot;}]} expected [success] but found [error]">
      <![CDATA[java.lang.AssertionError: API is returning error while creating customsource. API response: {"result":"error","err":"error","data":[{"name":"error","length":142,"severity":"ERROR","code":"55000","file":"sequence.c","line":"793","routine":"currval_oid"}]} expected [success] but found [error]
	at org.testng.Assert.fail(Assert.java:94)
	at org.testng.Assert.failNotEquals(Assert.java:494)
	at org.testng.Assert.assertEquals(Assert.java:123)
	at org.testng.Assert.assertEquals(Assert.java:176)
	at com.convirza.tests.base.TestDataPreparation.createCustomSource(TestDataPreparation.java:358)
	at com.convirza.tests.base.TestDataPreparation.createTestData(TestDataPreparation.java:155)
	at common.BaseClass.setup(BaseClass.java:45)
	at sun.reflect.NativeMethodAccessorImpl.invoke0(Native Method)
	at sun.reflect.NativeMethodAccessorImpl.invoke(NativeMethodAccessorImpl.java:62)
	at sun.reflect.DelegatingMethodAccessorImpl.invoke(DelegatingMethodAccessorImpl.java:43)
	at java.lang.reflect.Method.invoke(Method.java:498)
	at org.testng.internal.MethodInvocationHelper.invokeMethod(MethodInvocationHelper.java:80)
	at org.testng.internal.Invoker.invokeConfigurationMethod(Invoker.java:564)
	at org.testng.internal.Invoker.invokeConfigurations(Invoker.java:213)
	at org.testng.internal.Invoker.invokeConfigurations(Invoker.java:138)
	at org.testng.SuiteRunner.privateRun(SuiteRunner.java:277)
	at org.testng.SuiteRunner.run(SuiteRunner.java:240)
	at org.testng.SuiteRunnerWorker.runSuite(SuiteRunnerWorker.java:52)
	at org.testng.SuiteRunnerWorker.run(SuiteRunnerWorker.java:86)
	at org.testng.TestNG.runSuitesSequentially(TestNG.java:1198)
	at org.testng.TestNG.runSuitesLocally(TestNG.java:1123)
	at org.testng.TestNG.run(TestNG.java:1031)
	at org.testng.remote.AbstractRemoteTestNG.run(AbstractRemoteTestNG.java:115)
	at org.testng.remote.RemoteTestNG.initAndRun(RemoteTestNG.java:251)
	at org.testng.remote.RemoteTestNG.main(RemoteTestNG.java:77)
]]>
    </failure>
  </testcase> <!-- uploadCallWithInvalidcampaignID -->
  <testcase name="uploadCallWithValidCampaignID" time="0.057" classname="callupload.PostCallUpload">
    <failure type="java.lang.AssertionError" message="API is returning error while creating customsource. API response: {&quot;result&quot;:&quot;error&quot;,&quot;err&quot;:&quot;error&quot;,&quot;data&quot;:[{&quot;name&quot;:&quot;error&quot;,&quot;length&quot;:142,&quot;severity&quot;:&quot;ERROR&quot;,&quot;code&quot;:&quot;55000&quot;,&quot;file&quot;:&quot;sequence.c&quot;,&quot;line&quot;:&quot;793&quot;,&quot;routine&quot;:&quot;currval_oid&quot;}]} expected [success] but found [error]">
      <![CDATA[java.lang.AssertionError: API is returning error while creating customsource. API response: {"result":"error","err":"error","data":[{"name":"error","length":142,"severity":"ERROR","code":"55000","file":"sequence.c","line":"793","routine":"currval_oid"}]} expected [success] but found [error]
	at org.testng.Assert.fail(Assert.java:94)
	at org.testng.Assert.failNotEquals(Assert.java:494)
	at org.testng.Assert.assertEquals(Assert.java:123)
	at org.testng.Assert.assertEquals(Assert.java:176)
	at com.convirza.tests.base.TestDataPreparation.createCustomSource(TestDataPreparation.java:358)
	at com.convirza.tests.base.TestDataPreparation.createTestData(TestDataPreparation.java:155)
	at common.BaseClass.setup(BaseClass.java:45)
	at sun.reflect.NativeMethodAccessorImpl.invoke0(Native Method)
	at sun.reflect.NativeMethodAccessorImpl.invoke(NativeMethodAccessorImpl.java:62)
	at sun.reflect.DelegatingMethodAccessorImpl.invoke(DelegatingMethodAccessorImpl.java:43)
	at java.lang.reflect.Method.invoke(Method.java:498)
	at org.testng.internal.MethodInvocationHelper.invokeMethod(MethodInvocationHelper.java:80)
	at org.testng.internal.Invoker.invokeConfigurationMethod(Invoker.java:564)
	at org.testng.internal.Invoker.invokeConfigurations(Invoker.java:213)
	at org.testng.internal.Invoker.invokeConfigurations(Invoker.java:138)
	at org.testng.SuiteRunner.privateRun(SuiteRunner.java:277)
	at org.testng.SuiteRunner.run(SuiteRunner.java:240)
	at org.testng.SuiteRunnerWorker.runSuite(SuiteRunnerWorker.java:52)
	at org.testng.SuiteRunnerWorker.run(SuiteRunnerWorker.java:86)
	at org.testng.TestNG.runSuitesSequentially(TestNG.java:1198)
	at org.testng.TestNG.runSuitesLocally(TestNG.java:1123)
	at org.testng.TestNG.run(TestNG.java:1031)
	at org.testng.remote.AbstractRemoteTestNG.run(AbstractRemoteTestNG.java:115)
	at org.testng.remote.RemoteTestNG.initAndRun(RemoteTestNG.java:251)
	at org.testng.remote.RemoteTestNG.main(RemoteTestNG.java:77)
]]>
    </failure>
  </testcase> <!-- uploadCallWithValidCampaignID -->
  <testcase name="uploadCallWithBlankChannelID" time="0.031" classname="callupload.PostCallUpload">
    <failure type="java.lang.AssertionError" message="API is returning error while creating customsource. API response: {&quot;result&quot;:&quot;error&quot;,&quot;err&quot;:&quot;error&quot;,&quot;data&quot;:[{&quot;name&quot;:&quot;error&quot;,&quot;length&quot;:142,&quot;severity&quot;:&quot;ERROR&quot;,&quot;code&quot;:&quot;55000&quot;,&quot;file&quot;:&quot;sequence.c&quot;,&quot;line&quot;:&quot;793&quot;,&quot;routine&quot;:&quot;currval_oid&quot;}]} expected [success] but found [error]">
      <![CDATA[java.lang.AssertionError: API is returning error while creating customsource. API response: {"result":"error","err":"error","data":[{"name":"error","length":142,"severity":"ERROR","code":"55000","file":"sequence.c","line":"793","routine":"currval_oid"}]} expected [success] but found [error]
	at org.testng.Assert.fail(Assert.java:94)
	at org.testng.Assert.failNotEquals(Assert.java:494)
	at org.testng.Assert.assertEquals(Assert.java:123)
	at org.testng.Assert.assertEquals(Assert.java:176)
	at com.convirza.tests.base.TestDataPreparation.createCustomSource(TestDataPreparation.java:358)
	at com.convirza.tests.base.TestDataPreparation.createTestData(TestDataPreparation.java:155)
	at common.BaseClass.setup(BaseClass.java:45)
	at sun.reflect.NativeMethodAccessorImpl.invoke0(Native Method)
	at sun.reflect.NativeMethodAccessorImpl.invoke(NativeMethodAccessorImpl.java:62)
	at sun.reflect.DelegatingMethodAccessorImpl.invoke(DelegatingMethodAccessorImpl.java:43)
	at java.lang.reflect.Method.invoke(Method.java:498)
	at org.testng.internal.MethodInvocationHelper.invokeMethod(MethodInvocationHelper.java:80)
	at org.testng.internal.Invoker.invokeConfigurationMethod(Invoker.java:564)
	at org.testng.internal.Invoker.invokeConfigurations(Invoker.java:213)
	at org.testng.internal.Invoker.invokeConfigurations(Invoker.java:138)
	at org.testng.SuiteRunner.privateRun(SuiteRunner.java:277)
	at org.testng.SuiteRunner.run(SuiteRunner.java:240)
	at org.testng.SuiteRunnerWorker.runSuite(SuiteRunnerWorker.java:52)
	at org.testng.SuiteRunnerWorker.run(SuiteRunnerWorker.java:86)
	at org.testng.TestNG.runSuitesSequentially(TestNG.java:1198)
	at org.testng.TestNG.runSuitesLocally(TestNG.java:1123)
	at org.testng.TestNG.run(TestNG.java:1031)
	at org.testng.remote.AbstractRemoteTestNG.run(AbstractRemoteTestNG.java:115)
	at org.testng.remote.RemoteTestNG.initAndRun(RemoteTestNG.java:251)
	at org.testng.remote.RemoteTestNG.main(RemoteTestNG.java:77)
]]>
    </failure>
  </testcase> <!-- uploadCallWithBlankChannelID -->
  <testcase name="uploadCallWithBlankIsOutbound" time="0.044" classname="callupload.PostCallUpload">
    <failure type="java.lang.AssertionError" message="API is returning error while creating customsource. API response: {&quot;result&quot;:&quot;error&quot;,&quot;err&quot;:&quot;error&quot;,&quot;data&quot;:[{&quot;name&quot;:&quot;error&quot;,&quot;length&quot;:142,&quot;severity&quot;:&quot;ERROR&quot;,&quot;code&quot;:&quot;55000&quot;,&quot;file&quot;:&quot;sequence.c&quot;,&quot;line&quot;:&quot;793&quot;,&quot;routine&quot;:&quot;currval_oid&quot;}]} expected [success] but found [error]">
      <![CDATA[java.lang.AssertionError: API is returning error while creating customsource. API response: {"result":"error","err":"error","data":[{"name":"error","length":142,"severity":"ERROR","code":"55000","file":"sequence.c","line":"793","routine":"currval_oid"}]} expected [success] but found [error]
	at org.testng.Assert.fail(Assert.java:94)
	at org.testng.Assert.failNotEquals(Assert.java:494)
	at org.testng.Assert.assertEquals(Assert.java:123)
	at org.testng.Assert.assertEquals(Assert.java:176)
	at com.convirza.tests.base.TestDataPreparation.createCustomSource(TestDataPreparation.java:358)
	at com.convirza.tests.base.TestDataPreparation.createTestData(TestDataPreparation.java:155)
	at common.BaseClass.setup(BaseClass.java:45)
	at sun.reflect.NativeMethodAccessorImpl.invoke0(Native Method)
	at sun.reflect.NativeMethodAccessorImpl.invoke(NativeMethodAccessorImpl.java:62)
	at sun.reflect.DelegatingMethodAccessorImpl.invoke(DelegatingMethodAccessorImpl.java:43)
	at java.lang.reflect.Method.invoke(Method.java:498)
	at org.testng.internal.MethodInvocationHelper.invokeMethod(MethodInvocationHelper.java:80)
	at org.testng.internal.Invoker.invokeConfigurationMethod(Invoker.java:564)
	at org.testng.internal.Invoker.invokeConfigurations(Invoker.java:213)
	at org.testng.internal.Invoker.invokeConfigurations(Invoker.java:138)
	at org.testng.SuiteRunner.privateRun(SuiteRunner.java:277)
	at org.testng.SuiteRunner.run(SuiteRunner.java:240)
	at org.testng.SuiteRunnerWorker.runSuite(SuiteRunnerWorker.java:52)
	at org.testng.SuiteRunnerWorker.run(SuiteRunnerWorker.java:86)
	at org.testng.TestNG.runSuitesSequentially(TestNG.java:1198)
	at org.testng.TestNG.runSuitesLocally(TestNG.java:1123)
	at org.testng.TestNG.run(TestNG.java:1031)
	at org.testng.remote.AbstractRemoteTestNG.run(AbstractRemoteTestNG.java:115)
	at org.testng.remote.RemoteTestNG.initAndRun(RemoteTestNG.java:251)
	at org.testng.remote.RemoteTestNG.main(RemoteTestNG.java:77)
]]>
    </failure>
  </testcase> <!-- uploadCallWithBlankIsOutbound -->
  <testcase name="uploadCallWithCallerNameHavingAlphaNumericSpecialChars" time="0.040" classname="callupload.PostCallUpload">
    <failure type="java.lang.AssertionError" message="API is returning error while creating customsource. API response: {&quot;result&quot;:&quot;error&quot;,&quot;err&quot;:&quot;error&quot;,&quot;data&quot;:[{&quot;name&quot;:&quot;error&quot;,&quot;length&quot;:142,&quot;severity&quot;:&quot;ERROR&quot;,&quot;code&quot;:&quot;55000&quot;,&quot;file&quot;:&quot;sequence.c&quot;,&quot;line&quot;:&quot;793&quot;,&quot;routine&quot;:&quot;currval_oid&quot;}]} expected [success] but found [error]">
      <![CDATA[java.lang.AssertionError: API is returning error while creating customsource. API response: {"result":"error","err":"error","data":[{"name":"error","length":142,"severity":"ERROR","code":"55000","file":"sequence.c","line":"793","routine":"currval_oid"}]} expected [success] but found [error]
	at org.testng.Assert.fail(Assert.java:94)
	at org.testng.Assert.failNotEquals(Assert.java:494)
	at org.testng.Assert.assertEquals(Assert.java:123)
	at org.testng.Assert.assertEquals(Assert.java:176)
	at com.convirza.tests.base.TestDataPreparation.createCustomSource(TestDataPreparation.java:358)
	at com.convirza.tests.base.TestDataPreparation.createTestData(TestDataPreparation.java:155)
	at common.BaseClass.setup(BaseClass.java:45)
	at sun.reflect.NativeMethodAccessorImpl.invoke0(Native Method)
	at sun.reflect.NativeMethodAccessorImpl.invoke(NativeMethodAccessorImpl.java:62)
	at sun.reflect.DelegatingMethodAccessorImpl.invoke(DelegatingMethodAccessorImpl.java:43)
	at java.lang.reflect.Method.invoke(Method.java:498)
	at org.testng.internal.MethodInvocationHelper.invokeMethod(MethodInvocationHelper.java:80)
	at org.testng.internal.Invoker.invokeConfigurationMethod(Invoker.java:564)
	at org.testng.internal.Invoker.invokeConfigurations(Invoker.java:213)
	at org.testng.internal.Invoker.invokeConfigurations(Invoker.java:138)
	at org.testng.SuiteRunner.privateRun(SuiteRunner.java:277)
	at org.testng.SuiteRunner.run(SuiteRunner.java:240)
	at org.testng.SuiteRunnerWorker.runSuite(SuiteRunnerWorker.java:52)
	at org.testng.SuiteRunnerWorker.run(SuiteRunnerWorker.java:86)
	at org.testng.TestNG.runSuitesSequentially(TestNG.java:1198)
	at org.testng.TestNG.runSuitesLocally(TestNG.java:1123)
	at org.testng.TestNG.run(TestNG.java:1031)
	at org.testng.remote.AbstractRemoteTestNG.run(AbstractRemoteTestNG.java:115)
	at org.testng.remote.RemoteTestNG.initAndRun(RemoteTestNG.java:251)
	at org.testng.remote.RemoteTestNG.main(RemoteTestNG.java:77)
]]>
    </failure>
  </testcase> <!-- uploadCallWithCallerNameHavingAlphaNumericSpecialChars -->
  <testcase name="uploadCallWithoutAgent" time="0.033" classname="callupload.PostCallUpload">
    <failure type="java.lang.AssertionError" message="API is returning error while creating customsource. API response: {&quot;result&quot;:&quot;error&quot;,&quot;err&quot;:&quot;error&quot;,&quot;data&quot;:[{&quot;name&quot;:&quot;error&quot;,&quot;length&quot;:142,&quot;severity&quot;:&quot;ERROR&quot;,&quot;code&quot;:&quot;55000&quot;,&quot;file&quot;:&quot;sequence.c&quot;,&quot;line&quot;:&quot;793&quot;,&quot;routine&quot;:&quot;currval_oid&quot;}]} expected [success] but found [error]">
      <![CDATA[java.lang.AssertionError: API is returning error while creating customsource. API response: {"result":"error","err":"error","data":[{"name":"error","length":142,"severity":"ERROR","code":"55000","file":"sequence.c","line":"793","routine":"currval_oid"}]} expected [success] but found [error]
	at org.testng.Assert.fail(Assert.java:94)
	at org.testng.Assert.failNotEquals(Assert.java:494)
	at org.testng.Assert.assertEquals(Assert.java:123)
	at org.testng.Assert.assertEquals(Assert.java:176)
	at com.convirza.tests.base.TestDataPreparation.createCustomSource(TestDataPreparation.java:358)
	at com.convirza.tests.base.TestDataPreparation.createTestData(TestDataPreparation.java:155)
	at common.BaseClass.setup(BaseClass.java:45)
	at sun.reflect.NativeMethodAccessorImpl.invoke0(Native Method)
	at sun.reflect.NativeMethodAccessorImpl.invoke(NativeMethodAccessorImpl.java:62)
	at sun.reflect.DelegatingMethodAccessorImpl.invoke(DelegatingMethodAccessorImpl.java:43)
	at java.lang.reflect.Method.invoke(Method.java:498)
	at org.testng.internal.MethodInvocationHelper.invokeMethod(MethodInvocationHelper.java:80)
	at org.testng.internal.Invoker.invokeConfigurationMethod(Invoker.java:564)
	at org.testng.internal.Invoker.invokeConfigurations(Invoker.java:213)
	at org.testng.internal.Invoker.invokeConfigurations(Invoker.java:138)
	at org.testng.SuiteRunner.privateRun(SuiteRunner.java:277)
	at org.testng.SuiteRunner.run(SuiteRunner.java:240)
	at org.testng.SuiteRunnerWorker.runSuite(SuiteRunnerWorker.java:52)
	at org.testng.SuiteRunnerWorker.run(SuiteRunnerWorker.java:86)
	at org.testng.TestNG.runSuitesSequentially(TestNG.java:1198)
	at org.testng.TestNG.runSuitesLocally(TestNG.java:1123)
	at org.testng.TestNG.run(TestNG.java:1031)
	at org.testng.remote.AbstractRemoteTestNG.run(AbstractRemoteTestNG.java:115)
	at org.testng.remote.RemoteTestNG.initAndRun(RemoteTestNG.java:251)
	at org.testng.remote.RemoteTestNG.main(RemoteTestNG.java:77)
]]>
    </failure>
  </testcase> <!-- uploadCallWithoutAgent -->
  <testcase name="uploadCallWithCampaignIDBlank" time="0.030" classname="callupload.PostCallUpload">
    <failure type="java.lang.AssertionError" message="API is returning error while creating customsource. API response: {&quot;result&quot;:&quot;error&quot;,&quot;err&quot;:&quot;error&quot;,&quot;data&quot;:[{&quot;name&quot;:&quot;error&quot;,&quot;length&quot;:142,&quot;severity&quot;:&quot;ERROR&quot;,&quot;code&quot;:&quot;55000&quot;,&quot;file&quot;:&quot;sequence.c&quot;,&quot;line&quot;:&quot;793&quot;,&quot;routine&quot;:&quot;currval_oid&quot;}]} expected [success] but found [error]">
      <![CDATA[java.lang.AssertionError: API is returning error while creating customsource. API response: {"result":"error","err":"error","data":[{"name":"error","length":142,"severity":"ERROR","code":"55000","file":"sequence.c","line":"793","routine":"currval_oid"}]} expected [success] but found [error]
	at org.testng.Assert.fail(Assert.java:94)
	at org.testng.Assert.failNotEquals(Assert.java:494)
	at org.testng.Assert.assertEquals(Assert.java:123)
	at org.testng.Assert.assertEquals(Assert.java:176)
	at com.convirza.tests.base.TestDataPreparation.createCustomSource(TestDataPreparation.java:358)
	at com.convirza.tests.base.TestDataPreparation.createTestData(TestDataPreparation.java:155)
	at common.BaseClass.setup(BaseClass.java:45)
	at sun.reflect.NativeMethodAccessorImpl.invoke0(Native Method)
	at sun.reflect.NativeMethodAccessorImpl.invoke(NativeMethodAccessorImpl.java:62)
	at sun.reflect.DelegatingMethodAccessorImpl.invoke(DelegatingMethodAccessorImpl.java:43)
	at java.lang.reflect.Method.invoke(Method.java:498)
	at org.testng.internal.MethodInvocationHelper.invokeMethod(MethodInvocationHelper.java:80)
	at org.testng.internal.Invoker.invokeConfigurationMethod(Invoker.java:564)
	at org.testng.internal.Invoker.invokeConfigurations(Invoker.java:213)
	at org.testng.internal.Invoker.invokeConfigurations(Invoker.java:138)
	at org.testng.SuiteRunner.privateRun(SuiteRunner.java:277)
	at org.testng.SuiteRunner.run(SuiteRunner.java:240)
	at org.testng.SuiteRunnerWorker.runSuite(SuiteRunnerWorker.java:52)
	at org.testng.SuiteRunnerWorker.run(SuiteRunnerWorker.java:86)
	at org.testng.TestNG.runSuitesSequentially(TestNG.java:1198)
	at org.testng.TestNG.runSuitesLocally(TestNG.java:1123)
	at org.testng.TestNG.run(TestNG.java:1031)
	at org.testng.remote.AbstractRemoteTestNG.run(AbstractRemoteTestNG.java:115)
	at org.testng.remote.RemoteTestNG.initAndRun(RemoteTestNG.java:251)
	at org.testng.remote.RemoteTestNG.main(RemoteTestNG.java:77)
]]>
    </failure>
  </testcase> <!-- uploadCallWithCampaignIDBlank -->
  <testcase name="uploadCallWithoutGroupID" time="0.081" classname="callupload.PostCallUpload">
    <failure type="java.lang.AssertionError" message="API is returning error while creating customsource. API response: {&quot;result&quot;:&quot;error&quot;,&quot;err&quot;:&quot;error&quot;,&quot;data&quot;:[{&quot;name&quot;:&quot;error&quot;,&quot;length&quot;:142,&quot;severity&quot;:&quot;ERROR&quot;,&quot;code&quot;:&quot;55000&quot;,&quot;file&quot;:&quot;sequence.c&quot;,&quot;line&quot;:&quot;793&quot;,&quot;routine&quot;:&quot;currval_oid&quot;}]} expected [success] but found [error]">
      <![CDATA[java.lang.AssertionError: API is returning error while creating customsource. API response: {"result":"error","err":"error","data":[{"name":"error","length":142,"severity":"ERROR","code":"55000","file":"sequence.c","line":"793","routine":"currval_oid"}]} expected [success] but found [error]
	at org.testng.Assert.fail(Assert.java:94)
	at org.testng.Assert.failNotEquals(Assert.java:494)
	at org.testng.Assert.assertEquals(Assert.java:123)
	at org.testng.Assert.assertEquals(Assert.java:176)
	at com.convirza.tests.base.TestDataPreparation.createCustomSource(TestDataPreparation.java:358)
	at com.convirza.tests.base.TestDataPreparation.createTestData(TestDataPreparation.java:155)
	at common.BaseClass.setup(BaseClass.java:45)
	at sun.reflect.NativeMethodAccessorImpl.invoke0(Native Method)
	at sun.reflect.NativeMethodAccessorImpl.invoke(NativeMethodAccessorImpl.java:62)
	at sun.reflect.DelegatingMethodAccessorImpl.invoke(DelegatingMethodAccessorImpl.java:43)
	at java.lang.reflect.Method.invoke(Method.java:498)
	at org.testng.internal.MethodInvocationHelper.invokeMethod(MethodInvocationHelper.java:80)
	at org.testng.internal.Invoker.invokeConfigurationMethod(Invoker.java:564)
	at org.testng.internal.Invoker.invokeConfigurations(Invoker.java:213)
	at org.testng.internal.Invoker.invokeConfigurations(Invoker.java:138)
	at org.testng.SuiteRunner.privateRun(SuiteRunner.java:277)
	at org.testng.SuiteRunner.run(SuiteRunner.java:240)
	at org.testng.SuiteRunnerWorker.runSuite(SuiteRunnerWorker.java:52)
	at org.testng.SuiteRunnerWorker.run(SuiteRunnerWorker.java:86)
	at org.testng.TestNG.runSuitesSequentially(TestNG.java:1198)
	at org.testng.TestNG.runSuitesLocally(TestNG.java:1123)
	at org.testng.TestNG.run(TestNG.java:1031)
	at org.testng.remote.AbstractRemoteTestNG.run(AbstractRemoteTestNG.java:115)
	at org.testng.remote.RemoteTestNG.initAndRun(RemoteTestNG.java:251)
	at org.testng.remote.RemoteTestNG.main(RemoteTestNG.java:77)
]]>
    </failure>
  </testcase> <!-- uploadCallWithoutGroupID -->
  <testcase name="uploadCallWithInvalidDisposition" time="0.075" classname="callupload.PostCallUpload">
    <failure type="java.lang.AssertionError" message="API is returning error while creating customsource. API response: {&quot;result&quot;:&quot;error&quot;,&quot;err&quot;:&quot;error&quot;,&quot;data&quot;:[{&quot;name&quot;:&quot;error&quot;,&quot;length&quot;:142,&quot;severity&quot;:&quot;ERROR&quot;,&quot;code&quot;:&quot;55000&quot;,&quot;file&quot;:&quot;sequence.c&quot;,&quot;line&quot;:&quot;793&quot;,&quot;routine&quot;:&quot;currval_oid&quot;}]} expected [success] but found [error]">
      <![CDATA[java.lang.AssertionError: API is returning error while creating customsource. API response: {"result":"error","err":"error","data":[{"name":"error","length":142,"severity":"ERROR","code":"55000","file":"sequence.c","line":"793","routine":"currval_oid"}]} expected [success] but found [error]
	at org.testng.Assert.fail(Assert.java:94)
	at org.testng.Assert.failNotEquals(Assert.java:494)
	at org.testng.Assert.assertEquals(Assert.java:123)
	at org.testng.Assert.assertEquals(Assert.java:176)
	at com.convirza.tests.base.TestDataPreparation.createCustomSource(TestDataPreparation.java:358)
	at com.convirza.tests.base.TestDataPreparation.createTestData(TestDataPreparation.java:155)
	at common.BaseClass.setup(BaseClass.java:45)
	at sun.reflect.NativeMethodAccessorImpl.invoke0(Native Method)
	at sun.reflect.NativeMethodAccessorImpl.invoke(NativeMethodAccessorImpl.java:62)
	at sun.reflect.DelegatingMethodAccessorImpl.invoke(DelegatingMethodAccessorImpl.java:43)
	at java.lang.reflect.Method.invoke(Method.java:498)
	at org.testng.internal.MethodInvocationHelper.invokeMethod(MethodInvocationHelper.java:80)
	at org.testng.internal.Invoker.invokeConfigurationMethod(Invoker.java:564)
	at org.testng.internal.Invoker.invokeConfigurations(Invoker.java:213)
	at org.testng.internal.Invoker.invokeConfigurations(Invoker.java:138)
	at org.testng.SuiteRunner.privateRun(SuiteRunner.java:277)
	at org.testng.SuiteRunner.run(SuiteRunner.java:240)
	at org.testng.SuiteRunnerWorker.runSuite(SuiteRunnerWorker.java:52)
	at org.testng.SuiteRunnerWorker.run(SuiteRunnerWorker.java:86)
	at org.testng.TestNG.runSuitesSequentially(TestNG.java:1198)
	at org.testng.TestNG.runSuitesLocally(TestNG.java:1123)
	at org.testng.TestNG.run(TestNG.java:1031)
	at org.testng.remote.AbstractRemoteTestNG.run(AbstractRemoteTestNG.java:115)
	at org.testng.remote.RemoteTestNG.initAndRun(RemoteTestNG.java:251)
	at org.testng.remote.RemoteTestNG.main(RemoteTestNG.java:77)
]]>
    </failure>
  </testcase> <!-- uploadCallWithInvalidDisposition -->
  <testcase name="uploadCallWithValidDispositions" time="0.036" classname="callupload.PostCallUpload">
    <failure type="java.lang.AssertionError" message="API is returning error while creating customsource. API response: {&quot;result&quot;:&quot;error&quot;,&quot;err&quot;:&quot;error&quot;,&quot;data&quot;:[{&quot;name&quot;:&quot;error&quot;,&quot;length&quot;:142,&quot;severity&quot;:&quot;ERROR&quot;,&quot;code&quot;:&quot;55000&quot;,&quot;file&quot;:&quot;sequence.c&quot;,&quot;line&quot;:&quot;793&quot;,&quot;routine&quot;:&quot;currval_oid&quot;}]} expected [success] but found [error]">
      <![CDATA[java.lang.AssertionError: API is returning error while creating customsource. API response: {"result":"error","err":"error","data":[{"name":"error","length":142,"severity":"ERROR","code":"55000","file":"sequence.c","line":"793","routine":"currval_oid"}]} expected [success] but found [error]
	at org.testng.Assert.fail(Assert.java:94)
	at org.testng.Assert.failNotEquals(Assert.java:494)
	at org.testng.Assert.assertEquals(Assert.java:123)
	at org.testng.Assert.assertEquals(Assert.java:176)
	at com.convirza.tests.base.TestDataPreparation.createCustomSource(TestDataPreparation.java:358)
	at com.convirza.tests.base.TestDataPreparation.createTestData(TestDataPreparation.java:155)
	at common.BaseClass.setup(BaseClass.java:45)
	at sun.reflect.NativeMethodAccessorImpl.invoke0(Native Method)
	at sun.reflect.NativeMethodAccessorImpl.invoke(NativeMethodAccessorImpl.java:62)
	at sun.reflect.DelegatingMethodAccessorImpl.invoke(DelegatingMethodAccessorImpl.java:43)
	at java.lang.reflect.Method.invoke(Method.java:498)
	at org.testng.internal.MethodInvocationHelper.invokeMethod(MethodInvocationHelper.java:80)
	at org.testng.internal.Invoker.invokeConfigurationMethod(Invoker.java:564)
	at org.testng.internal.Invoker.invokeConfigurations(Invoker.java:213)
	at org.testng.internal.Invoker.invokeConfigurations(Invoker.java:138)
	at org.testng.SuiteRunner.privateRun(SuiteRunner.java:277)
	at org.testng.SuiteRunner.run(SuiteRunner.java:240)
	at org.testng.SuiteRunnerWorker.runSuite(SuiteRunnerWorker.java:52)
	at org.testng.SuiteRunnerWorker.run(SuiteRunnerWorker.java:86)
	at org.testng.TestNG.runSuitesSequentially(TestNG.java:1198)
	at org.testng.TestNG.runSuitesLocally(TestNG.java:1123)
	at org.testng.TestNG.run(TestNG.java:1031)
	at org.testng.remote.AbstractRemoteTestNG.run(AbstractRemoteTestNG.java:115)
	at org.testng.remote.RemoteTestNG.initAndRun(RemoteTestNG.java:251)
	at org.testng.remote.RemoteTestNG.main(RemoteTestNG.java:77)
]]>
    </failure>
  </testcase> <!-- uploadCallWithValidDispositions -->
  <testcase name="uploadCallWithDefaultTageName" time="0.062" classname="callupload.PostCallUpload">
    <failure type="java.lang.AssertionError" message="API is returning error while creating customsource. API response: {&quot;result&quot;:&quot;error&quot;,&quot;err&quot;:&quot;error&quot;,&quot;data&quot;:[{&quot;name&quot;:&quot;error&quot;,&quot;length&quot;:142,&quot;severity&quot;:&quot;ERROR&quot;,&quot;code&quot;:&quot;55000&quot;,&quot;file&quot;:&quot;sequence.c&quot;,&quot;line&quot;:&quot;793&quot;,&quot;routine&quot;:&quot;currval_oid&quot;}]} expected [success] but found [error]">
      <![CDATA[java.lang.AssertionError: API is returning error while creating customsource. API response: {"result":"error","err":"error","data":[{"name":"error","length":142,"severity":"ERROR","code":"55000","file":"sequence.c","line":"793","routine":"currval_oid"}]} expected [success] but found [error]
	at org.testng.Assert.fail(Assert.java:94)
	at org.testng.Assert.failNotEquals(Assert.java:494)
	at org.testng.Assert.assertEquals(Assert.java:123)
	at org.testng.Assert.assertEquals(Assert.java:176)
	at com.convirza.tests.base.TestDataPreparation.createCustomSource(TestDataPreparation.java:358)
	at com.convirza.tests.base.TestDataPreparation.createTestData(TestDataPreparation.java:155)
	at common.BaseClass.setup(BaseClass.java:45)
	at sun.reflect.NativeMethodAccessorImpl.invoke0(Native Method)
	at sun.reflect.NativeMethodAccessorImpl.invoke(NativeMethodAccessorImpl.java:62)
	at sun.reflect.DelegatingMethodAccessorImpl.invoke(DelegatingMethodAccessorImpl.java:43)
	at java.lang.reflect.Method.invoke(Method.java:498)
	at org.testng.internal.MethodInvocationHelper.invokeMethod(MethodInvocationHelper.java:80)
	at org.testng.internal.Invoker.invokeConfigurationMethod(Invoker.java:564)
	at org.testng.internal.Invoker.invokeConfigurations(Invoker.java:213)
	at org.testng.internal.Invoker.invokeConfigurations(Invoker.java:138)
	at org.testng.SuiteRunner.privateRun(SuiteRunner.java:277)
	at org.testng.SuiteRunner.run(SuiteRunner.java:240)
	at org.testng.SuiteRunnerWorker.runSuite(SuiteRunnerWorker.java:52)
	at org.testng.SuiteRunnerWorker.run(SuiteRunnerWorker.java:86)
	at org.testng.TestNG.runSuitesSequentially(TestNG.java:1198)
	at org.testng.TestNG.runSuitesLocally(TestNG.java:1123)
	at org.testng.TestNG.run(TestNG.java:1031)
	at org.testng.remote.AbstractRemoteTestNG.run(AbstractRemoteTestNG.java:115)
	at org.testng.remote.RemoteTestNG.initAndRun(RemoteTestNG.java:251)
	at org.testng.remote.RemoteTestNG.main(RemoteTestNG.java:77)
]]>
    </failure>
  </testcase> <!-- uploadCallWithDefaultTageName -->
  <testcase name="uploadCallWithGroupIDNull" time="0.067" classname="callupload.PostCallUpload">
    <failure type="java.lang.AssertionError" message="API is returning error while creating customsource. API response: {&quot;result&quot;:&quot;error&quot;,&quot;err&quot;:&quot;error&quot;,&quot;data&quot;:[{&quot;name&quot;:&quot;error&quot;,&quot;length&quot;:142,&quot;severity&quot;:&quot;ERROR&quot;,&quot;code&quot;:&quot;55000&quot;,&quot;file&quot;:&quot;sequence.c&quot;,&quot;line&quot;:&quot;793&quot;,&quot;routine&quot;:&quot;currval_oid&quot;}]} expected [success] but found [error]">
      <![CDATA[java.lang.AssertionError: API is returning error while creating customsource. API response: {"result":"error","err":"error","data":[{"name":"error","length":142,"severity":"ERROR","code":"55000","file":"sequence.c","line":"793","routine":"currval_oid"}]} expected [success] but found [error]
	at org.testng.Assert.fail(Assert.java:94)
	at org.testng.Assert.failNotEquals(Assert.java:494)
	at org.testng.Assert.assertEquals(Assert.java:123)
	at org.testng.Assert.assertEquals(Assert.java:176)
	at com.convirza.tests.base.TestDataPreparation.createCustomSource(TestDataPreparation.java:358)
	at com.convirza.tests.base.TestDataPreparation.createTestData(TestDataPreparation.java:155)
	at common.BaseClass.setup(BaseClass.java:45)
	at sun.reflect.NativeMethodAccessorImpl.invoke0(Native Method)
	at sun.reflect.NativeMethodAccessorImpl.invoke(NativeMethodAccessorImpl.java:62)
	at sun.reflect.DelegatingMethodAccessorImpl.invoke(DelegatingMethodAccessorImpl.java:43)
	at java.lang.reflect.Method.invoke(Method.java:498)
	at org.testng.internal.MethodInvocationHelper.invokeMethod(MethodInvocationHelper.java:80)
	at org.testng.internal.Invoker.invokeConfigurationMethod(Invoker.java:564)
	at org.testng.internal.Invoker.invokeConfigurations(Invoker.java:213)
	at org.testng.internal.Invoker.invokeConfigurations(Invoker.java:138)
	at org.testng.SuiteRunner.privateRun(SuiteRunner.java:277)
	at org.testng.SuiteRunner.run(SuiteRunner.java:240)
	at org.testng.SuiteRunnerWorker.runSuite(SuiteRunnerWorker.java:52)
	at org.testng.SuiteRunnerWorker.run(SuiteRunnerWorker.java:86)
	at org.testng.TestNG.runSuitesSequentially(TestNG.java:1198)
	at org.testng.TestNG.runSuitesLocally(TestNG.java:1123)
	at org.testng.TestNG.run(TestNG.java:1031)
	at org.testng.remote.AbstractRemoteTestNG.run(AbstractRemoteTestNG.java:115)
	at org.testng.remote.RemoteTestNG.initAndRun(RemoteTestNG.java:251)
	at org.testng.remote.RemoteTestNG.main(RemoteTestNG.java:77)
]]>
    </failure>
  </testcase> <!-- uploadCallWithGroupIDNull -->
  <testcase name="uploadCallWithInvalidCompanyName" time="0.024" classname="callupload.PostCallUpload">
    <failure type="java.lang.AssertionError" message="API is returning error while creating customsource. API response: {&quot;result&quot;:&quot;error&quot;,&quot;err&quot;:&quot;error&quot;,&quot;data&quot;:[{&quot;name&quot;:&quot;error&quot;,&quot;length&quot;:142,&quot;severity&quot;:&quot;ERROR&quot;,&quot;code&quot;:&quot;55000&quot;,&quot;file&quot;:&quot;sequence.c&quot;,&quot;line&quot;:&quot;793&quot;,&quot;routine&quot;:&quot;currval_oid&quot;}]} expected [success] but found [error]">
      <![CDATA[java.lang.AssertionError: API is returning error while creating customsource. API response: {"result":"error","err":"error","data":[{"name":"error","length":142,"severity":"ERROR","code":"55000","file":"sequence.c","line":"793","routine":"currval_oid"}]} expected [success] but found [error]
	at org.testng.Assert.fail(Assert.java:94)
	at org.testng.Assert.failNotEquals(Assert.java:494)
	at org.testng.Assert.assertEquals(Assert.java:123)
	at org.testng.Assert.assertEquals(Assert.java:176)
	at com.convirza.tests.base.TestDataPreparation.createCustomSource(TestDataPreparation.java:358)
	at com.convirza.tests.base.TestDataPreparation.createTestData(TestDataPreparation.java:155)
	at common.BaseClass.setup(BaseClass.java:45)
	at sun.reflect.NativeMethodAccessorImpl.invoke0(Native Method)
	at sun.reflect.NativeMethodAccessorImpl.invoke(NativeMethodAccessorImpl.java:62)
	at sun.reflect.DelegatingMethodAccessorImpl.invoke(DelegatingMethodAccessorImpl.java:43)
	at java.lang.reflect.Method.invoke(Method.java:498)
	at org.testng.internal.MethodInvocationHelper.invokeMethod(MethodInvocationHelper.java:80)
	at org.testng.internal.Invoker.invokeConfigurationMethod(Invoker.java:564)
	at org.testng.internal.Invoker.invokeConfigurations(Invoker.java:213)
	at org.testng.internal.Invoker.invokeConfigurations(Invoker.java:138)
	at org.testng.SuiteRunner.privateRun(SuiteRunner.java:277)
	at org.testng.SuiteRunner.run(SuiteRunner.java:240)
	at org.testng.SuiteRunnerWorker.runSuite(SuiteRunnerWorker.java:52)
	at org.testng.SuiteRunnerWorker.run(SuiteRunnerWorker.java:86)
	at org.testng.TestNG.runSuitesSequentially(TestNG.java:1198)
	at org.testng.TestNG.runSuitesLocally(TestNG.java:1123)
	at org.testng.TestNG.run(TestNG.java:1031)
	at org.testng.remote.AbstractRemoteTestNG.run(AbstractRemoteTestNG.java:115)
	at org.testng.remote.RemoteTestNG.initAndRun(RemoteTestNG.java:251)
	at org.testng.remote.RemoteTestNG.main(RemoteTestNG.java:77)
]]>
    </failure>
  </testcase> <!-- uploadCallWithInvalidCompanyName -->
  <testcase name="uploadCallWithoutCompanyName" time="0.041" classname="callupload.PostCallUpload">
    <failure type="java.lang.AssertionError" message="API is returning error while creating customsource. API response: {&quot;result&quot;:&quot;error&quot;,&quot;err&quot;:&quot;error&quot;,&quot;data&quot;:[{&quot;name&quot;:&quot;error&quot;,&quot;length&quot;:142,&quot;severity&quot;:&quot;ERROR&quot;,&quot;code&quot;:&quot;55000&quot;,&quot;file&quot;:&quot;sequence.c&quot;,&quot;line&quot;:&quot;793&quot;,&quot;routine&quot;:&quot;currval_oid&quot;}]} expected [success] but found [error]">
      <![CDATA[java.lang.AssertionError: API is returning error while creating customsource. API response: {"result":"error","err":"error","data":[{"name":"error","length":142,"severity":"ERROR","code":"55000","file":"sequence.c","line":"793","routine":"currval_oid"}]} expected [success] but found [error]
	at org.testng.Assert.fail(Assert.java:94)
	at org.testng.Assert.failNotEquals(Assert.java:494)
	at org.testng.Assert.assertEquals(Assert.java:123)
	at org.testng.Assert.assertEquals(Assert.java:176)
	at com.convirza.tests.base.TestDataPreparation.createCustomSource(TestDataPreparation.java:358)
	at com.convirza.tests.base.TestDataPreparation.createTestData(TestDataPreparation.java:155)
	at common.BaseClass.setup(BaseClass.java:45)
	at sun.reflect.NativeMethodAccessorImpl.invoke0(Native Method)
	at sun.reflect.NativeMethodAccessorImpl.invoke(NativeMethodAccessorImpl.java:62)
	at sun.reflect.DelegatingMethodAccessorImpl.invoke(DelegatingMethodAccessorImpl.java:43)
	at java.lang.reflect.Method.invoke(Method.java:498)
	at org.testng.internal.MethodInvocationHelper.invokeMethod(MethodInvocationHelper.java:80)
	at org.testng.internal.Invoker.invokeConfigurationMethod(Invoker.java:564)
	at org.testng.internal.Invoker.invokeConfigurations(Invoker.java:213)
	at org.testng.internal.Invoker.invokeConfigurations(Invoker.java:138)
	at org.testng.SuiteRunner.privateRun(SuiteRunner.java:277)
	at org.testng.SuiteRunner.run(SuiteRunner.java:240)
	at org.testng.SuiteRunnerWorker.runSuite(SuiteRunnerWorker.java:52)
	at org.testng.SuiteRunnerWorker.run(SuiteRunnerWorker.java:86)
	at org.testng.TestNG.runSuitesSequentially(TestNG.java:1198)
	at org.testng.TestNG.runSuitesLocally(TestNG.java:1123)
	at org.testng.TestNG.run(TestNG.java:1031)
	at org.testng.remote.AbstractRemoteTestNG.run(AbstractRemoteTestNG.java:115)
	at org.testng.remote.RemoteTestNG.initAndRun(RemoteTestNG.java:251)
	at org.testng.remote.RemoteTestNG.main(RemoteTestNG.java:77)
]]>
    </failure>
  </testcase> <!-- uploadCallWithoutCompanyName -->
  <testcase name="uploadCallWithLineTypeHavingAlphaNumericSpecialChars" time="0.048" classname="callupload.PostCallUpload">
    <failure type="java.lang.AssertionError" message="API is returning error while creating customsource. API response: {&quot;result&quot;:&quot;error&quot;,&quot;err&quot;:&quot;error&quot;,&quot;data&quot;:[{&quot;name&quot;:&quot;error&quot;,&quot;length&quot;:142,&quot;severity&quot;:&quot;ERROR&quot;,&quot;code&quot;:&quot;55000&quot;,&quot;file&quot;:&quot;sequence.c&quot;,&quot;line&quot;:&quot;793&quot;,&quot;routine&quot;:&quot;currval_oid&quot;}]} expected [success] but found [error]">
      <![CDATA[java.lang.AssertionError: API is returning error while creating customsource. API response: {"result":"error","err":"error","data":[{"name":"error","length":142,"severity":"ERROR","code":"55000","file":"sequence.c","line":"793","routine":"currval_oid"}]} expected [success] but found [error]
	at org.testng.Assert.fail(Assert.java:94)
	at org.testng.Assert.failNotEquals(Assert.java:494)
	at org.testng.Assert.assertEquals(Assert.java:123)
	at org.testng.Assert.assertEquals(Assert.java:176)
	at com.convirza.tests.base.TestDataPreparation.createCustomSource(TestDataPreparation.java:358)
	at com.convirza.tests.base.TestDataPreparation.createTestData(TestDataPreparation.java:155)
	at common.BaseClass.setup(BaseClass.java:45)
	at sun.reflect.NativeMethodAccessorImpl.invoke0(Native Method)
	at sun.reflect.NativeMethodAccessorImpl.invoke(NativeMethodAccessorImpl.java:62)
	at sun.reflect.DelegatingMethodAccessorImpl.invoke(DelegatingMethodAccessorImpl.java:43)
	at java.lang.reflect.Method.invoke(Method.java:498)
	at org.testng.internal.MethodInvocationHelper.invokeMethod(MethodInvocationHelper.java:80)
	at org.testng.internal.Invoker.invokeConfigurationMethod(Invoker.java:564)
	at org.testng.internal.Invoker.invokeConfigurations(Invoker.java:213)
	at org.testng.internal.Invoker.invokeConfigurations(Invoker.java:138)
	at org.testng.SuiteRunner.privateRun(SuiteRunner.java:277)
	at org.testng.SuiteRunner.run(SuiteRunner.java:240)
	at org.testng.SuiteRunnerWorker.runSuite(SuiteRunnerWorker.java:52)
	at org.testng.SuiteRunnerWorker.run(SuiteRunnerWorker.java:86)
	at org.testng.TestNG.runSuitesSequentially(TestNG.java:1198)
	at org.testng.TestNG.runSuitesLocally(TestNG.java:1123)
	at org.testng.TestNG.run(TestNG.java:1031)
	at org.testng.remote.AbstractRemoteTestNG.run(AbstractRemoteTestNG.java:115)
	at org.testng.remote.RemoteTestNG.initAndRun(RemoteTestNG.java:251)
	at org.testng.remote.RemoteTestNG.main(RemoteTestNG.java:77)
]]>
    </failure>
  </testcase> <!-- uploadCallWithLineTypeHavingAlphaNumericSpecialChars -->
  <testcase name="uploadCallWithRingToNumberBlank" time="0.033" classname="callupload.PostCallUpload">
    <failure type="java.lang.AssertionError" message="API is returning error while creating customsource. API response: {&quot;result&quot;:&quot;error&quot;,&quot;err&quot;:&quot;error&quot;,&quot;data&quot;:[{&quot;name&quot;:&quot;error&quot;,&quot;length&quot;:142,&quot;severity&quot;:&quot;ERROR&quot;,&quot;code&quot;:&quot;55000&quot;,&quot;file&quot;:&quot;sequence.c&quot;,&quot;line&quot;:&quot;793&quot;,&quot;routine&quot;:&quot;currval_oid&quot;}]} expected [success] but found [error]">
      <![CDATA[java.lang.AssertionError: API is returning error while creating customsource. API response: {"result":"error","err":"error","data":[{"name":"error","length":142,"severity":"ERROR","code":"55000","file":"sequence.c","line":"793","routine":"currval_oid"}]} expected [success] but found [error]
	at org.testng.Assert.fail(Assert.java:94)
	at org.testng.Assert.failNotEquals(Assert.java:494)
	at org.testng.Assert.assertEquals(Assert.java:123)
	at org.testng.Assert.assertEquals(Assert.java:176)
	at com.convirza.tests.base.TestDataPreparation.createCustomSource(TestDataPreparation.java:358)
	at com.convirza.tests.base.TestDataPreparation.createTestData(TestDataPreparation.java:155)
	at common.BaseClass.setup(BaseClass.java:45)
	at sun.reflect.NativeMethodAccessorImpl.invoke0(Native Method)
	at sun.reflect.NativeMethodAccessorImpl.invoke(NativeMethodAccessorImpl.java:62)
	at sun.reflect.DelegatingMethodAccessorImpl.invoke(DelegatingMethodAccessorImpl.java:43)
	at java.lang.reflect.Method.invoke(Method.java:498)
	at org.testng.internal.MethodInvocationHelper.invokeMethod(MethodInvocationHelper.java:80)
	at org.testng.internal.Invoker.invokeConfigurationMethod(Invoker.java:564)
	at org.testng.internal.Invoker.invokeConfigurations(Invoker.java:213)
	at org.testng.internal.Invoker.invokeConfigurations(Invoker.java:138)
	at org.testng.SuiteRunner.privateRun(SuiteRunner.java:277)
	at org.testng.SuiteRunner.run(SuiteRunner.java:240)
	at org.testng.SuiteRunnerWorker.runSuite(SuiteRunnerWorker.java:52)
	at org.testng.SuiteRunnerWorker.run(SuiteRunnerWorker.java:86)
	at org.testng.TestNG.runSuitesSequentially(TestNG.java:1198)
	at org.testng.TestNG.runSuitesLocally(TestNG.java:1123)
	at org.testng.TestNG.run(TestNG.java:1031)
	at org.testng.remote.AbstractRemoteTestNG.run(AbstractRemoteTestNG.java:115)
	at org.testng.remote.RemoteTestNG.initAndRun(RemoteTestNG.java:251)
	at org.testng.remote.RemoteTestNG.main(RemoteTestNG.java:77)
]]>
    </failure>
  </testcase> <!-- uploadCallWithRingToNumberBlank -->
  <testcase name="uploadCallWithoutDisposition" time="0.047" classname="callupload.PostCallUpload">
    <failure type="java.lang.AssertionError" message="API is returning error while creating customsource. API response: {&quot;result&quot;:&quot;error&quot;,&quot;err&quot;:&quot;error&quot;,&quot;data&quot;:[{&quot;name&quot;:&quot;error&quot;,&quot;length&quot;:142,&quot;severity&quot;:&quot;ERROR&quot;,&quot;code&quot;:&quot;55000&quot;,&quot;file&quot;:&quot;sequence.c&quot;,&quot;line&quot;:&quot;793&quot;,&quot;routine&quot;:&quot;currval_oid&quot;}]} expected [success] but found [error]">
      <![CDATA[java.lang.AssertionError: API is returning error while creating customsource. API response: {"result":"error","err":"error","data":[{"name":"error","length":142,"severity":"ERROR","code":"55000","file":"sequence.c","line":"793","routine":"currval_oid"}]} expected [success] but found [error]
	at org.testng.Assert.fail(Assert.java:94)
	at org.testng.Assert.failNotEquals(Assert.java:494)
	at org.testng.Assert.assertEquals(Assert.java:123)
	at org.testng.Assert.assertEquals(Assert.java:176)
	at com.convirza.tests.base.TestDataPreparation.createCustomSource(TestDataPreparation.java:358)
	at com.convirza.tests.base.TestDataPreparation.createTestData(TestDataPreparation.java:155)
	at common.BaseClass.setup(BaseClass.java:45)
	at sun.reflect.NativeMethodAccessorImpl.invoke0(Native Method)
	at sun.reflect.NativeMethodAccessorImpl.invoke(NativeMethodAccessorImpl.java:62)
	at sun.reflect.DelegatingMethodAccessorImpl.invoke(DelegatingMethodAccessorImpl.java:43)
	at java.lang.reflect.Method.invoke(Method.java:498)
	at org.testng.internal.MethodInvocationHelper.invokeMethod(MethodInvocationHelper.java:80)
	at org.testng.internal.Invoker.invokeConfigurationMethod(Invoker.java:564)
	at org.testng.internal.Invoker.invokeConfigurations(Invoker.java:213)
	at org.testng.internal.Invoker.invokeConfigurations(Invoker.java:138)
	at org.testng.SuiteRunner.privateRun(SuiteRunner.java:277)
	at org.testng.SuiteRunner.run(SuiteRunner.java:240)
	at org.testng.SuiteRunnerWorker.runSuite(SuiteRunnerWorker.java:52)
	at org.testng.SuiteRunnerWorker.run(SuiteRunnerWorker.java:86)
	at org.testng.TestNG.runSuitesSequentially(TestNG.java:1198)
	at org.testng.TestNG.runSuitesLocally(TestNG.java:1123)
	at org.testng.TestNG.run(TestNG.java:1031)
	at org.testng.remote.AbstractRemoteTestNG.run(AbstractRemoteTestNG.java:115)
	at org.testng.remote.RemoteTestNG.initAndRun(RemoteTestNG.java:251)
	at org.testng.remote.RemoteTestNG.main(RemoteTestNG.java:77)
]]>
    </failure>
  </testcase> <!-- uploadCallWithoutDisposition -->
  <testcase name="uploadCallWithInvalidRingToNumber" time="0.095" classname="callupload.PostCallUpload">
    <failure type="java.lang.AssertionError" message="API is returning error while creating customsource. API response: {&quot;result&quot;:&quot;error&quot;,&quot;err&quot;:&quot;error&quot;,&quot;data&quot;:[{&quot;name&quot;:&quot;error&quot;,&quot;length&quot;:142,&quot;severity&quot;:&quot;ERROR&quot;,&quot;code&quot;:&quot;55000&quot;,&quot;file&quot;:&quot;sequence.c&quot;,&quot;line&quot;:&quot;793&quot;,&quot;routine&quot;:&quot;currval_oid&quot;}]} expected [success] but found [error]">
      <![CDATA[java.lang.AssertionError: API is returning error while creating customsource. API response: {"result":"error","err":"error","data":[{"name":"error","length":142,"severity":"ERROR","code":"55000","file":"sequence.c","line":"793","routine":"currval_oid"}]} expected [success] but found [error]
	at org.testng.Assert.fail(Assert.java:94)
	at org.testng.Assert.failNotEquals(Assert.java:494)
	at org.testng.Assert.assertEquals(Assert.java:123)
	at org.testng.Assert.assertEquals(Assert.java:176)
	at com.convirza.tests.base.TestDataPreparation.createCustomSource(TestDataPreparation.java:358)
	at com.convirza.tests.base.TestDataPreparation.createTestData(TestDataPreparation.java:155)
	at common.BaseClass.setup(BaseClass.java:45)
	at sun.reflect.NativeMethodAccessorImpl.invoke0(Native Method)
	at sun.reflect.NativeMethodAccessorImpl.invoke(NativeMethodAccessorImpl.java:62)
	at sun.reflect.DelegatingMethodAccessorImpl.invoke(DelegatingMethodAccessorImpl.java:43)
	at java.lang.reflect.Method.invoke(Method.java:498)
	at org.testng.internal.MethodInvocationHelper.invokeMethod(MethodInvocationHelper.java:80)
	at org.testng.internal.Invoker.invokeConfigurationMethod(Invoker.java:564)
	at org.testng.internal.Invoker.invokeConfigurations(Invoker.java:213)
	at org.testng.internal.Invoker.invokeConfigurations(Invoker.java:138)
	at org.testng.SuiteRunner.privateRun(SuiteRunner.java:277)
	at org.testng.SuiteRunner.run(SuiteRunner.java:240)
	at org.testng.SuiteRunnerWorker.runSuite(SuiteRunnerWorker.java:52)
	at org.testng.SuiteRunnerWorker.run(SuiteRunnerWorker.java:86)
	at org.testng.TestNG.runSuitesSequentially(TestNG.java:1198)
	at org.testng.TestNG.runSuitesLocally(TestNG.java:1123)
	at org.testng.TestNG.run(TestNG.java:1031)
	at org.testng.remote.AbstractRemoteTestNG.run(AbstractRemoteTestNG.java:115)
	at org.testng.remote.RemoteTestNG.initAndRun(RemoteTestNG.java:251)
	at org.testng.remote.RemoteTestNG.main(RemoteTestNG.java:77)
]]>
    </failure>
  </testcase> <!-- uploadCallWithInvalidRingToNumber -->
  <testcase name="uploadCallWithInvalidChannelID" time="0.062" classname="callupload.PostCallUpload">
    <failure type="java.lang.AssertionError" message="API is returning error while creating customsource. API response: {&quot;result&quot;:&quot;error&quot;,&quot;err&quot;:&quot;error&quot;,&quot;data&quot;:[{&quot;name&quot;:&quot;error&quot;,&quot;length&quot;:142,&quot;severity&quot;:&quot;ERROR&quot;,&quot;code&quot;:&quot;55000&quot;,&quot;file&quot;:&quot;sequence.c&quot;,&quot;line&quot;:&quot;793&quot;,&quot;routine&quot;:&quot;currval_oid&quot;}]} expected [success] but found [error]">
      <![CDATA[java.lang.AssertionError: API is returning error while creating customsource. API response: {"result":"error","err":"error","data":[{"name":"error","length":142,"severity":"ERROR","code":"55000","file":"sequence.c","line":"793","routine":"currval_oid"}]} expected [success] but found [error]
	at org.testng.Assert.fail(Assert.java:94)
	at org.testng.Assert.failNotEquals(Assert.java:494)
	at org.testng.Assert.assertEquals(Assert.java:123)
	at org.testng.Assert.assertEquals(Assert.java:176)
	at com.convirza.tests.base.TestDataPreparation.createCustomSource(TestDataPreparation.java:358)
	at com.convirza.tests.base.TestDataPreparation.createTestData(TestDataPreparation.java:155)
	at common.BaseClass.setup(BaseClass.java:45)
	at sun.reflect.NativeMethodAccessorImpl.invoke0(Native Method)
	at sun.reflect.NativeMethodAccessorImpl.invoke(NativeMethodAccessorImpl.java:62)
	at sun.reflect.DelegatingMethodAccessorImpl.invoke(DelegatingMethodAccessorImpl.java:43)
	at java.lang.reflect.Method.invoke(Method.java:498)
	at org.testng.internal.MethodInvocationHelper.invokeMethod(MethodInvocationHelper.java:80)
	at org.testng.internal.Invoker.invokeConfigurationMethod(Invoker.java:564)
	at org.testng.internal.Invoker.invokeConfigurations(Invoker.java:213)
	at org.testng.internal.Invoker.invokeConfigurations(Invoker.java:138)
	at org.testng.SuiteRunner.privateRun(SuiteRunner.java:277)
	at org.testng.SuiteRunner.run(SuiteRunner.java:240)
	at org.testng.SuiteRunnerWorker.runSuite(SuiteRunnerWorker.java:52)
	at org.testng.SuiteRunnerWorker.run(SuiteRunnerWorker.java:86)
	at org.testng.TestNG.runSuitesSequentially(TestNG.java:1198)
	at org.testng.TestNG.runSuitesLocally(TestNG.java:1123)
	at org.testng.TestNG.run(TestNG.java:1031)
	at org.testng.remote.AbstractRemoteTestNG.run(AbstractRemoteTestNG.java:115)
	at org.testng.remote.RemoteTestNG.initAndRun(RemoteTestNG.java:251)
	at org.testng.remote.RemoteTestNG.main(RemoteTestNG.java:77)
]]>
    </failure>
  </testcase> <!-- uploadCallWithInvalidChannelID -->
  <testcase name="uploadCallWithValidAgent" time="0.027" classname="callupload.PostCallUpload">
    <failure type="java.lang.AssertionError" message="API is returning error while creating customsource. API response: {&quot;result&quot;:&quot;error&quot;,&quot;err&quot;:&quot;error&quot;,&quot;data&quot;:[{&quot;name&quot;:&quot;error&quot;,&quot;length&quot;:142,&quot;severity&quot;:&quot;ERROR&quot;,&quot;code&quot;:&quot;55000&quot;,&quot;file&quot;:&quot;sequence.c&quot;,&quot;line&quot;:&quot;793&quot;,&quot;routine&quot;:&quot;currval_oid&quot;}]} expected [success] but found [error]">
      <![CDATA[java.lang.AssertionError: API is returning error while creating customsource. API response: {"result":"error","err":"error","data":[{"name":"error","length":142,"severity":"ERROR","code":"55000","file":"sequence.c","line":"793","routine":"currval_oid"}]} expected [success] but found [error]
	at org.testng.Assert.fail(Assert.java:94)
	at org.testng.Assert.failNotEquals(Assert.java:494)
	at org.testng.Assert.assertEquals(Assert.java:123)
	at org.testng.Assert.assertEquals(Assert.java:176)
	at com.convirza.tests.base.TestDataPreparation.createCustomSource(TestDataPreparation.java:358)
	at com.convirza.tests.base.TestDataPreparation.createTestData(TestDataPreparation.java:155)
	at common.BaseClass.setup(BaseClass.java:45)
	at sun.reflect.NativeMethodAccessorImpl.invoke0(Native Method)
	at sun.reflect.NativeMethodAccessorImpl.invoke(NativeMethodAccessorImpl.java:62)
	at sun.reflect.DelegatingMethodAccessorImpl.invoke(DelegatingMethodAccessorImpl.java:43)
	at java.lang.reflect.Method.invoke(Method.java:498)
	at org.testng.internal.MethodInvocationHelper.invokeMethod(MethodInvocationHelper.java:80)
	at org.testng.internal.Invoker.invokeConfigurationMethod(Invoker.java:564)
	at org.testng.internal.Invoker.invokeConfigurations(Invoker.java:213)
	at org.testng.internal.Invoker.invokeConfigurations(Invoker.java:138)
	at org.testng.SuiteRunner.privateRun(SuiteRunner.java:277)
	at org.testng.SuiteRunner.run(SuiteRunner.java:240)
	at org.testng.SuiteRunnerWorker.runSuite(SuiteRunnerWorker.java:52)
	at org.testng.SuiteRunnerWorker.run(SuiteRunnerWorker.java:86)
	at org.testng.TestNG.runSuitesSequentially(TestNG.java:1198)
	at org.testng.TestNG.runSuitesLocally(TestNG.java:1123)
	at org.testng.TestNG.run(TestNG.java:1031)
	at org.testng.remote.AbstractRemoteTestNG.run(AbstractRemoteTestNG.java:115)
	at org.testng.remote.RemoteTestNG.initAndRun(RemoteTestNG.java:251)
	at org.testng.remote.RemoteTestNG.main(RemoteTestNG.java:77)
]]>
    </failure>
  </testcase> <!-- uploadCallWithValidAgent -->
  <testcase name="uploadCallWithValidRingToNumber" time="0.034" classname="callupload.PostCallUpload">
    <failure type="java.lang.AssertionError" message="API is returning error while creating customsource. API response: {&quot;result&quot;:&quot;error&quot;,&quot;err&quot;:&quot;error&quot;,&quot;data&quot;:[{&quot;name&quot;:&quot;error&quot;,&quot;length&quot;:142,&quot;severity&quot;:&quot;ERROR&quot;,&quot;code&quot;:&quot;55000&quot;,&quot;file&quot;:&quot;sequence.c&quot;,&quot;line&quot;:&quot;793&quot;,&quot;routine&quot;:&quot;currval_oid&quot;}]} expected [success] but found [error]">
      <![CDATA[java.lang.AssertionError: API is returning error while creating customsource. API response: {"result":"error","err":"error","data":[{"name":"error","length":142,"severity":"ERROR","code":"55000","file":"sequence.c","line":"793","routine":"currval_oid"}]} expected [success] but found [error]
	at org.testng.Assert.fail(Assert.java:94)
	at org.testng.Assert.failNotEquals(Assert.java:494)
	at org.testng.Assert.assertEquals(Assert.java:123)
	at org.testng.Assert.assertEquals(Assert.java:176)
	at com.convirza.tests.base.TestDataPreparation.createCustomSource(TestDataPreparation.java:358)
	at com.convirza.tests.base.TestDataPreparation.createTestData(TestDataPreparation.java:155)
	at common.BaseClass.setup(BaseClass.java:45)
	at sun.reflect.NativeMethodAccessorImpl.invoke0(Native Method)
	at sun.reflect.NativeMethodAccessorImpl.invoke(NativeMethodAccessorImpl.java:62)
	at sun.reflect.DelegatingMethodAccessorImpl.invoke(DelegatingMethodAccessorImpl.java:43)
	at java.lang.reflect.Method.invoke(Method.java:498)
	at org.testng.internal.MethodInvocationHelper.invokeMethod(MethodInvocationHelper.java:80)
	at org.testng.internal.Invoker.invokeConfigurationMethod(Invoker.java:564)
	at org.testng.internal.Invoker.invokeConfigurations(Invoker.java:213)
	at org.testng.internal.Invoker.invokeConfigurations(Invoker.java:138)
	at org.testng.SuiteRunner.privateRun(SuiteRunner.java:277)
	at org.testng.SuiteRunner.run(SuiteRunner.java:240)
	at org.testng.SuiteRunnerWorker.runSuite(SuiteRunnerWorker.java:52)
	at org.testng.SuiteRunnerWorker.run(SuiteRunnerWorker.java:86)
	at org.testng.TestNG.runSuitesSequentially(TestNG.java:1198)
	at org.testng.TestNG.runSuitesLocally(TestNG.java:1123)
	at org.testng.TestNG.run(TestNG.java:1031)
	at org.testng.remote.AbstractRemoteTestNG.run(AbstractRemoteTestNG.java:115)
	at org.testng.remote.RemoteTestNG.initAndRun(RemoteTestNG.java:251)
	at org.testng.remote.RemoteTestNG.main(RemoteTestNG.java:77)
]]>
    </failure>
  </testcase> <!-- uploadCallWithValidRingToNumber -->
  <testcase name="uploadCallWith5MBWAVFile" time="0.055" classname="callupload.PostCallUpload">
[...]
	at com.convirza.tests.base.TestDataPreparation.createCustomSource(TestDataPreparation.java:358)
	at com.convirza.tests.base.TestDataPreparation.createTestData(TestDataPreparation.java:155)
	at common.BaseClass.setup(BaseClass.java:45)
	at sun.reflect.NativeMethodAccessorImpl.invoke0(Native Method)
	at sun.reflect.NativeMethodAccessorImpl.invoke(NativeMethodAccessorImpl.java:62)
	at sun.reflect.DelegatingMethodAccessorImpl.invoke(DelegatingMethodAccessorImpl.java:43)
	at java.lang.reflect.Method.invoke(Method.java:498)
	at org.testng.internal.MethodInvocationHelper.invokeMethod(MethodInvocationHelper.java:80)
	at org.testng.internal.Invoker.invokeConfigurationMethod(Invoker.java:564)
	at org.testng.internal.Invoker.invokeConfigurations(Invoker.java:213)
	at org.testng.internal.Invoker.invokeConfigurations(Invoker.java:138)
	at org.testng.SuiteRunner.privateRun(SuiteRunner.java:277)
	at org.testng.SuiteRunner.run(SuiteRunner.java:240)
	at org.testng.SuiteRunnerWorker.runSuite(SuiteRunnerWorker.java:52)
	at org.testng.SuiteRunnerWorker.run(SuiteRunnerWorker.java:86)
	at org.testng.TestNG.runSuitesSequentially(TestNG.java:1198)
	at org.testng.TestNG.runSuitesLocally(TestNG.java:1123)
	at org.testng.TestNG.run(TestNG.java:1031)
	at org.testng.remote.AbstractRemoteTestNG.run(AbstractRemoteTestNG.java:115)
	at org.testng.remote.RemoteTestNG.initAndRun(RemoteTestNG.java:251)
	at org.testng.remote.RemoteTestNG.main(RemoteTestNG.java:77)
]]>
    </failure>
  </testcase> <!-- uploadCallWithOutBouboundFalse -->
  <testcase name="uploadCallWithValidCallDate" time="0.077" classname="callupload.PostCallUpload">
    <failure type="java.lang.AssertionError" message="API is returning error while creating customsource. API response: {&quot;result&quot;:&quot;error&quot;,&quot;err&quot;:&quot;error&quot;,&quot;data&quot;:[{&quot;name&quot;:&quot;error&quot;,&quot;length&quot;:142,&quot;severity&quot;:&quot;ERROR&quot;,&quot;code&quot;:&quot;55000&quot;,&quot;file&quot;:&quot;sequence.c&quot;,&quot;line&quot;:&quot;793&quot;,&quot;routine&quot;:&quot;currval_oid&quot;}]} expected [success] but found [error]">
      <![CDATA[java.lang.AssertionError: API is returning error while creating customsource. API response: {"result":"error","err":"error","data":[{"name":"error","length":142,"severity":"ERROR","code":"55000","file":"sequence.c","line":"793","routine":"currval_oid"}]} expected [success] but found [error]
	at org.testng.Assert.fail(Assert.java:94)
	at org.testng.Assert.failNotEquals(Assert.java:494)
	at org.testng.Assert.assertEquals(Assert.java:123)
	at org.testng.Assert.assertEquals(Assert.java:176)
	at com.convirza.tests.base.TestDataPreparation.createCustomSource(TestDataPreparation.java:358)
	at com.convirza.tests.base.TestDataPreparation.createTestData(TestDataPreparation.java:155)
	at common.BaseClass.setup(BaseClass.java:45)
	at sun.reflect.NativeMethodAccessorImpl.invoke0(Native Method)
	at sun.reflect.NativeMethodAccessorImpl.invoke(NativeMethodAccessorImpl.java:62)
	at sun.reflect.DelegatingMethodAccessorImpl.invoke(DelegatingMethodAccessorImpl.java:43)
	at java.lang.reflect.Method.invoke(Method.java:498)
	at org.testng.internal.MethodInvocationHelper.invokeMethod(MethodInvocationHelper.java:80)
	at org.testng.internal.Invoker.invokeConfigurationMethod(Invoker.java:564)
	at org.testng.internal.Invoker.invokeConfigurations(Invoker.java:213)
	at org.testng.internal.Invoker.invokeConfigurations(Invoker.java:138)
	at org.testng.SuiteRunner.privateRun(SuiteRunner.java:277)
	at org.testng.SuiteRunner.run(SuiteRunner.java:240)
	at org.testng.SuiteRunnerWorker.runSuite(SuiteRunnerWorker.java:52)
	at org.testng.SuiteRunnerWorker.run(SuiteRunnerWorker.java:86)
	at org.testng.TestNG.runSuitesSequentially(TestNG.java:1198)
	at org.testng.TestNG.runSuitesLocally(TestNG.java:1123)
	at org.testng.TestNG.run(TestNG.java:1031)
	at org.testng.remote.AbstractRemoteTestNG.run(AbstractRemoteTestNG.java:115)
	at org.testng.remote.RemoteTestNG.initAndRun(RemoteTestNG.java:251)
	at org.testng.remote.RemoteTestNG.main(RemoteTestNG.java:77)
]]>
    </failure>
  </testcase> <!-- uploadCallWithValidCallDate -->
  <testcase name="uploadCallWithBlankCallerName" time="0.062" classname="callupload.PostCallUpload">
    <failure type="java.lang.AssertionError" message="API is returning error while creating customsource. API response: {&quot;result&quot;:&quot;error&quot;,&quot;err&quot;:&quot;error&quot;,&quot;data&quot;:[{&quot;name&quot;:&quot;error&quot;,&quot;length&quot;:142,&quot;severity&quot;:&quot;ERROR&quot;,&quot;code&quot;:&quot;55000&quot;,&quot;file&quot;:&quot;sequence.c&quot;,&quot;line&quot;:&quot;793&quot;,&quot;routine&quot;:&quot;currval_oid&quot;}]} expected [success] but found [error]">
      <![CDATA[java.lang.AssertionError: API is returning error while creating customsource. API response: {"result":"error","err":"error","data":[{"name":"error","length":142,"severity":"ERROR","code":"55000","file":"sequence.c","line":"793","routine":"currval_oid"}]} expected [success] but found [error]
	at org.testng.Assert.fail(Assert.java:94)
	at org.testng.Assert.failNotEquals(Assert.java:494)
	at org.testng.Assert.assertEquals(Assert.java:123)
	at org.testng.Assert.assertEquals(Assert.java:176)
	at com.convirza.tests.base.TestDataPreparation.createCustomSource(TestDataPreparation.java:358)
	at com.convirza.tests.base.TestDataPreparation.createTestData(TestDataPreparation.java:155)
	at common.BaseClass.setup(BaseClass.java:45)
	at sun.reflect.NativeMethodAccessorImpl.invoke0(Native Method)
	at sun.reflect.NativeMethodAccessorImpl.invoke(NativeMethodAccessorImpl.java:62)
	at sun.reflect.DelegatingMethodAccessorImpl.invoke(DelegatingMethodAccessorImpl.java:43)
	at java.lang.reflect.Method.invoke(Method.java:498)
	at org.testng.internal.MethodInvocationHelper.invokeMethod(MethodInvocationHelper.java:80)
	at org.testng.internal.Invoker.invokeConfigurationMethod(Invoker.java:564)
	at org.testng.internal.Invoker.invokeConfigurations(Invoker.java:213)
	at org.testng.internal.Invoker.invokeConfigurations(Invoker.java:138)
	at org.testng.SuiteRunner.privateRun(SuiteRunner.java:277)
	at org.testng.SuiteRunner.run(SuiteRunner.java:240)
	at org.testng.SuiteRunnerWorker.runSuite(SuiteRunnerWorker.java:52)
	at org.testng.SuiteRunnerWorker.run(SuiteRunnerWorker.java:86)
	at org.testng.TestNG.runSuitesSequentially(TestNG.java:1198)
	at org.testng.TestNG.runSuitesLocally(TestNG.java:1123)
	at org.testng.TestNG.run(TestNG.java:1031)
	at org.testng.remote.AbstractRemoteTestNG.run(AbstractRemoteTestNG.java:115)
	at org.testng.remote.RemoteTestNG.initAndRun(RemoteTestNG.java:251)
	at org.testng.remote.RemoteTestNG.main(RemoteTestNG.java:77)
]]>
    </failure>
  </testcase> <!-- uploadCallWithBlankCallerName -->
  <testcase name="uploadCallWithBlankTag" time="0.031" classname="callupload.PostCallUpload">
    <failure type="java.lang.AssertionError" message="API is returning error while creating customsource. API response: {&quot;result&quot;:&quot;error&quot;,&quot;err&quot;:&quot;error&quot;,&quot;data&quot;:[{&quot;name&quot;:&quot;error&quot;,&quot;length&quot;:142,&quot;severity&quot;:&quot;ERROR&quot;,&quot;code&quot;:&quot;55000&quot;,&quot;file&quot;:&quot;sequence.c&quot;,&quot;line&quot;:&quot;793&quot;,&quot;routine&quot;:&quot;currval_oid&quot;}]} expected [success] but found [error]">
      <![CDATA[java.lang.AssertionError: API is returning error while creating customsource. API response: {"result":"error","err":"error","data":[{"name":"error","length":142,"severity":"ERROR","code":"55000","file":"sequence.c","line":"793","routine":"currval_oid"}]} expected [success] but found [error]
	at org.testng.Assert.fail(Assert.java:94)
	at org.testng.Assert.failNotEquals(Assert.java:494)
	at org.testng.Assert.assertEquals(Assert.java:123)
	at org.testng.Assert.assertEquals(Assert.java:176)
	at com.convirza.tests.base.TestDataPreparation.createCustomSource(TestDataPreparation.java:358)
	at com.convirza.tests.base.TestDataPreparation.createTestData(TestDataPreparation.java:155)
	at common.BaseClass.setup(BaseClass.java:45)
	at sun.reflect.NativeMethodAccessorImpl.invoke0(Native Method)
	at sun.reflect.NativeMethodAccessorImpl.invoke(NativeMethodAccessorImpl.java:62)
	at sun.reflect.DelegatingMethodAccessorImpl.invoke(DelegatingMethodAccessorImpl.java:43)
	at java.lang.reflect.Method.invoke(Method.java:498)
	at org.testng.internal.MethodInvocationHelper.invokeMethod(MethodInvocationHelper.java:80)
	at org.testng.internal.Invoker.invokeConfigurationMethod(Invoker.java:564)
	at org.testng.internal.Invoker.invokeConfigurations(Invoker.java:213)
	at org.testng.internal.Invoker.invokeConfigurations(Invoker.java:138)
	at org.testng.SuiteRunner.privateRun(SuiteRunner.java:277)
	at org.testng.SuiteRunner.run(SuiteRunner.java:240)
	at org.testng.SuiteRunnerWorker.runSuite(SuiteRunnerWorker.java:52)
	at org.testng.SuiteRunnerWorker.run(SuiteRunnerWorker.java:86)
	at org.testng.TestNG.runSuitesSequentially(TestNG.java:1198)
	at org.testng.TestNG.runSuitesLocally(TestNG.java:1123)
	at org.testng.TestNG.run(TestNG.java:1031)
	at org.testng.remote.AbstractRemoteTestNG.run(AbstractRemoteTestNG.java:115)
	at org.testng.remote.RemoteTestNG.initAndRun(RemoteTestNG.java:251)
	at org.testng.remote.RemoteTestNG.main(RemoteTestNG.java:77)
]]>
    </failure>
  </testcase> <!-- uploadCallWithBlankTag -->
  <testcase name="uploadCallWithAllValidChannelID" time="0.027" classname="callupload.PostCallUpload">
    <failure type="java.lang.AssertionError" message="API is returning error while creating customsource. API response: {&quot;result&quot;:&quot;error&quot;,&quot;err&quot;:&quot;error&quot;,&quot;data&quot;:[{&quot;name&quot;:&quot;error&quot;,&quot;length&quot;:142,&quot;severity&quot;:&quot;ERROR&quot;,&quot;code&quot;:&quot;55000&quot;,&quot;file&quot;:&quot;sequence.c&quot;,&quot;line&quot;:&quot;793&quot;,&quot;routine&quot;:&quot;currval_oid&quot;}]} expected [success] but found [error]">
      <![CDATA[java.lang.AssertionError: API is returning error while creating customsource. API response: {"result":"error","err":"error","data":[{"name":"error","length":142,"severity":"ERROR","code":"55000","file":"sequence.c","line":"793","routine":"currval_oid"}]} expected [success] but found [error]
	at org.testng.Assert.fail(Assert.java:94)
	at org.testng.Assert.failNotEquals(Assert.java:494)
	at org.testng.Assert.assertEquals(Assert.java:123)
	at org.testng.Assert.assertEquals(Assert.java:176)
	at com.convirza.tests.base.TestDataPreparation.createCustomSource(TestDataPreparation.java:358)
	at com.convirza.tests.base.TestDataPreparation.createTestData(TestDataPreparation.java:155)
	at common.BaseClass.setup(BaseClass.java:45)
	at sun.reflect.NativeMethodAccessorImpl.invoke0(Native Method)
	at sun.reflect.NativeMethodAccessorImpl.invoke(NativeMethodAccessorImpl.java:62)
	at sun.reflect.DelegatingMethodAccessorImpl.invoke(DelegatingMethodAccessorImpl.java:43)
	at java.lang.reflect.Method.invoke(Method.java:498)
	at org.testng.internal.MethodInvocationHelper.invokeMethod(MethodInvocationHelper.java:80)
	at org.testng.internal.Invoker.invokeConfigurationMethod(Invoker.java:564)
	at org.testng.internal.Invoker.invokeConfigurations(Invoker.java:213)
	at org.testng.internal.Invoker.invokeConfigurations(Invoker.java:138)
	at org.testng.SuiteRunner.privateRun(SuiteRunner.java:277)
	at org.testng.SuiteRunner.run(SuiteRunner.java:240)
	at org.testng.SuiteRunnerWorker.runSuite(SuiteRunnerWorker.java:52)
	at org.testng.SuiteRunnerWorker.run(SuiteRunnerWorker.java:86)
	at org.testng.TestNG.runSuitesSequentially(TestNG.java:1198)
	at org.testng.TestNG.runSuitesLocally(TestNG.java:1123)
	at org.testng.TestNG.run(TestNG.java:1031)
	at org.testng.remote.AbstractRemoteTestNG.run(AbstractRemoteTestNG.java:115)
	at org.testng.remote.RemoteTestNG.initAndRun(RemoteTestNG.java:251)
	at org.testng.remote.RemoteTestNG.main(RemoteTestNG.java:77)
]]>
    </failure>
  </testcase> <!-- uploadCallWithAllValidChannelID -->
  <testcase name="uploadCallWithBlankState" time="0.046" classname="callupload.PostCallUpload">
    <failure type="java.lang.AssertionError" message="API is returning error while creating customsource. API response: {&quot;result&quot;:&quot;error&quot;,&quot;err&quot;:&quot;error&quot;,&quot;data&quot;:[{&quot;name&quot;:&quot;error&quot;,&quot;length&quot;:142,&quot;severity&quot;:&quot;ERROR&quot;,&quot;code&quot;:&quot;55000&quot;,&quot;file&quot;:&quot;sequence.c&quot;,&quot;line&quot;:&quot;793&quot;,&quot;routine&quot;:&quot;currval_oid&quot;}]} expected [success] but found [error]">
      <![CDATA[java.lang.AssertionError: API is returning error while creating customsource. API response: {"result":"error","err":"error","data":[{"name":"error","length":142,"severity":"ERROR","code":"55000","file":"sequence.c","line":"793","routine":"currval_oid"}]} expected [success] but found [error]
	at org.testng.Assert.fail(Assert.java:94)
	at org.testng.Assert.failNotEquals(Assert.java:494)
	at org.testng.Assert.assertEquals(Assert.java:123)
	at org.testng.Assert.assertEquals(Assert.java:176)
	at com.convirza.tests.base.TestDataPreparation.createCustomSource(TestDataPreparation.java:358)
	at com.convirza.tests.base.TestDataPreparation.createTestData(TestDataPreparation.java:155)
	at common.BaseClass.setup(BaseClass.java:45)
	at sun.reflect.NativeMethodAccessorImpl.invoke0(Native Method)
	at sun.reflect.NativeMethodAccessorImpl.invoke(NativeMethodAccessorImpl.java:62)
	at sun.reflect.DelegatingMethodAccessorImpl.invoke(DelegatingMethodAccessorImpl.java:43)
	at java.lang.reflect.Method.invoke(Method.java:498)
	at org.testng.internal.MethodInvocationHelper.invokeMethod(MethodInvocationHelper.java:80)
	at org.testng.internal.Invoker.invokeConfigurationMethod(Invoker.java:564)
	at org.testng.internal.Invoker.invokeConfigurations(Invoker.java:213)
	at org.testng.internal.Invoker.invokeConfigurations(Invoker.java:138)
	at org.testng.SuiteRunner.privateRun(SuiteRunner.java:277)
	at org.testng.SuiteRunner.run(SuiteRunner.java:240)
	at org.testng.SuiteRunnerWorker.runSuite(SuiteRunnerWorker.java:52)
	at org.testng.SuiteRunnerWorker.run(SuiteRunnerWorker.java:86)
	at org.testng.TestNG.runSuitesSequentially(TestNG.java:1198)
	at org.testng.TestNG.runSuitesLocally(TestNG.java:1123)
	at org.testng.TestNG.run(TestNG.java:1031)
	at org.testng.remote.AbstractRemoteTestNG.run(AbstractRemoteTestNG.java:115)
	at org.testng.remote.RemoteTestNG.initAndRun(RemoteTestNG.java:251)
	at org.testng.remote.RemoteTestNG.main(RemoteTestNG.java:77)
]]>
    </failure>
  </testcase> <!-- uploadCallWithBlankState -->
  <testcase name="uploadCallWithValidZip" time="0.042" classname="callupload.PostCallUpload">
    <failure type="java.lang.AssertionError" message="API is returning error while creating customsource. API response: {&quot;result&quot;:&quot;error&quot;,&quot;err&quot;:&quot;error&quot;,&quot;data&quot;:[{&quot;name&quot;:&quot;error&quot;,&quot;length&quot;:142,&quot;severity&quot;:&quot;ERROR&quot;,&quot;code&quot;:&quot;55000&quot;,&quot;file&quot;:&quot;sequence.c&quot;,&quot;line&quot;:&quot;793&quot;,&quot;routine&quot;:&quot;currval_oid&quot;}]} expected [success] but found [error]">
      <![CDATA[java.lang.AssertionError: API is returning error while creating customsource. API response: {"result":"error","err":"error","data":[{"name":"error","length":142,"severity":"ERROR","code":"55000","file":"sequence.c","line":"793","routine":"currval_oid"}]} expected [success] but found [error]
	at org.testng.Assert.fail(Assert.java:94)
	at org.testng.Assert.failNotEquals(Assert.java:494)
	at org.testng.Assert.assertEquals(Assert.java:123)
	at org.testng.Assert.assertEquals(Assert.java:176)
	at com.convirza.tests.base.TestDataPreparation.createCustomSource(TestDataPreparation.java:358)
	at com.convirza.tests.base.TestDataPreparation.createTestData(TestDataPreparation.java:155)
	at common.BaseClass.setup(BaseClass.java:45)
	at sun.reflect.NativeMethodAccessorImpl.invoke0(Native Method)
	at sun.reflect.NativeMethodAccessorImpl.invoke(NativeMethodAccessorImpl.java:62)
	at sun.reflect.DelegatingMethodAccessorImpl.invoke(DelegatingMethodAccessorImpl.java:43)
	at java.lang.reflect.Method.invoke(Method.java:498)
	at org.testng.internal.MethodInvocationHelper.invokeMethod(MethodInvocationHelper.java:80)
	at org.testng.internal.Invoker.invokeConfigurationMethod(Invoker.java:564)
	at org.testng.internal.Invoker.invokeConfigurations(Invoker.java:213)
	at org.testng.internal.Invoker.invokeConfigurations(Invoker.java:138)
	at org.testng.SuiteRunner.privateRun(SuiteRunner.java:277)
	at org.testng.SuiteRunner.run(SuiteRunner.java:240)
	at org.testng.SuiteRunnerWorker.runSuite(SuiteRunnerWorker.java:52)
	at org.testng.SuiteRunnerWorker.run(SuiteRunnerWorker.java:86)
	at org.testng.TestNG.runSuitesSequentially(TestNG.java:1198)
	at org.testng.TestNG.runSuitesLocally(TestNG.java:1123)
	at org.testng.TestNG.run(TestNG.java:1031)
	at org.testng.remote.AbstractRemoteTestNG.run(AbstractRemoteTestNG.java:115)
	at org.testng.remote.RemoteTestNG.initAndRun(RemoteTestNG.java:251)
	at org.testng.remote.RemoteTestNG.main(RemoteTestNG.java:77)
]]>
    </failure>
  </testcase> <!-- uploadCallWithValidZip -->
  <testcase name="uploadCallWithValidCallerID" time="0.032" classname="callupload.PostCallUpload">
    <failure type="java.lang.AssertionError" message="API is returning error while creating customsource. API response: {&quot;result&quot;:&quot;error&quot;,&quot;err&quot;:&quot;error&quot;,&quot;data&quot;:[{&quot;name&quot;:&quot;error&quot;,&quot;length&quot;:142,&quot;severity&quot;:&quot;ERROR&quot;,&quot;code&quot;:&quot;55000&quot;,&quot;file&quot;:&quot;sequence.c&quot;,&quot;line&quot;:&quot;793&quot;,&quot;routine&quot;:&quot;currval_oid&quot;}]} expected [success] but found [error]">
      <![CDATA[java.lang.AssertionError: API is returning error while creating customsource. API response: {"result":"error","err":"error","data":[{"name":"error","length":142,"severity":"ERROR","code":"55000","file":"sequence.c","line":"793","routine":"currval_oid"}]} expected [success] but found [error]
	at org.testng.Assert.fail(Assert.java:94)
	at org.testng.Assert.failNotEquals(Assert.java:494)
	at org.testng.Assert.assertEquals(Assert.java:123)
	at org.testng.Assert.assertEquals(Assert.java:176)
	at com.convirza.tests.base.TestDataPreparation.createCustomSource(TestDataPreparation.java:358)
	at com.convirza.tests.base.TestDataPreparation.createTestData(TestDataPreparation.java:155)
	at common.BaseClass.setup(BaseClass.java:45)
	at sun.reflect.NativeMethodAccessorImpl.invoke0(Native Method)
	at sun.reflect.NativeMethodAccessorImpl.invoke(NativeMethodAccessorImpl.java:62)
	at sun.reflect.DelegatingMethodAccessorImpl.invoke(DelegatingMethodAccessorImpl.java:43)
	at java.lang.reflect.Method.invoke(Method.java:498)
	at org.testng.internal.MethodInvocationHelper.invokeMethod(MethodInvocationHelper.java:80)
	at org.testng.internal.Invoker.invokeConfigurationMethod(Invoker.java:564)
	at org.testng.internal.Invoker.invokeConfigurations(Invoker.java:213)
	at org.testng.internal.Invoker.invokeConfigurations(Invoker.java:138)
	at org.testng.SuiteRunner.privateRun(SuiteRunner.java:277)
	at org.testng.SuiteRunner.run(SuiteRunner.java:240)
	at org.testng.SuiteRunnerWorker.runSuite(SuiteRunnerWorker.java:52)
	at org.testng.SuiteRunnerWorker.run(SuiteRunnerWorker.java:86)
	at org.testng.TestNG.runSuitesSequentially(TestNG.java:1198)
	at org.testng.TestNG.runSuitesLocally(TestNG.java:1123)
	at org.testng.TestNG.run(TestNG.java:1031)
	at org.testng.remote.AbstractRemoteTestNG.run(AbstractRemoteTestNG.java:115)
	at org.testng.remote.RemoteTestNG.initAndRun(RemoteTestNG.java:251)
	at org.testng.remote.RemoteTestNG.main(RemoteTestNG.java:77)
]]>
    </failure>
  </testcase> <!-- uploadCallWithValidCallerID -->
</testsuite> <!-- callupload.PostCallUpload -->
